WHYLIB is not set, using /home/work/.opam/astraver/lib/jessie as default
Parsing
Normalization
Typing logic labels
Typing code
Typing axiomatic Padding
Typing logic type declaration padding
Typing axiomatic Strlen
Typing axiomatic Padding
Typing tag voidP
Typing tag charP
Typing axiomatic Strlen
Typing lemma/axiom valid_str_shift1
Typing lemma/axiom valid_str_strend
Typing lemma/axiom strlen_before_null
Typing lemma/axiom strlen_at_null
Typing lemma/axiom strlen_shift
Typing lemma/axiom strlen_shift_ex
Typing lemma/axiom strlen_shift1
Typing lemma/axiom strlen_pointers
Typing lemma/axiom strlen_main
Typing lemma/axiom valid_str_shiftn
Computation of call graph
***********************************
Logic call graph: has 2 components
***********************************
Component 0:
 valid_str calls: 

Component 1:
 strlen calls: strlen

******************************
Call graph: has 2 components
******************************
Component 0:
 strlen calls: 

Component 1:
 strcat calls: strlen

Adding invariants
Computation of regions
Separation: treating function strlen
Separation: treating function strlen
Separation: treating function strcat
Separation: treating function strcat
Computation of effects
Effects: doing one iteration
Effects: doing one iteration
Effects: fixpoint reached
Effects for logic function valid_str:
 alloc_table: (s_2 : alloc-root "voidP") at (L)
 tag_table: 
 memories: (s_2 : mem-field "charM") at (L)
 raw memories: 
 precise memories: 
 globals: 
 locals: s at (Here)

Effects: doing one iteration
Effects: doing one iteration
Effects: fixpoint reached
Effects for logic function strlen:
 alloc_table: 
 tag_table: 
 memories: (s_2_3 : mem-field "charM") at (L)
 raw memories: 
 precise memories: 
 globals: 
 locals: s_2 at (Here)

Effects: doing one iteration...
Effects: doing one iteration...
Effects: doing one iteration...
Effects: doing one iteration...
Effects: fixpoint reached
Effects for function strlen:
 reads:  alloc_table: (s_4 : alloc-root "voidP") at (Here)
         tag_table: 
         memories: (s_4 : mem-field "charM") at (Here)
         raw memories: (s_4 : mem-field "charM") at (Here)
         precise memories: 
         globals: 
         locals: \result at (Here), s at (Here)

 writes:  alloc_table: 
          tag_table: 
          memories: 
          raw memories: 
          precise memories: 
          globals: 
          locals: 

 raises: 
Effects: doing one iteration...
Effects: doing one iteration...
Effects: doing one iteration...
Effects: doing one iteration...
Effects: fixpoint reached
Effects for function strcat:
 reads:  alloc_table: (src_5_6 : alloc-root "voidP") at (Here),
                      (dest_7_5 : alloc-root "voidP") at (Here, Old)
         tag_table: (src_5_6 : voidP) at (Here), (dest_7_5 : voidP) at (Here)
         memories: (src_5_6 : mem-field "charM") at (Here, Old),
                   (dest_7_5 : mem-field "charM") at (Here, Pre, Old)
         raw memories: (src_5_6 : mem-field "charM") at (Here),
                       (dest_7_5 : mem-field "charM") at (Here, Pre, Old)
         precise memories: 
         globals: 
         locals: tmp_3 at (Here), tmp_2 at (Here), tmp_1 at (Here),
                 tmp at (Here), \result at (Here), src_5 at (Here, Old),
                 dest_7 at (Here, Pre, Old)

 writes:  alloc_table: 
          tag_table: 
          memories: (dest_7_5 : mem-field "charM") at (Here, Old)
          raw memories: (dest_7_5 : mem-field "charM") at (Here, Old)
          precise memories: 
          globals: 
          locals: tmp_3 at (Here), tmp_2 at (Here), tmp_1 at (Here),
                  mdest at (Here), osrc at (Here), dest_len at (Here),
                  tmp at (Here), src_5 at (Here), dest_7 at (Here)

 raises: 
Translate logic types
Translate structures
all_allocs(tag charP):
  Found 1 allocs.
all_memories(tag charP):
  Found 0 memories.
all_memories(tag charP):
  Found 0 memories.
all_allocs(tag charP):
  Found 1 allocs.
all_allocs(tag charP):
  Found 1 allocs.
all_memories(tag charP):
  Found 0 memories.
all_allocs(tag charP):
  Found 1 allocs.
all_tags(tag charP):
  Found 1 tags.
all_memories(tag charP):
  Found 0 memories.
all_memories(tag charP):
  Found 0 memories.
all_tags(tag charP):
  Found 1 tags.
all_memories(tag charP):
  Found 0 memories.
all_tags(tag charP):
  Found 1 tags.
all_memories(tag charP):
  Found 0 memories.
all_tags(tag charP):
  Found 1 tags.
all_memories(tag charP):
  Found 0 memories.
all_allocs(tag charP):
  Found 1 allocs.
all_tags(tag charP):
  Found 1 tags.
all_memories(tag charP):
  Found 0 memories.
all_allocs(tag charP):
  Found 1 allocs.
all_memories(tag charP):
  Found 0 memories.
all_memories(tag charP):
  Found 0 memories.
all_allocs(tag charP):
  Found 1 allocs.
all_allocs(tag charP):
  Found 1 allocs.
all_memories(tag charP):
  Found 0 memories.
all_memories(tag charP):
  Found 0 memories.
all_allocs(tag charP):
  Found 1 allocs.
all_allocs(tag charP):
  Found 1 allocs.
all_memories(tag charP):
  Found 0 memories.
all_allocs(tag charP):
  Found 1 allocs.
all_tags(tag charP):
  Found 1 tags.
all_memories(tag charP):
  Found 0 memories.
all_memories(tag charP):
  Found 0 memories.
all_tags(tag charP):
  Found 1 tags.
all_memories(tag charP):
  Found 0 memories.
all_tags(tag charP):
  Found 1 tags.
all_memories(tag charP):
  Found 0 memories.
all_tags(tag charP):
  Found 1 tags.
all_memories(tag charP):
  Found 0 memories.
all_allocs(tag charP):
  Found 1 allocs.
all_tags(tag charP):
  Found 1 tags.
all_memories(tag charP):
  Found 0 memories.
all_allocs(tag charP):
  Found 1 allocs.
all_memories(tag charP):
  Found 0 memories.
all_memories(tag charP):
  Found 0 memories.
all_allocs(tag charP):
  Found 1 allocs.
all_allocs(tag charP):
  Found 1 allocs.
all_tags(tag charP):
  Found 1 tags.
all_memories(tag charP):
  Found 0 memories.
all_memories(tag charP):
  Found 0 memories.
all_tags(tag charP):
  Found 1 tags.
all_memories(tag charP):
  Found 0 memories.
all_tags(tag charP):
  Found 1 tags.
all_memories(tag charP):
  Found 0 memories.
all_tags(tag charP):
  Found 1 tags.
all_memories(tag charP):
  Found 0 memories.
all_allocs(tag charP):
  Found 1 allocs.
all_tags(tag charP):
  Found 1 tags.
all_memories(tag charP):
  Found 0 memories.
all_allocs(tag charP):
  Found 1 allocs.
all_memories(tag charP):
  Found 0 memories.
all_memories(tag charP):
  Found 0 memories.
all_allocs(tag charP):
  Found 1 allocs.
all_tags(tag charP):
  Found 1 tags.
all_memories(tag charP):
  Found 0 memories.
all_allocs(tag charP):
  Found 1 allocs.
all_memories(tag charP):
  Found 0 memories.
all_allocs(tag charP):
  Found 1 allocs.
all_memories(tag charP):
  Found 0 memories.
all_memories(tag charP):
  Found 0 memories.
all_tags(tag charP):
  Found 1 tags.
all_memories(tag voidP):
  Found 0 memories.
all_tags(tag voidP):
  Found 1 tags.
all_memories(tag charP):
  Found 0 memories.
all_allocs(tag charP):
  Found 1 allocs.
all_memories(tag voidP):
  Found 0 memories.
all_allocs(tag voidP):
  Found 1 allocs.
all_memories(tag charP):
  Found 0 memories.
all_tags(tag charP):
  Found 1 tags.
all_memories(tag charP):
  Found 0 memories.
all_tags(tag charP):
  Found 1 tags.
all_memories(tag charP):
  Found 0 memories.
all_tags(tag charP):
  Found 1 tags.
all_memories(tag charP):
  Found 0 memories.
all_tags(tag charP):
  Found 1 tags.
all_memories(tag charP):
  Found 0 memories.
all_tags(tag charP):
  Found 1 tags.
all_memories(tag charP):
  Found 0 memories.
all_tags(tag charP):
  Found 1 tags.
all_memories(tag charP):
  Found 0 memories.
all_allocs(tag charP):
  Found 1 allocs.
all_memories(tag voidP):
  Found 0 memories.
all_allocs(tag voidP):
  Found 1 allocs.
all_memories(tag charP):
  Found 0 memories.
all_allocs(tag charP):
  Found 1 allocs.
all_memories(tag voidP):
  Found 0 memories.
all_allocs(tag voidP):
  Found 1 allocs.
all_memories(tag charP):
  Found 0 memories.
all_allocs(tag charP):
  Found 1 allocs.
all_memories(tag voidP):
  Found 0 memories.
all_allocs(tag voidP):
  Found 1 allocs.
all_memories(tag charP):
  Found 0 memories.
all_allocs(tag charP):
  Found 1 allocs.
all_memories(tag voidP):
  Found 0 memories.
all_allocs(tag voidP):
  Found 1 allocs.
all_allocs(tag voidP):
  Found 1 allocs.
all_memories(tag voidP):
  Found 0 memories.
all_memories(tag voidP):
  Found 0 memories.
all_allocs(tag voidP):
  Found 1 allocs.
all_allocs(tag voidP):
  Found 1 allocs.
all_memories(tag voidP):
  Found 0 memories.
all_allocs(tag voidP):
  Found 1 allocs.
all_tags(tag voidP):
  Found 1 tags.
all_memories(tag voidP):
  Found 0 memories.
all_memories(tag voidP):
  Found 0 memories.
all_tags(tag voidP):
  Found 1 tags.
all_memories(tag voidP):
  Found 0 memories.
all_tags(tag voidP):
  Found 1 tags.
all_memories(tag voidP):
  Found 0 memories.
all_tags(tag voidP):
  Found 1 tags.
all_memories(tag voidP):
  Found 0 memories.
all_allocs(tag voidP):
  Found 1 allocs.
all_tags(tag voidP):
  Found 1 tags.
all_memories(tag voidP):
  Found 0 memories.
all_allocs(tag voidP):
  Found 1 allocs.
all_memories(tag voidP):
  Found 0 memories.
all_memories(tag voidP):
  Found 0 memories.
all_allocs(tag voidP):
  Found 1 allocs.
all_allocs(tag voidP):
  Found 1 allocs.
all_memories(tag voidP):
  Found 0 memories.
all_memories(tag voidP):
  Found 0 memories.
all_allocs(tag voidP):
  Found 1 allocs.
all_allocs(tag voidP):
  Found 1 allocs.
all_memories(tag voidP):
  Found 0 memories.
all_allocs(tag voidP):
  Found 1 allocs.
all_tags(tag voidP):
  Found 1 tags.
all_memories(tag voidP):
  Found 0 memories.
all_memories(tag voidP):
  Found 0 memories.
all_tags(tag voidP):
  Found 1 tags.
all_memories(tag voidP):
  Found 0 memories.
all_tags(tag voidP):
  Found 1 tags.
all_memories(tag voidP):
  Found 0 memories.
all_tags(tag voidP):
  Found 1 tags.
all_memories(tag voidP):
  Found 0 memories.
all_allocs(tag voidP):
  Found 1 allocs.
all_tags(tag voidP):
  Found 1 tags.
all_memories(tag voidP):
  Found 0 memories.
all_allocs(tag voidP):
  Found 1 allocs.
all_memories(tag voidP):
  Found 0 memories.
all_memories(tag voidP):
  Found 0 memories.
all_allocs(tag voidP):
  Found 1 allocs.
all_allocs(tag voidP):
  Found 1 allocs.
all_tags(tag voidP):
  Found 1 tags.
all_memories(tag voidP):
  Found 0 memories.
all_memories(tag voidP):
  Found 0 memories.
all_tags(tag voidP):
  Found 1 tags.
all_memories(tag voidP):
  Found 0 memories.
all_tags(tag voidP):
  Found 1 tags.
all_memories(tag voidP):
  Found 0 memories.
all_tags(tag voidP):
  Found 1 tags.
all_memories(tag voidP):
  Found 0 memories.
all_allocs(tag voidP):
  Found 1 allocs.
all_tags(tag voidP):
  Found 1 tags.
all_memories(tag voidP):
  Found 0 memories.
all_allocs(tag voidP):
  Found 1 allocs.
all_memories(tag voidP):
  Found 0 memories.
all_memories(tag voidP):
  Found 0 memories.
all_allocs(tag voidP):
  Found 1 allocs.
all_tags(tag voidP):
  Found 1 tags.
all_memories(tag voidP):
  Found 0 memories.
all_allocs(tag voidP):
  Found 1 allocs.
all_memories(tag voidP):
  Found 0 memories.
all_allocs(tag voidP):
  Found 1 allocs.
all_memories(tag voidP):
  Found 0 memories.
all_memories(tag voidP):
  Found 0 memories.
all_tags(tag voidP):
  Found 1 tags.
all_memories(tag voidP):
  Found 0 memories.
all_allocs(tag voidP):
  Found 1 allocs.
all_memories(tag voidP):
  Found 0 memories.
all_tags(tag voidP):
  Found 1 tags.
all_memories(tag voidP):
  Found 0 memories.
all_tags(tag voidP):
  Found 1 tags.
all_memories(tag voidP):
  Found 0 memories.
all_tags(tag voidP):
  Found 1 tags.
all_memories(tag voidP):
  Found 0 memories.
all_tags(tag voidP):
  Found 1 tags.
all_memories(tag voidP):
  Found 0 memories.
all_tags(tag voidP):
  Found 1 tags.
all_memories(tag voidP):
  Found 0 memories.
all_tags(tag voidP):
  Found 1 tags.
all_memories(tag voidP):
  Found 0 memories.
all_allocs(tag voidP):
  Found 1 allocs.
all_memories(tag voidP):
  Found 0 memories.
all_allocs(tag voidP):
  Found 1 allocs.
all_memories(tag voidP):
  Found 0 memories.
all_allocs(tag voidP):
  Found 1 allocs.
all_memories(tag voidP):
  Found 0 memories.
all_allocs(tag voidP):
  Found 1 allocs.
Translate variants
Translate global regions
Translate exceptions
Translate enumerated types
Translate dummies
Translate standalone logic functions
Logic function valid_str
Logic function strlen
Translate axiomatic declarations
Axiomatic Padding
Axiomatic Strlen
Translate lemmas
Translate functions
Pre-treatement Function strlen
Pre-treatement Function strcat
Function strlen
Function strcat
Produce makefile
