WHYLIB is not set, using /home/work/.opam/astraver/lib/jessie as default
Parsing
Normalization
Typing logic labels
Typing code
Typing axiomatic Padding
Typing logic type declaration padding
Typing axiomatic Padding
Typing tag voidP
Typing tag charP
Typing tag _BoolP
Computation of call graph
***********************************
Logic call graph: has 3 components
***********************************
Component 0:
 kstrtobool_fmt_false calls: 

Component 1:
 kstrtobool_fmt_true calls: 

Component 2:
 kstrtobool_fmt calls: kstrtobool_fmt_false,
kstrtobool_fmt_true

******************************
Call graph: has 1 components
******************************
Component 0:
 kstrtobool calls: 

Adding invariants
Computation of regions
Separation: treating function kstrtobool
Separation: treating function kstrtobool
Computation of effects
Effects: doing one iteration
Effects: doing one iteration
Effects: fixpoint reached
Effects for logic function kstrtobool_fmt_false:
 alloc_table: 
 tag_table: 
 memories: (s_2 : mem-field "charM") at (L)
 raw memories: 
 precise memories: 
 globals: 
 locals: s at (Here)

Effects: doing one iteration
Effects: doing one iteration
Effects: fixpoint reached
Effects for logic function kstrtobool_fmt_true:
 alloc_table: 
 tag_table: 
 memories: (s_0_3 : mem-field "charM") at (L)
 raw memories: 
 precise memories: 
 globals: 
 locals: s_0 at (Here)

Effects: doing one iteration
Effects: doing one iteration
Effects: fixpoint reached
Effects for logic function kstrtobool_fmt:
 alloc_table: 
 tag_table: 
 memories: (s_1_4 : mem-field "charM") at (L)
 raw memories: 
 precise memories: 
 globals: 
 locals: s_1 at (Here)

Effects: doing one iteration...
Effects: doing one iteration...
Effects: doing one iteration...
Effects: doing one iteration...
Effects: fixpoint reached
Effects for function kstrtobool:
 reads:  alloc_table: (s_5 : alloc-root "voidP") at (Here),
                      (res_6 : alloc-root "_BoolP") at (Here, Old)
         tag_table: (s_5 : voidP) at (Here)
         memories: (res_6 : mem-field "_BoolM") at (Here),
                   (s_5 : mem-field "charM") at (Here)
         raw memories: (res_6 : mem-field "_BoolM") at (Here),
                       (s_5 : mem-field "charM") at (Here)
         precise memories: 
         globals: 
         locals: _jessie_4 at (Here), _jessie_6 at (Here),
                 __retres at (Here), \result at (Here), res at (Here),
                 s at (Here)

 writes:  alloc_table: 
          tag_table: 
          memories: (res_6 : mem-field "_BoolM") at (Here, Old)
          raw memories: (res_6 : mem-field "_BoolM") at (Here, Old)
          precise memories: 
          globals: 
          locals: __retres at (Here)

 raises: 
Translate logic types
Translate structures
all_allocs(tag _BoolP):
  Found 1 allocs.
all_memories(tag _BoolP):
  Found 0 memories.
all_memories(tag _BoolP):
  Found 0 memories.
all_allocs(tag _BoolP):
  Found 1 allocs.
all_allocs(tag _BoolP):
  Found 1 allocs.
all_memories(tag _BoolP):
  Found 0 memories.
all_allocs(tag _BoolP):
  Found 1 allocs.
all_tags(tag _BoolP):
  Found 1 tags.
all_memories(tag _BoolP):
  Found 0 memories.
all_memories(tag _BoolP):
  Found 0 memories.
all_tags(tag _BoolP):
  Found 1 tags.
all_memories(tag _BoolP):
  Found 0 memories.
all_tags(tag _BoolP):
  Found 1 tags.
all_memories(tag _BoolP):
  Found 0 memories.
all_tags(tag _BoolP):
  Found 1 tags.
all_memories(tag _BoolP):
  Found 0 memories.
all_allocs(tag _BoolP):
  Found 1 allocs.
all_tags(tag _BoolP):
  Found 1 tags.
all_memories(tag _BoolP):
  Found 0 memories.
all_allocs(tag _BoolP):
  Found 1 allocs.
all_memories(tag _BoolP):
  Found 0 memories.
all_memories(tag _BoolP):
  Found 0 memories.
all_allocs(tag _BoolP):
  Found 1 allocs.
all_allocs(tag _BoolP):
  Found 1 allocs.
all_memories(tag _BoolP):
  Found 0 memories.
all_memories(tag _BoolP):
  Found 0 memories.
all_allocs(tag _BoolP):
  Found 1 allocs.
all_allocs(tag _BoolP):
  Found 1 allocs.
all_memories(tag _BoolP):
  Found 0 memories.
all_allocs(tag _BoolP):
  Found 1 allocs.
all_tags(tag _BoolP):
  Found 1 tags.
all_memories(tag _BoolP):
  Found 0 memories.
all_memories(tag _BoolP):
  Found 0 memories.
all_tags(tag _BoolP):
  Found 1 tags.
all_memories(tag _BoolP):
  Found 0 memories.
all_tags(tag _BoolP):
  Found 1 tags.
all_memories(tag _BoolP):
  Found 0 memories.
all_tags(tag _BoolP):
  Found 1 tags.
all_memories(tag _BoolP):
  Found 0 memories.
all_allocs(tag _BoolP):
  Found 1 allocs.
all_tags(tag _BoolP):
  Found 1 tags.
all_memories(tag _BoolP):
  Found 0 memories.
all_allocs(tag _BoolP):
  Found 1 allocs.
all_memories(tag _BoolP):
  Found 0 memories.
all_memories(tag _BoolP):
  Found 0 memories.
all_allocs(tag _BoolP):
  Found 1 allocs.
all_allocs(tag _BoolP):
  Found 1 allocs.
all_tags(tag _BoolP):
  Found 1 tags.
all_memories(tag _BoolP):
  Found 0 memories.
all_memories(tag _BoolP):
  Found 0 memories.
all_tags(tag _BoolP):
  Found 1 tags.
all_memories(tag _BoolP):
  Found 0 memories.
all_tags(tag _BoolP):
  Found 1 tags.
all_memories(tag _BoolP):
  Found 0 memories.
all_tags(tag _BoolP):
  Found 1 tags.
all_memories(tag _BoolP):
  Found 0 memories.
all_allocs(tag _BoolP):
  Found 1 allocs.
all_tags(tag _BoolP):
  Found 1 tags.
all_memories(tag _BoolP):
  Found 0 memories.
all_allocs(tag _BoolP):
  Found 1 allocs.
all_memories(tag _BoolP):
  Found 0 memories.
all_memories(tag _BoolP):
  Found 0 memories.
all_allocs(tag _BoolP):
  Found 1 allocs.
all_tags(tag _BoolP):
  Found 1 tags.
all_memories(tag _BoolP):
  Found 0 memories.
all_allocs(tag _BoolP):
  Found 1 allocs.
all_memories(tag _BoolP):
  Found 0 memories.
all_allocs(tag _BoolP):
  Found 1 allocs.
all_memories(tag _BoolP):
  Found 0 memories.
all_memories(tag _BoolP):
  Found 0 memories.
all_tags(tag _BoolP):
  Found 1 tags.
all_memories(tag _BoolP):
  Found 0 memories.
all_allocs(tag _BoolP):
  Found 1 allocs.
all_memories(tag _BoolP):
  Found 0 memories.
all_tags(tag _BoolP):
  Found 1 tags.
all_memories(tag _BoolP):
  Found 0 memories.
all_tags(tag _BoolP):
  Found 1 tags.
all_memories(tag _BoolP):
  Found 0 memories.
all_tags(tag _BoolP):
  Found 1 tags.
all_memories(tag _BoolP):
  Found 0 memories.
all_tags(tag _BoolP):
  Found 1 tags.
all_memories(tag _BoolP):
  Found 0 memories.
all_tags(tag _BoolP):
  Found 1 tags.
all_memories(tag _BoolP):
  Found 0 memories.
all_tags(tag _BoolP):
  Found 1 tags.
all_memories(tag _BoolP):
  Found 0 memories.
all_allocs(tag _BoolP):
  Found 1 allocs.
all_memories(tag _BoolP):
  Found 0 memories.
all_allocs(tag _BoolP):
  Found 1 allocs.
all_memories(tag _BoolP):
  Found 0 memories.
all_allocs(tag _BoolP):
  Found 1 allocs.
all_memories(tag _BoolP):
  Found 0 memories.
all_allocs(tag _BoolP):
  Found 1 allocs.
all_allocs(tag charP):
  Found 1 allocs.
all_memories(tag charP):
  Found 0 memories.
all_memories(tag charP):
  Found 0 memories.
all_allocs(tag charP):
  Found 1 allocs.
all_allocs(tag charP):
  Found 1 allocs.
all_memories(tag charP):
  Found 0 memories.
all_allocs(tag charP):
  Found 1 allocs.
all_tags(tag charP):
  Found 1 tags.
all_memories(tag charP):
  Found 0 memories.
all_memories(tag charP):
  Found 0 memories.
all_tags(tag charP):
  Found 1 tags.
all_memories(tag charP):
  Found 0 memories.
all_tags(tag charP):
  Found 1 tags.
all_memories(tag charP):
  Found 0 memories.
all_tags(tag charP):
  Found 1 tags.
all_memories(tag charP):
  Found 0 memories.
all_allocs(tag charP):
  Found 1 allocs.
all_tags(tag charP):
  Found 1 tags.
all_memories(tag charP):
  Found 0 memories.
all_allocs(tag charP):
  Found 1 allocs.
all_memories(tag charP):
  Found 0 memories.
all_memories(tag charP):
  Found 0 memories.
all_allocs(tag charP):
  Found 1 allocs.
all_allocs(tag charP):
  Found 1 allocs.
all_memories(tag charP):
  Found 0 memories.
all_memories(tag charP):
  Found 0 memories.
all_allocs(tag charP):
  Found 1 allocs.
all_allocs(tag charP):
  Found 1 allocs.
all_memories(tag charP):
  Found 0 memories.
all_allocs(tag charP):
  Found 1 allocs.
all_tags(tag charP):
  Found 1 tags.
all_memories(tag charP):
  Found 0 memories.
all_memories(tag charP):
  Found 0 memories.
all_tags(tag charP):
  Found 1 tags.
all_memories(tag charP):
  Found 0 memories.
all_tags(tag charP):
  Found 1 tags.
all_memories(tag charP):
  Found 0 memories.
all_tags(tag charP):
  Found 1 tags.
all_memories(tag charP):
  Found 0 memories.
all_allocs(tag charP):
  Found 1 allocs.
all_tags(tag charP):
  Found 1 tags.
all_memories(tag charP):
  Found 0 memories.
all_allocs(tag charP):
  Found 1 allocs.
all_memories(tag charP):
  Found 0 memories.
all_memories(tag charP):
  Found 0 memories.
all_allocs(tag charP):
  Found 1 allocs.
all_allocs(tag charP):
  Found 1 allocs.
all_tags(tag charP):
  Found 1 tags.
all_memories(tag charP):
  Found 0 memories.
all_memories(tag charP):
  Found 0 memories.
all_tags(tag charP):
  Found 1 tags.
all_memories(tag charP):
  Found 0 memories.
all_tags(tag charP):
  Found 1 tags.
all_memories(tag charP):
  Found 0 memories.
all_tags(tag charP):
  Found 1 tags.
all_memories(tag charP):
  Found 0 memories.
all_allocs(tag charP):
  Found 1 allocs.
all_tags(tag charP):
  Found 1 tags.
all_memories(tag charP):
  Found 0 memories.
all_allocs(tag charP):
  Found 1 allocs.
all_memories(tag charP):
  Found 0 memories.
all_memories(tag charP):
  Found 0 memories.
all_allocs(tag charP):
  Found 1 allocs.
all_tags(tag charP):
  Found 1 tags.
all_memories(tag charP):
  Found 0 memories.
all_allocs(tag charP):
  Found 1 allocs.
all_memories(tag charP):
  Found 0 memories.
all_allocs(tag charP):
  Found 1 allocs.
all_memories(tag charP):
  Found 0 memories.
all_memories(tag charP):
  Found 0 memories.
all_tags(tag charP):
  Found 1 tags.
all_memories(tag voidP):
  Found 0 memories.
all_tags(tag voidP):
  Found 1 tags.
all_memories(tag charP):
  Found 0 memories.
all_allocs(tag charP):
  Found 1 allocs.
all_memories(tag voidP):
  Found 0 memories.
all_allocs(tag voidP):
  Found 1 allocs.
all_memories(tag charP):
  Found 0 memories.
all_tags(tag charP):
  Found 1 tags.
all_memories(tag charP):
  Found 0 memories.
all_tags(tag charP):
  Found 1 tags.
all_memories(tag charP):
  Found 0 memories.
all_tags(tag charP):
  Found 1 tags.
all_memories(tag charP):
  Found 0 memories.
all_tags(tag charP):
  Found 1 tags.
all_memories(tag charP):
  Found 0 memories.
all_tags(tag charP):
  Found 1 tags.
all_memories(tag charP):
  Found 0 memories.
all_tags(tag charP):
  Found 1 tags.
all_memories(tag charP):
  Found 0 memories.
all_allocs(tag charP):
  Found 1 allocs.
all_memories(tag voidP):
  Found 0 memories.
all_allocs(tag voidP):
  Found 1 allocs.
all_memories(tag charP):
  Found 0 memories.
all_allocs(tag charP):
  Found 1 allocs.
all_memories(tag voidP):
  Found 0 memories.
all_allocs(tag voidP):
  Found 1 allocs.
all_memories(tag charP):
  Found 0 memories.
all_allocs(tag charP):
  Found 1 allocs.
all_memories(tag voidP):
  Found 0 memories.
all_allocs(tag voidP):
  Found 1 allocs.
all_memories(tag charP):
  Found 0 memories.
all_allocs(tag charP):
  Found 1 allocs.
all_memories(tag voidP):
  Found 0 memories.
all_allocs(tag voidP):
  Found 1 allocs.
all_allocs(tag voidP):
  Found 1 allocs.
all_memories(tag voidP):
  Found 0 memories.
all_memories(tag voidP):
  Found 0 memories.
all_allocs(tag voidP):
  Found 1 allocs.
all_allocs(tag voidP):
  Found 1 allocs.
all_memories(tag voidP):
  Found 0 memories.
all_allocs(tag voidP):
  Found 1 allocs.
all_tags(tag voidP):
  Found 1 tags.
all_memories(tag voidP):
  Found 0 memories.
all_memories(tag voidP):
  Found 0 memories.
all_tags(tag voidP):
  Found 1 tags.
all_memories(tag voidP):
  Found 0 memories.
all_tags(tag voidP):
  Found 1 tags.
all_memories(tag voidP):
  Found 0 memories.
all_tags(tag voidP):
  Found 1 tags.
all_memories(tag voidP):
  Found 0 memories.
all_allocs(tag voidP):
  Found 1 allocs.
all_tags(tag voidP):
  Found 1 tags.
all_memories(tag voidP):
  Found 0 memories.
all_allocs(tag voidP):
  Found 1 allocs.
all_memories(tag voidP):
  Found 0 memories.
all_memories(tag voidP):
  Found 0 memories.
all_allocs(tag voidP):
  Found 1 allocs.
all_allocs(tag voidP):
  Found 1 allocs.
all_memories(tag voidP):
  Found 0 memories.
all_memories(tag voidP):
  Found 0 memories.
all_allocs(tag voidP):
  Found 1 allocs.
all_allocs(tag voidP):
  Found 1 allocs.
all_memories(tag voidP):
  Found 0 memories.
all_allocs(tag voidP):
  Found 1 allocs.
all_tags(tag voidP):
  Found 1 tags.
all_memories(tag voidP):
  Found 0 memories.
all_memories(tag voidP):
  Found 0 memories.
all_tags(tag voidP):
  Found 1 tags.
all_memories(tag voidP):
  Found 0 memories.
all_tags(tag voidP):
  Found 1 tags.
all_memories(tag voidP):
  Found 0 memories.
all_tags(tag voidP):
  Found 1 tags.
all_memories(tag voidP):
  Found 0 memories.
all_allocs(tag voidP):
  Found 1 allocs.
all_tags(tag voidP):
  Found 1 tags.
all_memories(tag voidP):
  Found 0 memories.
all_allocs(tag voidP):
  Found 1 allocs.
all_memories(tag voidP):
  Found 0 memories.
all_memories(tag voidP):
  Found 0 memories.
all_allocs(tag voidP):
  Found 1 allocs.
all_allocs(tag voidP):
  Found 1 allocs.
all_tags(tag voidP):
  Found 1 tags.
all_memories(tag voidP):
  Found 0 memories.
all_memories(tag voidP):
  Found 0 memories.
all_tags(tag voidP):
  Found 1 tags.
all_memories(tag voidP):
  Found 0 memories.
all_tags(tag voidP):
  Found 1 tags.
all_memories(tag voidP):
  Found 0 memories.
all_tags(tag voidP):
  Found 1 tags.
all_memories(tag voidP):
  Found 0 memories.
all_allocs(tag voidP):
  Found 1 allocs.
all_tags(tag voidP):
  Found 1 tags.
all_memories(tag voidP):
  Found 0 memories.
all_allocs(tag voidP):
  Found 1 allocs.
all_memories(tag voidP):
  Found 0 memories.
all_memories(tag voidP):
  Found 0 memories.
all_allocs(tag voidP):
  Found 1 allocs.
all_tags(tag voidP):
  Found 1 tags.
all_memories(tag voidP):
  Found 0 memories.
all_allocs(tag voidP):
  Found 1 allocs.
all_memories(tag voidP):
  Found 0 memories.
all_allocs(tag voidP):
  Found 1 allocs.
all_memories(tag voidP):
  Found 0 memories.
all_memories(tag voidP):
  Found 0 memories.
all_tags(tag voidP):
  Found 1 tags.
all_memories(tag voidP):
  Found 0 memories.
all_allocs(tag voidP):
  Found 1 allocs.
all_memories(tag voidP):
  Found 0 memories.
all_tags(tag voidP):
  Found 1 tags.
all_memories(tag voidP):
  Found 0 memories.
all_tags(tag voidP):
  Found 1 tags.
all_memories(tag voidP):
  Found 0 memories.
all_tags(tag voidP):
  Found 1 tags.
all_memories(tag voidP):
  Found 0 memories.
all_tags(tag voidP):
  Found 1 tags.
all_memories(tag voidP):
  Found 0 memories.
all_tags(tag voidP):
  Found 1 tags.
all_memories(tag voidP):
  Found 0 memories.
all_tags(tag voidP):
  Found 1 tags.
all_memories(tag voidP):
  Found 0 memories.
all_allocs(tag voidP):
  Found 1 allocs.
all_memories(tag voidP):
  Found 0 memories.
all_allocs(tag voidP):
  Found 1 allocs.
all_memories(tag voidP):
  Found 0 memories.
all_allocs(tag voidP):
  Found 1 allocs.
all_memories(tag voidP):
  Found 0 memories.
all_allocs(tag voidP):
  Found 1 allocs.
Translate variants
Translate global regions
Translate exceptions
Translate enumerated types
Translate dummies
Translate standalone logic functions
Logic function kstrtobool_fmt_false
Logic function kstrtobool_fmt_true
Logic function kstrtobool_fmt
Translate axiomatic declarations
Axiomatic Padding
Translate lemmas
Translate functions
Pre-treatement Function kstrtobool
Function kstrtobool
Produce makefile
