WHYLIB is not set, using /home/work/.opam/astraver/lib/jessie as default
Parsing
Normalization
Typing logic labels
Typing code
Typing axiomatic Padding
Typing logic type declaration padding
Typing axiomatic Jessie_memory_reinterpretation_predicates
Typing axiomatic Ctype
Typing axiomatic IntBase
Typing axiomatic CheckBytes8
Typing axiomatic Strlen
Typing axiomatic SkipSpaces
Typing axiomatic Strchr
Typing axiomatic Strchrnul
Typing axiomatic StrSpn
Typing axiomatic StrCSpn
Typing axiomatic memcpy_char
Typing axiomatic Strnlen
Typing axiomatic StrPBrk
Typing axiomatic Padding
Typing axiomatic Jessie_memory_reinterpretation_predicates
Typing tag voidP
Typing tag charP
Typing tag unsigned_intP
Typing tag unsigned_charP
Typing tag _BoolP
Typing tag char_xP
Typing axiomatic Ctype
Typing lemma/axiom a
Typing lemma/axiom b
Typing lemma/axiom c
Typing lemma/axiom d
Typing lemma/axiom e
Typing lemma/axiom f
Typing lemma/axiom g
Typing lemma/axiom h
Typing lemma/axiom i
Typing lemma/axiom j
Typing lemma/axiom k
Typing lemma/axiom l
Typing lemma/axiom m
Typing lemma/axiom n
Typing lemma/axiom o
Typing lemma/axiom p
Typing lemma/axiom q
Typing lemma/axiom r
Typing lemma/axiom s
Typing lemma/axiom t
Typing lemma/axiom u
Typing lemma/axiom v
Typing lemma/axiom w
Typing lemma/axiom x
Typing lemma/axiom y
Typing lemma/axiom z
Typing lemma/axiom pl
Typing lemma/axiom pu
Typing lemma/axiom tl
Typing lemma/axiom tu
occurrences table for axiom tu in axiomatic Ctype:
  147: 
  146:  ;
  152: 
  153:  ;
  151: 
  149: 
  154:  ;
  145: 
  150: 
  148: 
  
occurrences table for axiom tl in axiomatic Ctype:
  147: 
  146: 
  152: 
  153:  ;
  151: 
  149: 
  154:  ;
  145:  ;
  150: 
  148: 
  
occurrences table for axiom pu in axiomatic Ctype:
  147: 
  146: 
  152: 
  153: 
  151: 
  149: 
  154:  ;
  145:  ;
  150: 
  148: 
  
occurrences table for axiom pl in axiomatic Ctype:
  147: 
  146:  ;
  152: 
  153:  ;
  151: 
  149: 
  154: 
  145: 
  150: 
  148: 
  
occurrences table for axiom z in axiomatic Ctype:
  147: 
  146: 
  152: 
  153:  ;
  151: 
  149: 
  154: 
  145: 
  150: 
  148: 
  
occurrences table for axiom y in axiomatic Ctype:
  147: 
  146: 
  152: 
  153:  ;
  151: 
  149: 
  154: 
  145: 
  150: 
  148: 
  
occurrences table for axiom x in axiomatic Ctype:
  147: 
  146: 
  152: 
  153:  ;
  151: 
  149: 
  154: 
  145: 
  150: 
  148: 
  
occurrences table for axiom w in axiomatic Ctype:
  147: 
  146: 
  152: 
  153:  ;
  151: 
  149: 
  154: 
  145: 
  150: 
  148: 
  
occurrences table for axiom v in axiomatic Ctype:
  147: 
  146: 
  152: 
  153:  ;
  151: 
  149: 
  154: 
  145: 
  150: 
  148: 
  
occurrences table for axiom u in axiomatic Ctype:
  147: 
  146: 
  152: 
  153:  ;
  151: 
  149: 
  154: 
  145: 
  150: 
  148: 
  
occurrences table for axiom t in axiomatic Ctype:
  147: 
  146: 
  152: 
  153:  ;
  151: 
  149: 
  154: 
  145: 
  150: 
  148: 
  
occurrences table for axiom s in axiomatic Ctype:
  147: 
  146: 
  152: 
  153:  ;
  151: 
  149: 
  154: 
  145: 
  150: 
  148: 
  
occurrences table for axiom r in axiomatic Ctype:
  147: 
  146: 
  152: 
  153:  ;
  151: 
  149: 
  154: 
  145: 
  150: 
  148: 
  
occurrences table for axiom q in axiomatic Ctype:
  147: 
  146: 
  152: 
  153:  ;
  151: 
  149: 
  154: 
  145: 
  150: 
  148: 
  
occurrences table for axiom p in axiomatic Ctype:
  147: 
  146: 
  152: 
  153:  ;
  151: 
  149: 
  154: 
  145: 
  150: 
  148: 
  
occurrences table for axiom o in axiomatic Ctype:
  147: 
  146: 
  152: 
  153:  ;
  151: 
  149: 
  154: 
  145: 
  150: 
  148: 
  
occurrences table for axiom n in axiomatic Ctype:
  147: 
  146: 
  152: 
  153:  ;
  151: 
  149: 
  154: 
  145: 
  150: 
  148: 
  
occurrences table for axiom m in axiomatic Ctype:
  147: 
  146: 
  152: 
  153:  ;
  151: 
  149: 
  154: 
  145: 
  150: 
  148: 
  
occurrences table for axiom l in axiomatic Ctype:
  147: 
  146: 
  152: 
  153:  ;
  151: 
  149: 
  154: 
  145: 
  150: 
  148: 
  
occurrences table for axiom k in axiomatic Ctype:
  147: 
  146: 
  152: 
  153:  ;
  151: 
  149: 
  154: 
  145: 
  150: 
  148: 
  
occurrences table for axiom j in axiomatic Ctype:
  147: 
  146: 
  152: 
  153:  ;
  151: 
  149: 
  154: 
  145: 
  150: 
  148: 
  
occurrences table for axiom i in axiomatic Ctype:
  147: 
  146: 
  152: 
  153:  ;
  151: 
  149: 
  154: 
  145: 
  150: 
  148: 
  
occurrences table for axiom h in axiomatic Ctype:
  147: 
  146: 
  152: 
  153:  ;
  151: 
  149: 
  154: 
  145: 
  150: 
  148: 
  
occurrences table for axiom g in axiomatic Ctype:
  147: 
  146: 
  152: 
  153:  ;
  151: 
  149: 
  154: 
  145: 
  150: 
  148: 
  
occurrences table for axiom f in axiomatic Ctype:
  147: 
  146: 
  152: 
  153:  ;
  151: 
  149: 
  154: 
  145: 
  150: 
  148: 
  
occurrences table for axiom e in axiomatic Ctype:
  147: 
  146: 
  152: 
  153:  ;
  151: 
  149: 
  154: 
  145: 
  150: 
  148: 
  
occurrences table for axiom d in axiomatic Ctype:
  147: 
  146: 
  152: 
  153:  ;
  151: 
  149: 
  154: 
  145: 
  150: 
  148: 
  
occurrences table for axiom c in axiomatic Ctype:
  147: 
  146: 
  152: 
  153:  ;
  151: 
  149: 
  154: 
  145: 
  150: 
  148: 
  
occurrences table for axiom b in axiomatic Ctype:
  147: 
  146: 
  152: 
  153:  ;
  151: 
  149: 
  154: 
  145: 
  150: 
  148: 
  
occurrences table for axiom a in axiomatic Ctype:
  147: 
  146: 
  152: 
  153:  ;
  151: 
  149: 
  154: 
  145: 
  150: 
  148: 
  
Typing axiomatic IntBase
Typing axiomatic CheckBytes8
Typing lemma/axiom check_bytes8_shift1
Typing lemma/axiom check_bytes8_stop
Typing lemma/axiom check_bytes8_stop_bytes_zero
Typing axiomatic Strlen
Typing lemma/axiom valid_str_shift1
Typing lemma/axiom valid_str_strend
Typing lemma/axiom strlen_before_null
Typing lemma/axiom strlen_at_null
Typing lemma/axiom strlen_shift
Typing lemma/axiom strlen_shift_ex
Typing lemma/axiom strlen_shift1
Typing lemma/axiom strlen_pointers
Typing lemma/axiom strlen_main
Typing lemma/axiom valid_str_shiftn
Typing axiomatic SkipSpaces
Typing lemma/axiom skip_spaces_defn
Typing lemma/axiom skip_spaces_deref
Typing lemma/axiom skip_spaces_range
Typing lemma/axiom skip_spaces_iter_one
Typing lemma/axiom skip_spaces_base_addr
Typing lemma/axiom skip_spaces_same
Typing lemma/axiom skipped_are_spaces
Typing axiomatic Strchr
Typing lemma/axiom strchr_mem
Typing lemma/axiom strchr_iter_one
Typing lemma/axiom strchr_res
Typing lemma/axiom strchr_at_end_zero
Typing lemma/axiom strchr_at_end_char
Typing lemma/axiom strchr_defn
Typing lemma/axiom strchr_skipped
Typing axiomatic Strchrnul
Typing lemma/axiom strchrnul_mem
Typing lemma/axiom strchrnul_iter_one
Typing lemma/axiom strchrnul_res
Typing lemma/axiom strchrnul_strlen
Typing lemma/axiom strchrnul_at_end
Typing lemma/axiom strchrnul_defn
Typing lemma/axiom strchrnul_skipped
Typing axiomatic StrSpn
Typing lemma/axiom in_array_shift1
Typing lemma/axiom in_array_true
Typing lemma/axiom in_array_false
Typing lemma/axiom strspn_strend
Typing lemma/axiom strspn_empty_accept
Typing lemma/axiom strspn_range
Typing lemma/axiom strspn_shift1
Typing lemma/axiom strspn_stop_not_in_accept
Typing axiomatic StrCSpn
Typing lemma/axiom strcspn_strend
Typing lemma/axiom strcspn_empty_reject
Typing lemma/axiom strcspn_range
Typing lemma/axiom strcspn_shift1
Typing lemma/axiom strcspn_stop_in_reject
Typing axiomatic memcpy_char
Typing axiomatic Strnlen
Typing lemma/axiom valid_strn_shift1
Typing lemma/axiom valid_str_to_valid_strn
Typing lemma/axiom strnlen_range
Typing lemma/axiom strnlen_null
Typing lemma/axiom strnlen_zero_count
Typing lemma/axiom strnlen_min_len
Typing lemma/axiom strnlen_before_zero
Typing lemma/axiom strnlen_at_zero
Typing lemma/axiom strnlen_at_cnt
Typing lemma/axiom strnlen_zero
Typing lemma/axiom strnlen_cnt
Typing lemma/axiom strnlen_shift
Typing lemma/axiom strnlen_shift_ex
Typing lemma/axiom strnlen_shift1
Typing lemma/axiom strnlen_cmp
Typing lemma/axiom strnlen_less
Typing lemma/axiom valid_str_strn
Typing axiomatic StrPBrk
Typing lemma/axiom strpbrk_strend
Typing lemma/axiom strpbrk_empty_ct
Typing lemma/axiom strpbrk_range
Typing lemma/axiom strpbrk_shift1
Typing lemma/axiom strpbrk_stop_in_ct
Computation of call graph
***********************************
Logic call graph: has 36 components
***********************************
Component 0:

Component 1:
 uint8_as_uint8 calls: \uint8_as_uint8

Component 2:
 complement_to_uint8 calls: 

Component 3:

Component 4:
 uint8_as_int8 calls: \uint8_as_int8, uint8_as_uint8,
complement_to_uint8

Component 5:

Component 6:
 int8_as_uint8 calls: \int8_as_uint8, uint8_as_uint8,
complement_to_uint8

Component 7:
 islower calls: 

Component 8:
 isupper calls: 

Component 9:
 isalpha calls: islower,
isupper

Component 10:
 isdigit calls: 

Component 11:
 isodigit calls: 

Component 12:
 isalnum calls: isalpha,
isdigit

Component 13:
 isspace calls: 

Component 14:
 isxdigit calls: isdigit

Component 15:
 toupper calls: tolower, tolower, tolower, tolower, tolower,
tolower, tolower, tolower, tolower, tolower, tolower, tolower, tolower,
tolower, tolower, tolower, tolower, tolower, tolower, tolower, tolower,
tolower, tolower, tolower, tolower, tolower, tolower, isupper, toupper,
islower, tolower, toupper, islower, toupper, tolower,
isupper

 tolower calls: tolower, tolower, tolower, tolower, tolower, tolower,
tolower, tolower, tolower, tolower, tolower, tolower, tolower, tolower,
tolower, tolower, tolower, tolower, tolower, tolower, tolower, tolower,
tolower, tolower, tolower, tolower, tolower, isupper, toupper, islower,
tolower, toupper, islower, toupper, tolower,
isupper

Component 16:
 is_hex calls: isxdigit,
tolower

Component 17:
 is_oct calls: is_hex

Component 18:
 is_dec calls: is_oct,
is_hex

Component 19:
 check_bytes8 calls: check_bytes8

Component 20:
 kstrtobool_fmt_false calls: 

Component 21:
 kstrtobool_fmt_true calls: 

Component 22:
 kstrtobool_fmt calls: kstrtobool_fmt_false,
kstrtobool_fmt_true

Component 23:
 valid_str calls: 

Component 24:
 strlen calls: strlen

Component 25:
 skip_spaces calls: skip_spaces, isspace, isspace, strlen,
valid_str, isspace, skip_spaces, valid_str, strlen, skip_spaces, strlen,
skip_spaces, skip_spaces, skip_spaces, valid_str, skip_spaces, skip_spaces,
isspace, valid_str, skip_spaces, valid_str, skip_spaces, isspace, isspace,
skip_spaces,
valid_str

Component 26:
 strchr calls: strchr

Component 27:
 strchrnul calls: strchrnul

Component 28:
 in_array calls: strlen,
strlen

Component 29:
 strspn calls: in_array, in_array, valid_str, in_array,
valid_str, in_array, valid_str, strspn, strspn, strlen, strspn, strspn,
valid_str, valid_str, strspn, strspn, in_array, valid_str, valid_str, strspn,
in_array, valid_str,
valid_str

Component 30:
 strcspn calls: strcspn, strlen, strcspn, valid_str, valid_str,
strlen, strcspn, strcspn, valid_str, valid_str, strcspn, strcspn, in_array,
valid_str, valid_str, strcspn, in_array, valid_str,
valid_str

Component 31:
 memcmp_char calls: 

Component 32:
 separated_char calls: 

Component 33:
 valid_strn calls: 

Component 34:
 strnlen calls: strnlen

Component 35:
 strpbrk calls: strpbrk, strpbrk, valid_str, valid_str,
strpbrk, strlen, strpbrk, strlen, strpbrk, strpbrk, strpbrk, strlen, strpbrk,
strlen, strpbrk, strpbrk, strpbrk, strpbrk, valid_str, valid_str, strpbrk,
strpbrk, in_array, valid_str, valid_str, strpbrk, in_array, valid_str,
valid_str

******************************
Call graph: has 41 components
******************************
Component 0:
 isalnum calls: 

Component 1:
 isalpha calls: 

Component 2:
 islower calls: 

Component 3:
 isspace calls: 

Component 4:
 isupper calls: 

Component 5:
 isxdigit calls: 

Component 6:
 isascii calls: 

Component 7:
 isdigit calls: 

Component 8:
 __tolower calls: 

Component 9:
 __toupper calls: 

Component 10:
 tolower calls: 

Component 11:
 toupper calls: 

Component 12:
 _tolower calls: 

Component 13:
 isodigit calls: 

Component 14:
 _parse_integer_fixup_radix calls: _tolower, isxdigit,
_tolower

Component 15:
 check_bytes8 calls: 

Component 16:
 kstrtobool calls: 

Component 17:
 memchr calls: 

Component 18:
 memcmp calls: 

Component 19:
 memcpy calls: 

Component 20:
 memmove calls: 

Component 21:
 memscan calls: 

Component 22:
 memset calls: 

Component 23:
 skip_spaces calls: isspace

Component 24:
 strcasecmp calls: tolower,
tolower

Component 25:
 strlen calls: 

Component 26:
 strcat calls: strlen

Component 27:
 strchr calls: 

Component 28:
 strchrnul calls: 

Component 29:
 strcmp calls: 

Component 30:
 strcpy calls: 

Component 31:
 strcspn calls: 

Component 32:
 memcpy_char_0 calls: 

Component 33:
 strlcpy calls: memcpy_char_0,
strlen

Component 34:
 strnchr calls: 

Component 35:
 strncmp calls: 

Component 36:
 strnlen calls: 

Component 37:
 strpbrk calls: 

Component 38:
 strrchr calls: 

Component 39:
 strsep calls: strpbrk

Component 40:
 strspn calls: 

Adding invariants
Computation of regions
Separation: treating function isalnum
Separation: treating function isalnum
Separation: treating function isalpha
Separation: treating function isalpha
Separation: treating function islower
Separation: treating function islower
Separation: treating function isspace
Separation: treating function isspace
Separation: treating function isupper
Separation: treating function isupper
Separation: treating function isxdigit
Separation: treating function isxdigit
Separation: treating function isascii
Separation: treating function isascii
Separation: treating function isdigit
Separation: treating function isdigit
Separation: treating function __tolower
Separation: treating function __tolower
Separation: treating function __toupper
Separation: treating function __toupper
Separation: treating function tolower
Separation: treating function tolower
Separation: treating function toupper
Separation: treating function toupper
Separation: treating function _tolower
Separation: treating function _tolower
Separation: treating function isodigit
Separation: treating function isodigit
Separation: treating function _parse_integer_fixup_radix
Separation: treating function _parse_integer_fixup_radix
Separation: treating function check_bytes8
Separation: treating function check_bytes8
Separation: treating function kstrtobool
Separation: treating function kstrtobool
Separation: treating function memchr
Separation: treating function memchr
Separation: treating function memcmp
Separation: treating function memcmp
Separation: treating function memcpy
Separation: treating function memcpy
Separation: treating function memmove
Separation: treating function memmove
Separation: treating function memscan
Separation: treating function memscan
Separation: treating function memset
Separation: treating function memset
Separation: treating function skip_spaces
Separation: treating function skip_spaces
Separation: treating function strcasecmp
Separation: treating function strcasecmp
Separation: treating function strlen
Separation: treating function strlen
Separation: treating function strcat
Separation: treating function strcat
Separation: treating function strchr
Separation: treating function strchr
Separation: treating function strchrnul
Separation: treating function strchrnul
Separation: treating function strcmp
Separation: treating function strcmp
Separation: treating function strcpy
Separation: treating function strcpy
Separation: treating function strcspn
Separation: treating function strcspn
Separation: treating function memcpy_char_0
Separation: treating function memcpy_char_0
Separation: treating function strlcpy
Separation: treating function strlcpy
Separation: treating function strnchr
Separation: treating function strnchr
Separation: treating function strncmp
Separation: treating function strncmp
Separation: treating function strnlen
Separation: treating function strnlen
Separation: treating function strpbrk
Separation: treating function strpbrk
Separation: treating function strrchr
Separation: treating function strrchr
Separation: treating function strsep
Separation: treating function strsep
Separation: treating function strspn
Separation: treating function strspn
Computation of effects
Effects: doing one iteration
Effects: fixpoint reached
Effects: doing one iteration
Effects: doing one iteration
Effects: fixpoint reached
Effects for logic function uint8_as_uint8:
 alloc_table: 
 tag_table: 
 memories: 
 raw memories: 
 precise memories: 
 globals: 
 locals: a0 at (Here), d0 at (Here)

Effects: doing one iteration
Effects: doing one iteration
Effects: fixpoint reached
Effects for logic function complement_to_uint8:
 alloc_table: 
 tag_table: 
 memories: 
 raw memories: 
 precise memories: 
 globals: 
 locals: v at (Here)

Effects: doing one iteration
Effects: fixpoint reached
Effects: doing one iteration
Effects: doing one iteration
Effects: fixpoint reached
Effects for logic function uint8_as_int8:
 alloc_table: 
 tag_table: 
 memories: 
 raw memories: 
 precise memories: 
 globals: 
 locals: a0 at (Here), d0 at (Here)

Effects: doing one iteration
Effects: fixpoint reached
Effects: doing one iteration
Effects: doing one iteration
Effects: fixpoint reached
Effects for logic function int8_as_uint8:
 alloc_table: 
 tag_table: 
 memories: 
 raw memories: 
 precise memories: 
 globals: 
 locals: a0 at (Here), d0 at (Here)

Effects: doing one iteration
Effects: doing one iteration
Effects: fixpoint reached
Effects for logic function islower:
 alloc_table: 
 tag_table: 
 memories: 
 raw memories: 
 precise memories: 
 globals: 
 locals: c at (Here)

Effects: doing one iteration
Effects: doing one iteration
Effects: fixpoint reached
Effects for logic function isupper:
 alloc_table: 
 tag_table: 
 memories: 
 raw memories: 
 precise memories: 
 globals: 
 locals: c_0 at (Here)

Effects: doing one iteration
Effects: doing one iteration
Effects: fixpoint reached
Effects for logic function isalpha:
 alloc_table: 
 tag_table: 
 memories: 
 raw memories: 
 precise memories: 
 globals: 
 locals: c_1 at (Here)

Effects: doing one iteration
Effects: doing one iteration
Effects: fixpoint reached
Effects for logic function isdigit:
 alloc_table: 
 tag_table: 
 memories: 
 raw memories: 
 precise memories: 
 globals: 
 locals: c_2 at (Here)

Effects: doing one iteration
Effects: doing one iteration
Effects: fixpoint reached
Effects for logic function isodigit:
 alloc_table: 
 tag_table: 
 memories: 
 raw memories: 
 precise memories: 
 globals: 
 locals: c_3 at (Here)

Effects: doing one iteration
Effects: doing one iteration
Effects: fixpoint reached
Effects for logic function isalnum:
 alloc_table: 
 tag_table: 
 memories: 
 raw memories: 
 precise memories: 
 globals: 
 locals: c_4 at (Here)

Effects: doing one iteration
Effects: doing one iteration
Effects: fixpoint reached
Effects for logic function isspace:
 alloc_table: 
 tag_table: 
 memories: 
 raw memories: 
 precise memories: 
 globals: 
 locals: c_5 at (Here)

Effects: doing one iteration
Effects: doing one iteration
Effects: fixpoint reached
Effects for logic function isxdigit:
 alloc_table: 
 tag_table: 
 memories: 
 raw memories: 
 precise memories: 
 globals: 
 locals: c_6 at (Here)

Effects: doing one iteration
Effects: fixpoint reached
Effects for logic function toupper:
 alloc_table: 
 tag_table: 
 memories: 
 raw memories: 
 precise memories: 
 globals: 
 locals: 

Effects for logic function tolower:
 alloc_table: 
 tag_table: 
 memories: 
 raw memories: 
 precise memories: 
 globals: 
 locals: 

Effects: doing one iteration
Effects: doing one iteration
Effects: fixpoint reached
Effects for logic function is_hex:
 alloc_table: 
 tag_table: 
 memories: (s_2 : mem-field "charM") at (L)
 raw memories: 
 precise memories: 
 globals: 
 locals: s at (Here)

Effects: doing one iteration
Effects: doing one iteration
Effects: fixpoint reached
Effects for logic function is_oct:
 alloc_table: 
 tag_table: 
 memories: (s_0_3 : mem-field "charM") at (L)
 raw memories: 
 precise memories: 
 globals: 
 locals: s_0 at (Here)

Effects: doing one iteration
Effects: doing one iteration
Effects: fixpoint reached
Effects for logic function is_dec:
 alloc_table: 
 tag_table: 
 memories: (s_1_4 : mem-field "charM") at (L)
 raw memories: 
 precise memories: 
 globals: 
 locals: s_1 at (Here)

Effects: doing one iteration
Effects: doing one iteration
Effects: fixpoint reached
Effects for logic function check_bytes8:
 alloc_table: 
 tag_table: 
 memories: (start_8 : mem-field "unsigned_charM") at (L)
 raw memories: 
 precise memories: 
 globals: 
 locals: bytes at (Here), value at (Here), start at (Here)

Effects: doing one iteration
Effects: doing one iteration
Effects: fixpoint reached
Effects for logic function kstrtobool_fmt_false:
 alloc_table: 
 tag_table: 
 memories: (s_2_12 : mem-field "charM") at (L)
 raw memories: 
 precise memories: 
 globals: 
 locals: s_2 at (Here)

Effects: doing one iteration
Effects: doing one iteration
Effects: fixpoint reached
Effects for logic function kstrtobool_fmt_true:
 alloc_table: 
 tag_table: 
 memories: (s_3_13 : mem-field "charM") at (L)
 raw memories: 
 precise memories: 
 globals: 
 locals: s_3 at (Here)

Effects: doing one iteration
Effects: doing one iteration
Effects: fixpoint reached
Effects for logic function kstrtobool_fmt:
 alloc_table: 
 tag_table: 
 memories: (s_4_14 : mem-field "charM") at (L)
 raw memories: 
 precise memories: 
 globals: 
 locals: s_4 at (Here)

Effects: doing one iteration
Effects: doing one iteration
Effects: fixpoint reached
Effects for logic function valid_str:
 alloc_table: (s_5_31 : alloc-root "voidP") at (L)
 tag_table: 
 memories: (s_5_31 : mem-field "charM") at (L)
 raw memories: 
 precise memories: 
 globals: 
 locals: s_5 at (Here)

Effects: doing one iteration
Effects: doing one iteration
Effects: fixpoint reached
Effects for logic function strlen:
 alloc_table: 
 tag_table: 
 memories: (s_8_32 : mem-field "charM") at (L)
 raw memories: 
 precise memories: 
 globals: 
 locals: s_8 at (Here)

Effects: doing one iteration
Effects: fixpoint reached
Effects for logic function skip_spaces:
 alloc_table: 
 tag_table: 
 memories: 
 raw memories: 
 precise memories: 
 globals: 
 locals: 

Effects: doing one iteration
Effects: doing one iteration
Effects: fixpoint reached
Effects for logic function strchr:
 alloc_table: 
 tag_table: 
 memories: (str_7_42 : mem-field "charM") at (L)
 raw memories: 
 precise memories: 
 globals: 
 locals: c_13 at (Here), str_7 at (Here)

Effects: doing one iteration
Effects: doing one iteration
Effects: fixpoint reached
Effects for logic function strchrnul:
 alloc_table: 
 tag_table: 
 memories: (str_15_46 : mem-field "charM") at (L)
 raw memories: 
 precise memories: 
 globals: 
 locals: c_21 at (Here), str_15 at (Here)

Effects: doing one iteration
Effects: doing one iteration
Effects: fixpoint reached
Effects for logic function in_array:
 alloc_table: 
 tag_table: 
 memories: (s_17_55 : mem-field "charM") at (L)
 raw memories: 
 precise memories: 
 globals: 
 locals: c_28 at (Here), s_17 at (Here)

Effects: doing one iteration
Effects: fixpoint reached
Effects for logic function strspn:
 alloc_table: 
 tag_table: 
 memories: 
 raw memories: 
 precise memories: 
 globals: 
 locals: 

Effects: doing one iteration
Effects: fixpoint reached
Effects for logic function strcspn:
 alloc_table: 
 tag_table: 
 memories: 
 raw memories: 
 precise memories: 
 globals: 
 locals: 

Effects: doing one iteration
Effects: doing one iteration
Effects: fixpoint reached
Effects for logic function memcmp_char:
 alloc_table: (p2_1_66 : alloc-root "voidP") at (L2),
              (p1_1_65 : alloc-root "voidP") at (L1)
 tag_table: 
 memories: (p2_1_66 : mem-field "charM") at (L2),
           (p1_1_65 : mem-field "charM") at (L1)
 raw memories: 
 precise memories: 
 globals: 
 locals: n_3 at (Here), p2_1 at (Here), p1_1 at (Here)

Effects: doing one iteration
Effects: doing one iteration
Effects: fixpoint reached
Effects for logic function separated_char:
 alloc_table: (p2_2_68 : alloc-root "voidP") at (L2),
              (p1_2_67 : alloc-root "voidP") at (L1)
 tag_table: 
 memories: 
 raw memories: 
 precise memories: 
 globals: 
 locals: n_4 at (Here), p2_2 at (Here), p1_2 at (Here)

Effects: doing one iteration
Effects: doing one iteration
Effects: fixpoint reached
Effects for logic function valid_strn:
 alloc_table: (s_33_72 : alloc-root "voidP") at (L)
 tag_table: 
 memories: (s_33_72 : mem-field "charM") at (L)
 raw memories: 
 precise memories: 
 globals: 
 locals: cnt at (Here), s_33 at (Here)

Effects: doing one iteration
Effects: doing one iteration
Effects: fixpoint reached
Effects for logic function strnlen:
 alloc_table: 
 tag_table: 
 memories: (s_36_73 : mem-field "charM") at (L)
 raw memories: 
 precise memories: 
 globals: 
 locals: cnt_2 at (Here), s_36 at (Here)

Effects: doing one iteration
Effects: fixpoint reached
Effects for logic function strpbrk:
 alloc_table: 
 tag_table: 
 memories: 
 raw memories: 
 precise memories: 
 globals: 
 locals: 

Effects: doing one iteration...
Effects: doing one iteration...
Effects: doing one iteration...
Effects: fixpoint reached
Effects for function isalnum:
 reads:  alloc_table: 
         tag_table: 
         memories: 
         raw memories: 
         precise memories: 
         globals: 
         locals: \result at (Here), c_2 at (Here)

 writes:  alloc_table: 
          tag_table: 
          memories: 
          raw memories: 
          precise memories: 
          globals: 
          locals: 

 raises: 
Effects: doing one iteration...
Effects: doing one iteration...
Effects: doing one iteration...
Effects: fixpoint reached
Effects for function isalpha:
 reads:  alloc_table: 
         tag_table: 
         memories: 
         raw memories: 
         precise memories: 
         globals: 
         locals: \result at (Here), c_3 at (Here)

 writes:  alloc_table: 
          tag_table: 
          memories: 
          raw memories: 
          precise memories: 
          globals: 
          locals: 

 raises: 
Effects: doing one iteration...
Effects: doing one iteration...
Effects: doing one iteration...
Effects: fixpoint reached
Effects for function islower:
 reads:  alloc_table: 
         tag_table: 
         memories: 
         raw memories: 
         precise memories: 
         globals: 
         locals: \result at (Here), c_6 at (Here)

 writes:  alloc_table: 
          tag_table: 
          memories: 
          raw memories: 
          precise memories: 
          globals: 
          locals: 

 raises: 
Effects: doing one iteration...
Effects: doing one iteration...
Effects: doing one iteration...
Effects: fixpoint reached
Effects for function isspace:
 reads:  alloc_table: 
         tag_table: 
         memories: 
         raw memories: 
         precise memories: 
         globals: 
         locals: \result at (Here), c_8 at (Here)

 writes:  alloc_table: 
          tag_table: 
          memories: 
          raw memories: 
          precise memories: 
          globals: 
          locals: 

 raises: 
Effects: doing one iteration...
Effects: doing one iteration...
Effects: doing one iteration...
Effects: fixpoint reached
Effects for function isupper:
 reads:  alloc_table: 
         tag_table: 
         memories: 
         raw memories: 
         precise memories: 
         globals: 
         locals: \result at (Here), c_9 at (Here)

 writes:  alloc_table: 
          tag_table: 
          memories: 
          raw memories: 
          precise memories: 
          globals: 
          locals: 

 raises: 
Effects: doing one iteration...
Effects: doing one iteration...
Effects: doing one iteration...
Effects: fixpoint reached
Effects for function isxdigit:
 reads:  alloc_table: 
         tag_table: 
         memories: 
         raw memories: 
         precise memories: 
         globals: 
         locals: \result at (Here), c_10 at (Here)

 writes:  alloc_table: 
          tag_table: 
          memories: 
          raw memories: 
          precise memories: 
          globals: 
          locals: 

 raises: 
Effects: doing one iteration...
Effects: doing one iteration...
Effects: doing one iteration...
Effects: fixpoint reached
Effects for function isascii:
 reads:  alloc_table: 
         tag_table: 
         memories: 
         raw memories: 
         precise memories: 
         globals: 
         locals: \result at (Here), c_4 at (Here)

 writes:  alloc_table: 
          tag_table: 
          memories: 
          raw memories: 
          precise memories: 
          globals: 
          locals: 

 raises: 
Effects: doing one iteration...
Effects: doing one iteration...
Effects: doing one iteration...
Effects: fixpoint reached
Effects for function isdigit:
 reads:  alloc_table: 
         tag_table: 
         memories: 
         raw memories: 
         precise memories: 
         globals: 
         locals: \result at (Here), c_5 at (Here)

 writes:  alloc_table: 
          tag_table: 
          memories: 
          raw memories: 
          precise memories: 
          globals: 
          locals: 

 raises: 
Effects: doing one iteration...
Effects: doing one iteration...
Effects: doing one iteration...
Effects: fixpoint reached
Effects for function __tolower:
 reads:  alloc_table: 
         tag_table: 
         memories: 
         raw memories: 
         precise memories: 
         globals: 
         locals: \result at (Here), c at (Here)

 writes:  alloc_table: 
          tag_table: 
          memories: 
          raw memories: 
          precise memories: 
          globals: 
          locals: 

 raises: 
Effects: doing one iteration...
Effects: doing one iteration...
Effects: doing one iteration...
Effects: fixpoint reached
Effects for function __toupper:
 reads:  alloc_table: 
         tag_table: 
         memories: 
         raw memories: 
         precise memories: 
         globals: 
         locals: \result at (Here), c_0 at (Here)

 writes:  alloc_table: 
          tag_table: 
          memories: 
          raw memories: 
          precise memories: 
          globals: 
          locals: 

 raises: 
Effects: doing one iteration...
Effects: doing one iteration...
Effects: doing one iteration...
Effects: fixpoint reached
Effects for function tolower:
 reads:  alloc_table: 
         tag_table: 
         memories: 
         raw memories: 
         precise memories: 
         globals: 
         locals: \result at (Here), c_18 at (Here)

 writes:  alloc_table: 
          tag_table: 
          memories: 
          raw memories: 
          precise memories: 
          globals: 
          locals: 

 raises: 
Effects: doing one iteration...
Effects: doing one iteration...
Effects: doing one iteration...
Effects: fixpoint reached
Effects for function toupper:
 reads:  alloc_table: 
         tag_table: 
         memories: 
         raw memories: 
         precise memories: 
         globals: 
         locals: \result at (Here), c_19 at (Here)

 writes:  alloc_table: 
          tag_table: 
          memories: 
          raw memories: 
          precise memories: 
          globals: 
          locals: 

 raises: 
Effects: doing one iteration...
Effects: doing one iteration...
Effects: doing one iteration...
Effects: fixpoint reached
Effects for function _tolower:
 reads:  alloc_table: 
         tag_table: 
         memories: 
         raw memories: 
         precise memories: 
         globals: 
         locals: \result at (Here), c_1 at (Here)

 writes:  alloc_table: 
          tag_table: 
          memories: 
          raw memories: 
          precise memories: 
          globals: 
          locals: 

 raises: 
Effects: doing one iteration...
Effects: doing one iteration...
Effects: doing one iteration...
Effects: fixpoint reached
Effects for function isodigit:
 reads:  alloc_table: 
         tag_table: 
         memories: 
         raw memories: 
         precise memories: 
         globals: 
         locals: \result at (Here), c_7 at (Here)

 writes:  alloc_table: 
          tag_table: 
          memories: 
          raw memories: 
          precise memories: 
          globals: 
          locals: 

 raises: 
Effects: doing one iteration...
Effects: doing one iteration...
Effects: doing one iteration...
Effects: doing one iteration...
Effects: fixpoint reached
Effects for function _parse_integer_fixup_radix:
 reads:  alloc_table: (s_5 : alloc-root "voidP") at (Here),
                      (base_6 : alloc-root "unsigned_intP") at (Here, Old)
         tag_table: (s_5 : voidP) at (Here)
         memories: (base_6 : mem-field "unsigned_intM") at (Here),
                   (s_5 : mem-field "charM") at (Here)
         raw memories: (base_6 : mem-field "unsigned_intM") at (Here),
                       (s_5 : mem-field "charM") at (Here)
         precise memories: 
         globals: 
         locals: tmp_1 at (Here), tmp_0 at (Here), tmp at (Here),
                 \result at (Here), base at (Here), s at (Here, Old)

 writes:  alloc_table: 
          tag_table: 
          memories: (base_6 : mem-field "unsigned_intM") at (Here, Old)
          raw memories: (base_6 : mem-field "unsigned_intM") at (Here, Old)
          precise memories: 
          globals: 
          locals: tmp_1 at (Here), tmp_0 at (Here), tmp at (Here),
                  s at (Here)

 raises: 
Effects: doing one iteration...
Effects: doing one iteration...
Effects: doing one iteration...
Effects: doing one iteration...
Effects: fixpoint reached
Effects for function check_bytes8:
 reads:  alloc_table: (start_10 : alloc-root "voidP") at (Here)
         tag_table: (start_10 : voidP) at (Here)
         memories: (start_10 : mem-field "unsigned_charM") at (Here)
         raw memories: (start_10 : mem-field "unsigned_charM") at (Here)
         precise memories: 
         globals: 
         locals: __retres at (Here), \result at (Here), bytes at (Here, Old),
                 value at (Here), start at (Here, Old)

 writes:  alloc_table: 
          tag_table: 
          memories: 
          raw memories: 
          precise memories: 
          globals: 
          locals: __retres at (Here), obytes at (Here), ostart at (Here),
                  bytes at (Here), start at (Here)

 raises: 
Effects: doing one iteration...
Effects: doing one iteration...
Effects: doing one iteration...
Effects: doing one iteration...
Effects: fixpoint reached
Effects for function kstrtobool:
 reads:  alloc_table: (s_0_15 : alloc-root "voidP") at (Here),
                      (res_16 : alloc-root "_BoolP") at (Here, Old)
         tag_table: (s_0_15 : voidP) at (Here)
         memories: (res_16 : mem-field "_BoolM") at (Here),
                   (s_0_15 : mem-field "charM") at (Here)
         raw memories: (res_16 : mem-field "_BoolM") at (Here),
                       (s_0_15 : mem-field "charM") at (Here)
         precise memories: 
         globals: 
         locals: _jessie_8 at (Here), _jessie_10 at (Here),
                 __retres_0 at (Here), \result at (Here), res at (Here),
                 s_0 at (Here)

 writes:  alloc_table: 
          tag_table: 
          memories: (res_16 : mem-field "_BoolM") at (Here, Old)
          raw memories: (res_16 : mem-field "_BoolM") at (Here, Old)
          precise memories: 
          globals: 
          locals: __retres_0 at (Here)

 raises: 
Effects: doing one iteration...
Effects: doing one iteration...
Effects: doing one iteration...
Effects: doing one iteration...
Effects: fixpoint reached
Effects for function memchr:
 reads:  alloc_table: (s_1_17 : alloc-root "voidP") at (Here)
         tag_table: (s_1_17 : voidP) at (Here)
         memories: (s_1_17 : mem-field "unsigned_charM") at (Here)
         raw memories: (s_1_17 : mem-field "unsigned_charM") at (Here)
         precise memories: 
         globals: 
         locals: __retres_1 at (Here), tmp_0_1 at (Here), tmp_0_0 at (Here),
                 p at (Here), \result at (Here), n_1 at (Here, Pre, Old),
                 c_11 at (Here), s_1 at (Here)

 writes:  alloc_table: 
          tag_table: 
          memories: 
          raw memories: 
          precise memories: 
          globals: 
          locals: __retres_1 at (Here), tmp_0_1 at (Here), tmp_0_0 at (Here),
                  p at (Here), n_1 at (Here)

 raises: 
Effects: doing one iteration...
Effects: doing one iteration...
Effects: doing one iteration...
Effects: doing one iteration...
Effects: fixpoint reached
Effects for function memcmp:
 reads:  alloc_table: (ct_20 : alloc-root "voidP") at (Here),
                      (cs_19 : alloc-root "voidP") at (Here)
         tag_table: (ct_20 : voidP) at (Here), (cs_19 : voidP) at (Here)
         memories: (ct_20 : mem-field "unsigned_charM") at (Here),
                   (cs_19 : mem-field "unsigned_charM") at (Here)
         raw memories: (ct_20 : mem-field "unsigned_charM") at (Here),
                       (cs_19 : mem-field "unsigned_charM") at (Here)
         precise memories: 
         globals: 
         locals: __retres_2 at (Here), res_0 at (Here), su2 at (Here),
                 su1 at (Here), \result at (Here), count at (Here, Pre, Old),
                 ct at (Here), cs at (Here)

 writes:  alloc_table: 
          tag_table: 
          memories: 
          raw memories: 
          precise memories: 
          globals: 
          locals: __retres_2 at (Here), res_0 at (Here), su2 at (Here),
                  su1 at (Here), count at (Here)

 raises: 
Effects: doing one iteration...
Effects: doing one iteration...
Effects: doing one iteration...
Effects: doing one iteration...
Effects: fixpoint reached
Effects for function memcpy:
 reads:  alloc_table: (src_2_22 : alloc-root "voidP") at (Here),
                      (dest_2_21 : alloc-root "voidP") at (Here, Old)
         tag_table: (src_2_22 : voidP) at (Here),
                    (dest_2_21 : voidP) at (Here, Old)
         memories: (src_2_22 : mem-field "charM") at (Here),
                   (dest_2_21 : mem-field "charM") at (Here)
         raw memories: (src_2_22 : mem-field "charM") at (Here),
                       (dest_2_21 : mem-field "charM") at (Here)
         precise memories: 
         globals: 
         locals: tmp_2 at (Here), tmp_1_0 at (Here), tmp_0_3 at (Here),
                 s_12 at (Here), tmp_0_2 at (Here), count_0 at (Here, Old),
                 src_2 at (Here), dest_2 at (Here)

 writes:  alloc_table: 
          tag_table: 
          memories: (dest_2_21 : mem-field "charM") at (Here, Old)
          raw memories: (dest_2_21 : mem-field "charM") at (Here, Old)
          precise memories: 
          globals: 
          locals: tmp_2 at (Here), tmp_1_0 at (Here), tmp_0_3 at (Here),
                  ocount at (Here), s_12 at (Here), tmp_0_2 at (Here),
                  count_0 at (Here)

 raises: 
Effects: doing one iteration...
Effects: doing one iteration...
Effects: doing one iteration...
Effects: doing one iteration...
Effects: fixpoint reached
Effects for function memmove:
 reads:  alloc_table: (dest_5_24 : alloc-root "voidP") at (Here, Old)
         tag_table: (dest_5_24 : voidP) at (Here, Pre, Old)
         memories: (dest_5_24 : mem-field "charM") at (Here, Pre, Old)
         raw memories: (dest_5_24 : mem-field "charM") at (Here, Pre, Old)
         precise memories: 
         globals: 
         locals: tmp_3 at (Here), tmp_2_0 at (Here), tmp_1_1 at (Here),
                 tmp_0_5 at (Here), s_13 at (Here), tmp_0_4 at (Here),
                 count_1 at (Here, Old), src_5 at (Here), dest_5 at (Here)

 writes:  alloc_table: 
          tag_table: 
          memories: (dest_5_24 : mem-field "charM") at (Here, Old)
          raw memories: (dest_5_24 : mem-field "charM") at (Here, Old)
          precise memories: 
          globals: 
          locals: tmp_3 at (Here), tmp_2_0 at (Here), tmp_1_1 at (Here),
                  tmp_0_5 at (Here), s_13 at (Here), tmp_0_4 at (Here),
                  orig_count at (Here), count_1 at (Here)

 raises: 
Effects: doing one iteration...
Effects: doing one iteration...
Effects: doing one iteration...
Effects: doing one iteration...
Effects: fixpoint reached
Effects for function memscan:
 reads:  alloc_table: (addr_27 : alloc-root "voidP") at (Here)
         tag_table: (addr_27 : voidP) at (Here)
         memories: (addr_27 : mem-field "unsigned_charM") at (Here)
         raw memories: (addr_27 : mem-field "unsigned_charM") at (Here)
         precise memories: 
         globals: 
         locals: __retres_3 at (Here), p_0 at (Here), \result at (Here),
                 size_1 at (Here, Pre, Old), c_12 at (Here), addr at (Here)

 writes:  alloc_table: 
          tag_table: 
          memories: 
          raw memories: 
          precise memories: 
          globals: 
          locals: __retres_3 at (Here), p_0 at (Here), size_1 at (Here)

 raises: 
Effects: doing one iteration...
Effects: doing one iteration...
Effects: doing one iteration...
Effects: doing one iteration...
Effects: fixpoint reached
Effects for function memset:
 reads:  alloc_table: (s_2_29 : alloc-root "voidP") at (Here, Old)
         tag_table: (s_2_29 : voidP) at (Here, Old)
         memories: (s_2_29 : mem-field "charM") at (Here)
         raw memories: (s_2_29 : mem-field "charM") at (Here)
         precise memories: 
         globals: 
         locals: tmp_0_7 at (Here), tmp_0_6 at (Here), xs at (Here),
                 \result at (Here), count_2 at (Here, Old), c_13 at (Here),
                 s_2 at (Here)

 writes:  alloc_table: 
          tag_table: 
          memories: (s_2_29 : mem-field "charM") at (Here, Old)
          raw memories: (s_2_29 : mem-field "charM") at (Here, Old)
          precise memories: 
          globals: 
          locals: tmp_0_7 at (Here), tmp_0_6 at (Here), ocount_0 at (Here),
                  xs at (Here), count_2 at (Here)

 raises: 
Effects: doing one iteration...
Effects: doing one iteration...
Effects: doing one iteration...
Effects: doing one iteration...
Effects: fixpoint reached
Effects for function skip_spaces:
 reads:  alloc_table: (str_35 : alloc-root "voidP") at (Here)
         tag_table: (str_35 : voidP) at (Here)
         memories: (str_35 : mem-field "charM") at (Here)
         raw memories: (str_35 : mem-field "charM") at (Here)
         precise memories: 
         globals: 
         locals: __retres_4 at (Here), tmp_0_8 at (Here), \result at (Here),
                 str at (Here, Old)

 writes:  alloc_table: 
          tag_table: 
          memories: 
          raw memories: 
          precise memories: 
          globals: 
          locals: __retres_4 at (Here), tmp_0_8 at (Here), ostr at (Here),
                  str at (Here)

 raises: 
Effects: doing one iteration...
Effects: doing one iteration...
Effects: doing one iteration...
Effects: doing one iteration...
Effects: fixpoint reached
Effects for function strcasecmp:
 reads:  alloc_table: (s2_38 : alloc-root "voidP") at (Here),
                      (s1_37 : alloc-root "voidP") at (Here)
         tag_table: (s2_38 : voidP) at (Here), (s1_37 : voidP) at (Here)
         memories: (s2_38 : mem-field "charM") at (Here),
                   (s1_37 : mem-field "charM") at (Here)
         raw memories: (s2_38 : mem-field "charM") at (Here),
                       (s1_37 : mem-field "charM") at (Here)
         precise memories: 
         globals: 
         locals: __retres_5 at (Here), tmp_2_1 at (Here), tmp_1_2 at (Here),
                 tmp_0_10 at (Here), tmp_0_9 at (Here), c2 at (Here),
                 c1 at (Here), \result at (Here), s2 at (Here, Old),
                 s1 at (Here, Old)

 writes:  alloc_table: 
          tag_table: 
          memories: 
          raw memories: 
          precise memories: 
          globals: 
          locals: __retres_5 at (Here), res_1 at (Here), tmp_2_1 at (Here),
                  tmp_1_2 at (Here), tmp_0_10 at (Here), tmp_0_9 at (Here),
                  os2 at (Here), os1 at (Here), c2 at (Here), c1 at (Here),
                  s2 at (Here), s1 at (Here)

 raises: 
Effects: doing one iteration...
Effects: doing one iteration...
Effects: doing one iteration...
Effects: doing one iteration...
Effects: fixpoint reached
Effects for function strlen:
 reads:  alloc_table: (s_6_71 : alloc-root "voidP") at (Here)
         tag_table: (s_6_71 : voidP) at (Here)
         memories: (s_6_71 : mem-field "charM") at (Here)
         raw memories: (s_6_71 : mem-field "charM") at (Here)
         precise memories: 
         globals: 
         locals: __retres_10 at (Here), sc at (Here), \result at (Here),
                 s_6 at (Here)

 writes:  alloc_table: 
          tag_table: 
          memories: 
          raw memories: 
          precise memories: 
          globals: 
          locals: __retres_10 at (Here), sc at (Here)

 raises: 
Effects: doing one iteration...
Effects: doing one iteration...
Effects: doing one iteration...
Effects: doing one iteration...
Effects: fixpoint reached
Effects for function strcat:
 reads:  alloc_table: (src_7_40 : alloc-root "voidP") at (Here),
                      (dest_8_39 : alloc-root "voidP") at (Here, Old)
         tag_table: (src_7_40 : voidP) at (Here),
                    (dest_8_39 : voidP) at (Here)
         memories: (src_7_40 : mem-field "charM") at (Here, Old),
                   (dest_8_39 : mem-field "charM") at (Here, Pre, Old)
         raw memories: (src_7_40 : mem-field "charM") at (Here),
                       (dest_8_39 : mem-field "charM") at (Here, Pre, Old)
         precise memories: 
         globals: 
         locals: tmp_3_0 at (Here), tmp_2_2 at (Here), tmp_1_3 at (Here),
                 tmp_0_11 at (Here), \result at (Here), src_7 at (Here, Old),
                 dest_8 at (Here, Pre, Old)

 writes:  alloc_table: 
          tag_table: 
          memories: (dest_8_39 : mem-field "charM") at (Here, Old)
          raw memories: (dest_8_39 : mem-field "charM") at (Here, Old)
          precise memories: 
          globals: 
          locals: tmp_3_0 at (Here), tmp_2_2 at (Here), tmp_1_3 at (Here),
                  mdest at (Here), osrc at (Here), dest_len at (Here),
                  tmp_0_11 at (Here), src_7 at (Here), dest_8 at (Here)

 raises: 
Effects: doing one iteration...
Effects: doing one iteration...
Effects: doing one iteration...
Effects: doing one iteration...
Effects: fixpoint reached
Effects for function strchr:
 reads:  alloc_table: (s_3_44 : alloc-root "voidP") at (Here)
         tag_table: (s_3_44 : voidP) at (Here)
         memories: (s_3_44 : mem-field "charM") at (Here)
         raw memories: (s_3_44 : mem-field "charM") at (Here)
         precise memories: 
         globals: 
         locals: __retres_6 at (Here), \result at (Here), c_14 at (Here),
                 s_3 at (Here, Old)

 writes:  alloc_table: 
          tag_table: 
          memories: 
          raw memories: 
          precise memories: 
          globals: 
          locals: __retres_6 at (Here), os at (Here), s_3 at (Here)

 raises: 
Effects: doing one iteration...
Effects: doing one iteration...
Effects: doing one iteration...
Effects: doing one iteration...
Effects: fixpoint reached
Effects for function strchrnul:
 reads:  alloc_table: (s_4_48 : alloc-root "voidP") at (Here)
         tag_table: (s_4_48 : voidP) at (Here)
         memories: (s_4_48 : mem-field "charM") at (Here)
         raw memories: (s_4_48 : mem-field "charM") at (Here)
         precise memories: 
         globals: 
         locals: __retres_7 at (Here), \result at (Here), c_15 at (Here),
                 s_4 at (Here, Old)

 writes:  alloc_table: 
          tag_table: 
          memories: 
          raw memories: 
          precise memories: 
          globals: 
          locals: __retres_7 at (Here), os_0 at (Here), s_4 at (Here)

 raises: 
Effects: doing one iteration...
Effects: doing one iteration...
Effects: doing one iteration...
Effects: doing one iteration...
Effects: fixpoint reached
Effects for function strcmp:
 reads:  alloc_table: (ct_0_51 : alloc-root "voidP") at (Here),
                      (cs_0_50 : alloc-root "voidP") at (Here)
         tag_table: (ct_0_51 : voidP) at (Here), (cs_0_50 : voidP) at (Here)
         memories: (ct_0_51 : mem-field "charM") at (Here),
                   (cs_0_50 : mem-field "charM") at (Here)
         raw memories: (ct_0_51 : mem-field "charM") at (Here),
                       (cs_0_50 : mem-field "charM") at (Here)
         precise memories: 
         globals: 
         locals: __retres_8 at (Here), tmp_2_3 at (Here), tmp_1_4 at (Here),
                 tmp_0_13 at (Here), tmp_0_12 at (Here), c2_0 at (Here),
                 c1_0 at (Here), \result at (Here), ct_0 at (Here, Pre, Old),
                 cs_0 at (Here, Pre, Old)

 writes:  alloc_table: 
          tag_table: 
          memories: 
          raw memories: 
          precise memories: 
          globals: 
          locals: __retres_8 at (Here), tmp_2_3 at (Here), tmp_1_4 at (Here),
                  res_2 at (Here), tmp_0_13 at (Here), tmp_0_12 at (Here),
                  c2_0 at (Here), c1_0 at (Here), ct_0 at (Here),
                  cs_0 at (Here)

 raises: 
Effects: doing one iteration...
Effects: doing one iteration...
Effects: doing one iteration...
Effects: doing one iteration...
Effects: fixpoint reached
Effects for function strcpy:
 reads:  alloc_table: (src_8_53 : alloc-root "voidP") at (Here),
                      (dest_9_52 : alloc-root "voidP") at (Here, Old)
         tag_table: (src_8_53 : voidP) at (Here),
                    (dest_9_52 : voidP) at (Here)
         memories: (src_8_53 : mem-field "charM") at (Here, Old),
                   (dest_9_52 : mem-field "charM") at (Here)
         raw memories: (src_8_53 : mem-field "charM") at (Here),
                       (dest_9_52 : mem-field "charM") at (Here)
         precise memories: 
         globals: 
         locals: tmp_2_4 at (Here), tmp_1_5 at (Here), tmp_0_15 at (Here),
                 tmp_0_14 at (Here), \result at (Here), src_8 at (Here, Old),
                 dest_9 at (Here, Old)

 writes:  alloc_table: 
          tag_table: 
          memories: (dest_9_52 : mem-field "charM") at (Here, Old)
          raw memories: (dest_9_52 : mem-field "charM") at (Here, Old)
          precise memories: 
          globals: 
          locals: tmp_2_4 at (Here), tmp_1_5 at (Here), tmp_0_15 at (Here),
                  osrc_0 at (Here), tmp_0_14 at (Here), src_8 at (Here),
                  dest_9 at (Here)

 raises: 
Effects: doing one iteration...
Effects: doing one iteration...
Effects: doing one iteration...
Effects: doing one iteration...
Effects: fixpoint reached
Effects for function strcspn:
 reads:  alloc_table: (reject_61 : alloc-root "voidP") at (Here),
                      (s_5_60 : alloc-root "voidP") at (Here)
         tag_table: (reject_61 : voidP) at (Here), (s_5_60 : voidP) at (Here)
         memories: (reject_61 : mem-field "charM") at (Here),
                   (s_5_60 : mem-field "charM") at (Here)
         raw memories: (reject_61 : mem-field "charM") at (Here),
                       (s_5_60 : mem-field "charM") at (Here)
         precise memories: 
         globals: 
         locals: __retres_9 at (Here), count_6 at (Here), r at (Here),
                 p_1 at (Here), \result at (Here), reject at (Here),
                 s_5 at (Here)

 writes:  alloc_table: 
          tag_table: 
          memories: 
          raw memories: 
          precise memories: 
          globals: 
          locals: __retres_9 at (Here), count_6 at (Here), r at (Here),
                  p_1 at (Here)

 raises: 
Effects: doing one iteration...
Effects: doing one iteration...
Effects: doing one iteration...
Effects: doing one iteration...
Effects: fixpoint reached
Effects for function memcpy_char_0:
 reads:  alloc_table: (src_4_63 : alloc-root "voidP") at (Here),
                      (dest_4_62 : alloc-root "voidP") at (Here, Old)
         tag_table: 
         memories: (src_4_63 : mem-field "charM") at (Here),
                   (dest_4_62 : mem-field "charM") at (Here)
         raw memories: 
         precise memories: 
         globals: 
         locals: \result at (Here), n_4 at (Here), src_4 at (Here),
                 dest_4 at (Here)

 writes:  alloc_table: 
          tag_table: 
          memories: (dest_4_62 : mem-field "charM") at (Old)
          raw memories: (dest_4_62 : mem-field "charM") at (Old)
          precise memories: 
          globals: 
          locals: 

 raises: 
Effects: doing one iteration...
Effects: doing one iteration...
Effects: doing one iteration...
Effects: doing one iteration...
Effects: fixpoint reached
Effects for function strlcpy:
 reads:  alloc_table: (src_9_70 : alloc-root "voidP") at (Here),
                      (dest_10_69 : alloc-root "voidP") at (Here, Old)
         tag_table: (src_9_70 : voidP) at (Here),
                    (dest_10_69 : voidP) at (Here)
         memories: (src_9_70 : mem-field "charM") at (Here, Old),
                   (dest_10_69 : mem-field "charM") at (Here)
         raw memories: (src_9_70 : mem-field "charM") at (Here),
                       (dest_10_69 : mem-field "charM") at (Here)
         precise memories: 
         globals: 
         locals: tmp_0_16 at (Here), len at (Here), ret at (Here),
                 size_2 at (Here), src_9 at (Here), dest_10 at (Here)

 writes:  alloc_table: 
          tag_table: 
          memories: (dest_10_69 : mem-field "charM") at (Here, Old)
          raw memories: (dest_10_69 : mem-field "charM") at (Here, Old)
          precise memories: 
          globals: 
          locals: tmp_0_16 at (Here), len at (Here), ret at (Here)

 raises: 
Effects: doing one iteration...
Effects: doing one iteration...
Effects: doing one iteration...
Effects: doing one iteration...
Effects: fixpoint reached
Effects for function strnchr:
 reads:  alloc_table: (s_7_74 : alloc-root "voidP") at (Here)
         tag_table: (s_7_74 : voidP) at (Here)
         memories: (s_7_74 : mem-field "charM") at (Here)
         raw memories: (s_7_74 : mem-field "charM") at (Here)
         precise memories: 
         globals: 
         locals: __retres_11 at (Here), tmp_0_17 at (Here),
                 \result at (Here), c_16 at (Here), count_3 at (Here, Old),
                 s_7 at (Here, Old)

 writes:  alloc_table: 
          tag_table: 
          memories: 
          raw memories: 
          precise memories: 
          globals: 
          locals: __retres_11 at (Here), tmp_0_17 at (Here),
                  ocount_1 at (Here), os_1 at (Here), count_3 at (Here),
                  s_7 at (Here)

 raises: 
Effects: doing one iteration...
Effects: doing one iteration...
Effects: doing one iteration...
Effects: doing one iteration...
Effects: fixpoint reached
Effects for function strncmp:
 reads:  alloc_table: (ct_1_77 : alloc-root "voidP") at (Here),
                      (cs_1_76 : alloc-root "voidP") at (Here)
         tag_table: (ct_1_77 : voidP) at (Here), (cs_1_76 : voidP) at (Here)
         memories: (ct_1_77 : mem-field "charM") at (Here),
                   (cs_1_76 : mem-field "charM") at (Here)
         raw memories: (ct_1_77 : mem-field "charM") at (Here),
                       (cs_1_76 : mem-field "charM") at (Here)
         precise memories: 
         globals: 
         locals: __retres_12 at (Here), tmp_2_5 at (Here), tmp_1_6 at (Here),
                 tmp_0_19 at (Here), tmp_0_18 at (Here), c2_1 at (Here),
                 c1_1 at (Here), \result at (Here), count_4 at (Here, Old),
                 ct_1 at (Here, Old), cs_1 at (Here, Old)

 writes:  alloc_table: 
          tag_table: 
          memories: 
          raw memories: 
          precise memories: 
          globals: 
          locals: __retres_12 at (Here), tmp_2_5 at (Here),
                  tmp_1_6 at (Here), res_3 at (Here), tmp_0_19 at (Here),
                  tmp_0_18 at (Here), ocount_2 at (Here), oct at (Here),
                  ocs at (Here), c2_1 at (Here), c1_1 at (Here),
                  count_4 at (Here), ct_1 at (Here), cs_1 at (Here)

 raises: 
Effects: doing one iteration...
Effects: doing one iteration...
Effects: doing one iteration...
Effects: doing one iteration...
Effects: fixpoint reached
Effects for function strnlen:
 reads:  alloc_table: (s_8_78 : alloc-root "voidP") at (Here)
         tag_table: (s_8_78 : voidP) at (Here)
         memories: (s_8_78 : mem-field "charM") at (Here)
         raw memories: (s_8_78 : mem-field "charM") at (Here)
         precise memories: 
         globals: 
         locals: __retres_13 at (Here), tmp_0_20 at (Here), sc_0 at (Here),
                 \result at (Here), count_5 at (Here, Pre, Old),
                 s_8 at (Here)

 writes:  alloc_table: 
          tag_table: 
          memories: 
          raw memories: 
          precise memories: 
          globals: 
          locals: __retres_13 at (Here), tmp_0_20 at (Here), sc_0 at (Here),
                  count_5 at (Here)

 raises: 
Effects: doing one iteration...
Effects: doing one iteration...
Effects: doing one iteration...
Effects: doing one iteration...
Effects: fixpoint reached
Effects for function strpbrk:
 reads:  alloc_table: (ct_2_83 : alloc-root "voidP") at (Here),
                      (cs_2_82 : alloc-root "voidP") at (Here)
         tag_table: (ct_2_83 : voidP) at (Here), (cs_2_82 : voidP) at (Here)
         memories: (ct_2_83 : mem-field "charM") at (Here),
                   (cs_2_82 : mem-field "charM") at (Here)
         raw memories: (ct_2_83 : mem-field "charM") at (Here),
                       (cs_2_82 : mem-field "charM") at (Here)
         precise memories: 
         globals: 
         locals: __retres_14 at (Here), sc2 at (Here), sc1 at (Here),
                 \result at (Here), ct_2 at (Here), cs_2 at (Here)

 writes:  alloc_table: 
          tag_table: 
          memories: 
          raw memories: 
          precise memories: 
          globals: 
          locals: __retres_14 at (Here), sc2 at (Here), sc1 at (Here)

 raises: 
Effects: doing one iteration...
Effects: doing one iteration...
Effects: doing one iteration...
Effects: doing one iteration...
Effects: fixpoint reached
Effects for function strrchr:
 reads:  alloc_table: (s_9_85 : alloc-root "voidP") at (Here)
         tag_table: (s_9_85 : voidP) at (Here)
         memories: (s_9_85 : mem-field "charM") at (Here)
         raw memories: (s_9_85 : mem-field "charM") at (Here)
         precise memories: 
         globals: 
         locals: __retres_15 at (Here), tmp_0_21 at (Here), last at (Here),
                 \result at (Here), c_17 at (Here), s_9 at (Here, Old)

 writes:  alloc_table: 
          tag_table: 
          memories: 
          raw memories: 
          precise memories: 
          globals: 
          locals: __retres_15 at (Here), tmp_0_21 at (Here), os_2 at (Here),
                  last at (Here), s_9 at (Here)

 raises: 
Effects: doing one iteration...
Effects: doing one iteration...
Effects: doing one iteration...
Effects: doing one iteration...
Effects: fixpoint reached
Effects for function strsep:
 reads:  alloc_table: (result_89 : alloc-root "voidP") at (Here, Old),
                      (ct_3_88 : alloc-root "voidP") at (Here),
                      (s_10_87 : alloc-root "char_xP") at (Here, Old)
         tag_table: (result_89 : voidP) at (Here),
                    (ct_3_88 : voidP) at (Here)
         memories: (s_10_87 : mem-field "char_xM") at (Here, Old),
                   (result_89 : mem-field "charM") at (Here),
                   (ct_3_88 : mem-field "charM") at (Here)
         raw memories: (s_10_87 : mem-field "char_xM") at (Here, Old),
                       (result_89 : mem-field "charM") at (Here),
                       (ct_3_88 : mem-field "charM") at (Here)
         precise memories: 
         globals: 
         locals: __retres_16 at (Here), tmp_0_22 at (Here), end_0 at (Here),
                 sbegin at (Here), \result at (Here), ct_3 at (Here),
                 s_10 at (Here)

 writes:  alloc_table: 
          tag_table: 
          memories: (s_10_87 : mem-field "char_xM") at (Here, Old),
                    (result_89 : mem-field "charM") at (Here, Old)
          raw memories: (s_10_87 : mem-field "char_xM") at (Here, Old),
                        (result_89 : mem-field "charM") at (Here, Old)
          precise memories: 
          globals: 
          locals: __retres_16 at (Here), tmp_0_22 at (Here), end_0 at (Here),
                  sbegin at (Here)

 raises: 
Effects: doing one iteration...
Effects: doing one iteration...
Effects: doing one iteration...
Effects: doing one iteration...
Effects: fixpoint reached
Effects for function strspn:
 reads:  alloc_table: (accept_91 : alloc-root "voidP") at (Here),
                      (s_11_90 : alloc-root "voidP") at (Here)
         tag_table: (accept_91 : voidP) at (Here),
                    (s_11_90 : voidP) at (Here)
         memories: (accept_91 : mem-field "charM") at (Here),
                   (s_11_90 : mem-field "charM") at (Here)
         raw memories: (accept_91 : mem-field "charM") at (Here),
                       (s_11_90 : mem-field "charM") at (Here)
         precise memories: 
         globals: 
         locals: __retres_17 at (Here), count_7 at (Here), a at (Here),
                 p_2 at (Here), \result at (Here), accept at (Here),
                 s_11 at (Here)

 writes:  alloc_table: 
          tag_table: 
          memories: 
          raw memories: 
          precise memories: 
          globals: 
          locals: __retres_17 at (Here), count_7 at (Here), a at (Here),
                  p_2 at (Here)

 raises: 
Translate logic types
Translate structures
all_allocs(tag _BoolP):
  Found 1 allocs.
all_memories(tag _BoolP):
  Found 0 memories.
all_memories(tag _BoolP):
  Found 0 memories.
all_allocs(tag _BoolP):
  Found 1 allocs.
all_allocs(tag _BoolP):
  Found 1 allocs.
all_memories(tag _BoolP):
  Found 0 memories.
all_allocs(tag _BoolP):
  Found 1 allocs.
all_tags(tag _BoolP):
  Found 1 tags.
all_memories(tag _BoolP):
  Found 0 memories.
all_memories(tag _BoolP):
  Found 0 memories.
all_tags(tag _BoolP):
  Found 1 tags.
all_memories(tag _BoolP):
  Found 0 memories.
all_tags(tag _BoolP):
  Found 1 tags.
all_memories(tag _BoolP):
  Found 0 memories.
all_tags(tag _BoolP):
  Found 1 tags.
all_memories(tag _BoolP):
  Found 0 memories.
all_allocs(tag _BoolP):
  Found 1 allocs.
all_tags(tag _BoolP):
  Found 1 tags.
all_memories(tag _BoolP):
  Found 0 memories.
all_allocs(tag _BoolP):
  Found 1 allocs.
all_memories(tag _BoolP):
  Found 0 memories.
all_memories(tag _BoolP):
  Found 0 memories.
all_allocs(tag _BoolP):
  Found 1 allocs.
all_allocs(tag _BoolP):
  Found 1 allocs.
all_memories(tag _BoolP):
  Found 0 memories.
all_memories(tag _BoolP):
  Found 0 memories.
all_allocs(tag _BoolP):
  Found 1 allocs.
all_allocs(tag _BoolP):
  Found 1 allocs.
all_memories(tag _BoolP):
  Found 0 memories.
all_allocs(tag _BoolP):
  Found 1 allocs.
all_tags(tag _BoolP):
  Found 1 tags.
all_memories(tag _BoolP):
  Found 0 memories.
all_memories(tag _BoolP):
  Found 0 memories.
all_tags(tag _BoolP):
  Found 1 tags.
all_memories(tag _BoolP):
  Found 0 memories.
all_tags(tag _BoolP):
  Found 1 tags.
all_memories(tag _BoolP):
  Found 0 memories.
all_tags(tag _BoolP):
  Found 1 tags.
all_memories(tag _BoolP):
  Found 0 memories.
all_allocs(tag _BoolP):
  Found 1 allocs.
all_tags(tag _BoolP):
  Found 1 tags.
all_memories(tag _BoolP):
  Found 0 memories.
all_allocs(tag _BoolP):
  Found 1 allocs.
all_memories(tag _BoolP):
  Found 0 memories.
all_memories(tag _BoolP):
  Found 0 memories.
all_allocs(tag _BoolP):
  Found 1 allocs.
all_allocs(tag _BoolP):
  Found 1 allocs.
all_tags(tag _BoolP):
  Found 1 tags.
all_memories(tag _BoolP):
  Found 0 memories.
all_memories(tag _BoolP):
  Found 0 memories.
all_tags(tag _BoolP):
  Found 1 tags.
all_memories(tag _BoolP):
  Found 0 memories.
all_tags(tag _BoolP):
  Found 1 tags.
all_memories(tag _BoolP):
  Found 0 memories.
all_tags(tag _BoolP):
  Found 1 tags.
all_memories(tag _BoolP):
  Found 0 memories.
all_allocs(tag _BoolP):
  Found 1 allocs.
all_tags(tag _BoolP):
  Found 1 tags.
all_memories(tag _BoolP):
  Found 0 memories.
all_allocs(tag _BoolP):
  Found 1 allocs.
all_memories(tag _BoolP):
  Found 0 memories.
all_memories(tag _BoolP):
  Found 0 memories.
all_allocs(tag _BoolP):
  Found 1 allocs.
all_tags(tag _BoolP):
  Found 1 tags.
all_memories(tag _BoolP):
  Found 0 memories.
all_allocs(tag _BoolP):
  Found 1 allocs.
all_memories(tag _BoolP):
  Found 0 memories.
all_allocs(tag _BoolP):
  Found 1 allocs.
all_memories(tag _BoolP):
  Found 0 memories.
all_memories(tag _BoolP):
  Found 0 memories.
all_tags(tag _BoolP):
  Found 1 tags.
all_memories(tag _BoolP):
  Found 0 memories.
all_allocs(tag _BoolP):
  Found 1 allocs.
all_memories(tag _BoolP):
  Found 0 memories.
all_tags(tag _BoolP):
  Found 1 tags.
all_memories(tag _BoolP):
  Found 0 memories.
all_tags(tag _BoolP):
  Found 1 tags.
all_memories(tag _BoolP):
  Found 0 memories.
all_tags(tag _BoolP):
  Found 1 tags.
all_memories(tag _BoolP):
  Found 0 memories.
all_tags(tag _BoolP):
  Found 1 tags.
all_memories(tag _BoolP):
  Found 0 memories.
all_tags(tag _BoolP):
  Found 1 tags.
all_memories(tag _BoolP):
  Found 0 memories.
all_tags(tag _BoolP):
  Found 1 tags.
all_memories(tag _BoolP):
  Found 0 memories.
all_allocs(tag _BoolP):
  Found 1 allocs.
all_memories(tag _BoolP):
  Found 0 memories.
all_allocs(tag _BoolP):
  Found 1 allocs.
all_memories(tag _BoolP):
  Found 0 memories.
all_allocs(tag _BoolP):
  Found 1 allocs.
all_memories(tag _BoolP):
  Found 0 memories.
all_allocs(tag _BoolP):
  Found 1 allocs.
all_allocs(tag charP):
  Found 1 allocs.
all_memories(tag charP):
  Found 0 memories.
all_memories(tag charP):
  Found 0 memories.
all_allocs(tag charP):
  Found 1 allocs.
all_allocs(tag charP):
  Found 1 allocs.
all_memories(tag charP):
  Found 0 memories.
all_allocs(tag charP):
  Found 1 allocs.
all_tags(tag charP):
  Found 1 tags.
all_memories(tag charP):
  Found 0 memories.
all_memories(tag charP):
  Found 0 memories.
all_tags(tag charP):
  Found 1 tags.
all_memories(tag charP):
  Found 0 memories.
all_tags(tag charP):
  Found 1 tags.
all_memories(tag charP):
  Found 0 memories.
all_tags(tag charP):
  Found 1 tags.
all_memories(tag charP):
  Found 0 memories.
all_allocs(tag charP):
  Found 1 allocs.
all_tags(tag charP):
  Found 1 tags.
all_memories(tag charP):
  Found 0 memories.
all_allocs(tag charP):
  Found 1 allocs.
all_memories(tag charP):
  Found 0 memories.
all_memories(tag charP):
  Found 0 memories.
all_allocs(tag charP):
  Found 1 allocs.
all_allocs(tag charP):
  Found 1 allocs.
all_memories(tag charP):
  Found 0 memories.
all_memories(tag charP):
  Found 0 memories.
all_allocs(tag charP):
  Found 1 allocs.
all_allocs(tag charP):
  Found 1 allocs.
all_memories(tag charP):
  Found 0 memories.
all_allocs(tag charP):
  Found 1 allocs.
all_tags(tag charP):
  Found 1 tags.
all_memories(tag charP):
  Found 0 memories.
all_memories(tag charP):
  Found 0 memories.
all_tags(tag charP):
  Found 1 tags.
all_memories(tag charP):
  Found 0 memories.
all_tags(tag charP):
  Found 1 tags.
all_memories(tag charP):
  Found 0 memories.
all_tags(tag charP):
  Found 1 tags.
all_memories(tag charP):
  Found 0 memories.
all_allocs(tag charP):
  Found 1 allocs.
all_tags(tag charP):
  Found 1 tags.
all_memories(tag charP):
  Found 0 memories.
all_allocs(tag charP):
  Found 1 allocs.
all_memories(tag charP):
  Found 0 memories.
all_memories(tag charP):
  Found 0 memories.
all_allocs(tag charP):
  Found 1 allocs.
all_allocs(tag charP):
  Found 1 allocs.
all_tags(tag charP):
  Found 1 tags.
all_memories(tag charP):
  Found 0 memories.
all_memories(tag charP):
  Found 0 memories.
all_tags(tag charP):
  Found 1 tags.
all_memories(tag charP):
  Found 0 memories.
all_tags(tag charP):
  Found 1 tags.
all_memories(tag charP):
  Found 0 memories.
all_tags(tag charP):
  Found 1 tags.
all_memories(tag charP):
  Found 0 memories.
all_allocs(tag charP):
  Found 1 allocs.
all_tags(tag charP):
  Found 1 tags.
all_memories(tag charP):
  Found 0 memories.
all_allocs(tag charP):
  Found 1 allocs.
all_memories(tag charP):
  Found 0 memories.
all_memories(tag charP):
  Found 0 memories.
all_allocs(tag charP):
  Found 1 allocs.
all_tags(tag charP):
  Found 1 tags.
all_memories(tag charP):
  Found 0 memories.
all_allocs(tag charP):
  Found 1 allocs.
all_memories(tag charP):
  Found 0 memories.
all_allocs(tag charP):
  Found 1 allocs.
all_memories(tag charP):
  Found 0 memories.
all_memories(tag charP):
  Found 0 memories.
all_tags(tag charP):
  Found 1 tags.
all_memories(tag voidP):
  Found 0 memories.
all_tags(tag voidP):
  Found 1 tags.
all_memories(tag charP):
  Found 0 memories.
all_allocs(tag charP):
  Found 1 allocs.
all_memories(tag voidP):
  Found 0 memories.
all_allocs(tag voidP):
  Found 1 allocs.
all_memories(tag charP):
  Found 0 memories.
all_tags(tag charP):
  Found 1 tags.
all_memories(tag charP):
  Found 0 memories.
all_tags(tag charP):
  Found 1 tags.
all_memories(tag charP):
  Found 0 memories.
all_tags(tag charP):
  Found 1 tags.
all_memories(tag charP):
  Found 0 memories.
all_tags(tag charP):
  Found 1 tags.
all_memories(tag charP):
  Found 0 memories.
all_tags(tag charP):
  Found 1 tags.
all_memories(tag charP):
  Found 0 memories.
all_tags(tag charP):
  Found 1 tags.
all_memories(tag charP):
  Found 0 memories.
all_allocs(tag charP):
  Found 1 allocs.
all_memories(tag voidP):
  Found 0 memories.
all_allocs(tag voidP):
  Found 1 allocs.
all_memories(tag charP):
  Found 0 memories.
all_allocs(tag charP):
  Found 1 allocs.
all_memories(tag voidP):
  Found 0 memories.
all_allocs(tag voidP):
  Found 1 allocs.
all_memories(tag charP):
  Found 0 memories.
all_allocs(tag charP):
  Found 1 allocs.
all_memories(tag voidP):
  Found 0 memories.
all_allocs(tag voidP):
  Found 1 allocs.
all_memories(tag charP):
  Found 0 memories.
all_allocs(tag charP):
  Found 1 allocs.
all_memories(tag voidP):
  Found 0 memories.
all_allocs(tag voidP):
  Found 1 allocs.
all_allocs(tag char_xP):
  Found 1 allocs.
all_memories(tag char_xP):
  Found 0 memories.
all_memories(tag char_xP):
  Found 0 memories.
all_allocs(tag char_xP):
  Found 1 allocs.
all_allocs(tag char_xP):
  Found 1 allocs.
all_memories(tag char_xP):
  Found 0 memories.
all_allocs(tag char_xP):
  Found 1 allocs.
all_tags(tag char_xP):
  Found 1 tags.
all_memories(tag char_xP):
  Found 0 memories.
all_memories(tag char_xP):
  Found 0 memories.
all_tags(tag char_xP):
  Found 1 tags.
all_memories(tag char_xP):
  Found 0 memories.
all_tags(tag char_xP):
  Found 1 tags.
all_memories(tag char_xP):
  Found 0 memories.
all_tags(tag char_xP):
  Found 1 tags.
all_memories(tag char_xP):
  Found 0 memories.
all_allocs(tag char_xP):
  Found 1 allocs.
all_tags(tag char_xP):
  Found 1 tags.
all_memories(tag char_xP):
  Found 0 memories.
all_allocs(tag char_xP):
  Found 1 allocs.
all_memories(tag char_xP):
  Found 0 memories.
all_memories(tag char_xP):
  Found 0 memories.
all_allocs(tag char_xP):
  Found 1 allocs.
all_allocs(tag char_xP):
  Found 1 allocs.
all_memories(tag char_xP):
  Found 0 memories.
all_memories(tag char_xP):
  Found 0 memories.
all_allocs(tag char_xP):
  Found 1 allocs.
all_allocs(tag char_xP):
  Found 1 allocs.
all_memories(tag char_xP):
  Found 0 memories.
all_allocs(tag char_xP):
  Found 1 allocs.
all_tags(tag char_xP):
  Found 1 tags.
all_memories(tag char_xP):
  Found 0 memories.
all_memories(tag char_xP):
  Found 0 memories.
all_tags(tag char_xP):
  Found 1 tags.
all_memories(tag char_xP):
  Found 0 memories.
all_tags(tag char_xP):
  Found 1 tags.
all_memories(tag char_xP):
  Found 0 memories.
all_tags(tag char_xP):
  Found 1 tags.
all_memories(tag char_xP):
  Found 0 memories.
all_allocs(tag char_xP):
  Found 1 allocs.
all_tags(tag char_xP):
  Found 1 tags.
all_memories(tag char_xP):
  Found 0 memories.
all_allocs(tag char_xP):
  Found 1 allocs.
all_memories(tag char_xP):
  Found 0 memories.
all_memories(tag char_xP):
  Found 0 memories.
all_allocs(tag char_xP):
  Found 1 allocs.
all_allocs(tag char_xP):
  Found 1 allocs.
all_tags(tag char_xP):
  Found 1 tags.
all_memories(tag char_xP):
  Found 0 memories.
all_memories(tag char_xP):
  Found 0 memories.
all_tags(tag char_xP):
  Found 1 tags.
all_memories(tag char_xP):
  Found 0 memories.
all_tags(tag char_xP):
  Found 1 tags.
all_memories(tag char_xP):
  Found 0 memories.
all_tags(tag char_xP):
  Found 1 tags.
all_memories(tag char_xP):
  Found 0 memories.
all_allocs(tag char_xP):
  Found 1 allocs.
all_tags(tag char_xP):
  Found 1 tags.
all_memories(tag char_xP):
  Found 0 memories.
all_allocs(tag char_xP):
  Found 1 allocs.
all_memories(tag char_xP):
  Found 0 memories.
all_memories(tag char_xP):
  Found 0 memories.
all_allocs(tag char_xP):
  Found 1 allocs.
all_tags(tag char_xP):
  Found 1 tags.
all_memories(tag char_xP):
  Found 0 memories.
all_allocs(tag char_xP):
  Found 1 allocs.
all_memories(tag char_xP):
  Found 0 memories.
all_allocs(tag char_xP):
  Found 1 allocs.
all_memories(tag char_xP):
  Found 0 memories.
all_memories(tag char_xP):
  Found 0 memories.
all_tags(tag char_xP):
  Found 1 tags.
all_memories(tag char_xP):
  Found 0 memories.
all_allocs(tag char_xP):
  Found 1 allocs.
all_memories(tag char_xP):
  Found 0 memories.
all_tags(tag char_xP):
  Found 1 tags.
all_memories(tag char_xP):
  Found 0 memories.
all_tags(tag char_xP):
  Found 1 tags.
all_memories(tag char_xP):
  Found 0 memories.
all_tags(tag char_xP):
  Found 1 tags.
all_memories(tag char_xP):
  Found 0 memories.
all_tags(tag char_xP):
  Found 1 tags.
all_memories(tag char_xP):
  Found 0 memories.
all_tags(tag char_xP):
  Found 1 tags.
all_memories(tag char_xP):
  Found 0 memories.
all_tags(tag char_xP):
  Found 1 tags.
all_memories(tag char_xP):
  Found 0 memories.
all_allocs(tag char_xP):
  Found 1 allocs.
all_memories(tag char_xP):
  Found 0 memories.
all_allocs(tag char_xP):
  Found 1 allocs.
all_memories(tag char_xP):
  Found 0 memories.
all_allocs(tag char_xP):
  Found 1 allocs.
all_memories(tag char_xP):
  Found 0 memories.
all_allocs(tag char_xP):
  Found 1 allocs.
all_allocs(tag unsigned_charP):
  Found 1 allocs.
all_memories(tag unsigned_charP):
  Found 0 memories.
all_memories(tag unsigned_charP):
  Found 0 memories.
all_allocs(tag unsigned_charP):
  Found 1 allocs.
all_allocs(tag unsigned_charP):
  Found 1 allocs.
all_memories(tag unsigned_charP):
  Found 0 memories.
all_allocs(tag unsigned_charP):
  Found 1 allocs.
all_tags(tag unsigned_charP):
  Found 1 tags.
all_memories(tag unsigned_charP):
  Found 0 memories.
all_memories(tag unsigned_charP):
  Found 0 memories.
all_tags(tag unsigned_charP):
  Found 1 tags.
all_memories(tag unsigned_charP):
  Found 0 memories.
all_tags(tag unsigned_charP):
  Found 1 tags.
all_memories(tag unsigned_charP):
  Found 0 memories.
all_tags(tag unsigned_charP):
  Found 1 tags.
all_memories(tag unsigned_charP):
  Found 0 memories.
all_allocs(tag unsigned_charP):
  Found 1 allocs.
all_tags(tag unsigned_charP):
  Found 1 tags.
all_memories(tag unsigned_charP):
  Found 0 memories.
all_allocs(tag unsigned_charP):
  Found 1 allocs.
all_memories(tag unsigned_charP):
  Found 0 memories.
all_memories(tag unsigned_charP):
  Found 0 memories.
all_allocs(tag unsigned_charP):
  Found 1 allocs.
all_allocs(tag unsigned_charP):
  Found 1 allocs.
all_memories(tag unsigned_charP):
  Found 0 memories.
all_memories(tag unsigned_charP):
  Found 0 memories.
all_allocs(tag unsigned_charP):
  Found 1 allocs.
all_allocs(tag unsigned_charP):
  Found 1 allocs.
all_memories(tag unsigned_charP):
  Found 0 memories.
all_allocs(tag unsigned_charP):
  Found 1 allocs.
all_tags(tag unsigned_charP):
  Found 1 tags.
all_memories(tag unsigned_charP):
  Found 0 memories.
all_memories(tag unsigned_charP):
  Found 0 memories.
all_tags(tag unsigned_charP):
  Found 1 tags.
all_memories(tag unsigned_charP):
  Found 0 memories.
all_tags(tag unsigned_charP):
  Found 1 tags.
all_memories(tag unsigned_charP):
  Found 0 memories.
all_tags(tag unsigned_charP):
  Found 1 tags.
all_memories(tag unsigned_charP):
  Found 0 memories.
all_allocs(tag unsigned_charP):
  Found 1 allocs.
all_tags(tag unsigned_charP):
  Found 1 tags.
all_memories(tag unsigned_charP):
  Found 0 memories.
all_allocs(tag unsigned_charP):
  Found 1 allocs.
all_memories(tag unsigned_charP):
  Found 0 memories.
all_memories(tag unsigned_charP):
  Found 0 memories.
all_allocs(tag unsigned_charP):
  Found 1 allocs.
all_allocs(tag unsigned_charP):
  Found 1 allocs.
all_tags(tag unsigned_charP):
  Found 1 tags.
all_memories(tag unsigned_charP):
  Found 0 memories.
all_memories(tag unsigned_charP):
  Found 0 memories.
all_tags(tag unsigned_charP):
  Found 1 tags.
all_memories(tag unsigned_charP):
  Found 0 memories.
all_tags(tag unsigned_charP):
  Found 1 tags.
all_memories(tag unsigned_charP):
  Found 0 memories.
all_tags(tag unsigned_charP):
  Found 1 tags.
all_memories(tag unsigned_charP):
  Found 0 memories.
all_allocs(tag unsigned_charP):
  Found 1 allocs.
all_tags(tag unsigned_charP):
  Found 1 tags.
all_memories(tag unsigned_charP):
  Found 0 memories.
all_allocs(tag unsigned_charP):
  Found 1 allocs.
all_memories(tag unsigned_charP):
  Found 0 memories.
all_memories(tag unsigned_charP):
  Found 0 memories.
all_allocs(tag unsigned_charP):
  Found 1 allocs.
all_tags(tag unsigned_charP):
  Found 1 tags.
all_memories(tag unsigned_charP):
  Found 0 memories.
all_allocs(tag unsigned_charP):
  Found 1 allocs.
all_memories(tag unsigned_charP):
  Found 0 memories.
all_allocs(tag unsigned_charP):
  Found 1 allocs.
all_memories(tag unsigned_charP):
  Found 0 memories.
all_memories(tag unsigned_charP):
  Found 0 memories.
all_tags(tag unsigned_charP):
  Found 1 tags.
all_memories(tag voidP):
  Found 0 memories.
all_tags(tag voidP):
  Found 1 tags.
all_memories(tag unsigned_charP):
  Found 0 memories.
all_allocs(tag unsigned_charP):
  Found 1 allocs.
all_memories(tag voidP):
  Found 0 memories.
all_allocs(tag voidP):
  Found 1 allocs.
all_memories(tag unsigned_charP):
  Found 0 memories.
all_tags(tag unsigned_charP):
  Found 1 tags.
all_memories(tag unsigned_charP):
  Found 0 memories.
all_tags(tag unsigned_charP):
  Found 1 tags.
all_memories(tag unsigned_charP):
  Found 0 memories.
all_tags(tag unsigned_charP):
  Found 1 tags.
all_memories(tag unsigned_charP):
  Found 0 memories.
all_tags(tag unsigned_charP):
  Found 1 tags.
all_memories(tag unsigned_charP):
  Found 0 memories.
all_tags(tag unsigned_charP):
  Found 1 tags.
all_memories(tag unsigned_charP):
  Found 0 memories.
all_tags(tag unsigned_charP):
  Found 1 tags.
all_memories(tag unsigned_charP):
  Found 0 memories.
all_allocs(tag unsigned_charP):
  Found 1 allocs.
all_memories(tag voidP):
  Found 0 memories.
all_allocs(tag voidP):
  Found 1 allocs.
all_memories(tag unsigned_charP):
  Found 0 memories.
all_allocs(tag unsigned_charP):
  Found 1 allocs.
all_memories(tag voidP):
  Found 0 memories.
all_allocs(tag voidP):
  Found 1 allocs.
all_memories(tag unsigned_charP):
  Found 0 memories.
all_allocs(tag unsigned_charP):
  Found 1 allocs.
all_memories(tag voidP):
  Found 0 memories.
all_allocs(tag voidP):
  Found 1 allocs.
all_memories(tag unsigned_charP):
  Found 0 memories.
all_allocs(tag unsigned_charP):
  Found 1 allocs.
all_memories(tag voidP):
  Found 0 memories.
all_allocs(tag voidP):
  Found 1 allocs.
all_allocs(tag unsigned_intP):
  Found 1 allocs.
all_memories(tag unsigned_intP):
  Found 0 memories.
all_memories(tag unsigned_intP):
  Found 0 memories.
all_allocs(tag unsigned_intP):
  Found 1 allocs.
all_allocs(tag unsigned_intP):
  Found 1 allocs.
all_memories(tag unsigned_intP):
  Found 0 memories.
all_allocs(tag unsigned_intP):
  Found 1 allocs.
all_tags(tag unsigned_intP):
  Found 1 tags.
all_memories(tag unsigned_intP):
  Found 0 memories.
all_memories(tag unsigned_intP):
  Found 0 memories.
all_tags(tag unsigned_intP):
  Found 1 tags.
all_memories(tag unsigned_intP):
  Found 0 memories.
all_tags(tag unsigned_intP):
  Found 1 tags.
all_memories(tag unsigned_intP):
  Found 0 memories.
all_tags(tag unsigned_intP):
  Found 1 tags.
all_memories(tag unsigned_intP):
  Found 0 memories.
all_allocs(tag unsigned_intP):
  Found 1 allocs.
all_tags(tag unsigned_intP):
  Found 1 tags.
all_memories(tag unsigned_intP):
  Found 0 memories.
all_allocs(tag unsigned_intP):
  Found 1 allocs.
all_memories(tag unsigned_intP):
  Found 0 memories.
all_memories(tag unsigned_intP):
  Found 0 memories.
all_allocs(tag unsigned_intP):
  Found 1 allocs.
all_allocs(tag unsigned_intP):
  Found 1 allocs.
all_memories(tag unsigned_intP):
  Found 0 memories.
all_memories(tag unsigned_intP):
  Found 0 memories.
all_allocs(tag unsigned_intP):
  Found 1 allocs.
all_allocs(tag unsigned_intP):
  Found 1 allocs.
all_memories(tag unsigned_intP):
  Found 0 memories.
all_allocs(tag unsigned_intP):
  Found 1 allocs.
all_tags(tag unsigned_intP):
  Found 1 tags.
all_memories(tag unsigned_intP):
  Found 0 memories.
all_memories(tag unsigned_intP):
  Found 0 memories.
all_tags(tag unsigned_intP):
  Found 1 tags.
all_memories(tag unsigned_intP):
  Found 0 memories.
all_tags(tag unsigned_intP):
  Found 1 tags.
all_memories(tag unsigned_intP):
  Found 0 memories.
all_tags(tag unsigned_intP):
  Found 1 tags.
all_memories(tag unsigned_intP):
  Found 0 memories.
all_allocs(tag unsigned_intP):
  Found 1 allocs.
all_tags(tag unsigned_intP):
  Found 1 tags.
all_memories(tag unsigned_intP):
  Found 0 memories.
all_allocs(tag unsigned_intP):
  Found 1 allocs.
all_memories(tag unsigned_intP):
  Found 0 memories.
all_memories(tag unsigned_intP):
  Found 0 memories.
all_allocs(tag unsigned_intP):
  Found 1 allocs.
all_allocs(tag unsigned_intP):
  Found 1 allocs.
all_tags(tag unsigned_intP):
  Found 1 tags.
all_memories(tag unsigned_intP):
  Found 0 memories.
all_memories(tag unsigned_intP):
  Found 0 memories.
all_tags(tag unsigned_intP):
  Found 1 tags.
all_memories(tag unsigned_intP):
  Found 0 memories.
all_tags(tag unsigned_intP):
  Found 1 tags.
all_memories(tag unsigned_intP):
  Found 0 memories.
all_tags(tag unsigned_intP):
  Found 1 tags.
all_memories(tag unsigned_intP):
  Found 0 memories.
all_allocs(tag unsigned_intP):
  Found 1 allocs.
all_tags(tag unsigned_intP):
  Found 1 tags.
all_memories(tag unsigned_intP):
  Found 0 memories.
all_allocs(tag unsigned_intP):
  Found 1 allocs.
all_memories(tag unsigned_intP):
  Found 0 memories.
all_memories(tag unsigned_intP):
  Found 0 memories.
all_allocs(tag unsigned_intP):
  Found 1 allocs.
all_tags(tag unsigned_intP):
  Found 1 tags.
all_memories(tag unsigned_intP):
  Found 0 memories.
all_allocs(tag unsigned_intP):
  Found 1 allocs.
all_memories(tag unsigned_intP):
  Found 0 memories.
all_allocs(tag unsigned_intP):
  Found 1 allocs.
all_memories(tag unsigned_intP):
  Found 0 memories.
all_memories(tag unsigned_intP):
  Found 0 memories.
all_tags(tag unsigned_intP):
  Found 1 tags.
all_memories(tag unsigned_intP):
  Found 0 memories.
all_allocs(tag unsigned_intP):
  Found 1 allocs.
all_memories(tag unsigned_intP):
  Found 0 memories.
all_tags(tag unsigned_intP):
  Found 1 tags.
all_memories(tag unsigned_intP):
  Found 0 memories.
all_tags(tag unsigned_intP):
  Found 1 tags.
all_memories(tag unsigned_intP):
  Found 0 memories.
all_tags(tag unsigned_intP):
  Found 1 tags.
all_memories(tag unsigned_intP):
  Found 0 memories.
all_tags(tag unsigned_intP):
  Found 1 tags.
all_memories(tag unsigned_intP):
  Found 0 memories.
all_tags(tag unsigned_intP):
  Found 1 tags.
all_memories(tag unsigned_intP):
  Found 0 memories.
all_tags(tag unsigned_intP):
  Found 1 tags.
all_memories(tag unsigned_intP):
  Found 0 memories.
all_allocs(tag unsigned_intP):
  Found 1 allocs.
all_memories(tag unsigned_intP):
  Found 0 memories.
all_allocs(tag unsigned_intP):
  Found 1 allocs.
all_memories(tag unsigned_intP):
  Found 0 memories.
all_allocs(tag unsigned_intP):
  Found 1 allocs.
all_memories(tag unsigned_intP):
  Found 0 memories.
all_allocs(tag unsigned_intP):
  Found 1 allocs.
all_allocs(tag voidP):
  Found 1 allocs.
all_memories(tag voidP):
  Found 0 memories.
all_memories(tag voidP):
  Found 0 memories.
all_allocs(tag voidP):
  Found 1 allocs.
all_allocs(tag voidP):
  Found 1 allocs.
all_memories(tag voidP):
  Found 0 memories.
all_allocs(tag voidP):
  Found 1 allocs.
all_tags(tag voidP):
  Found 1 tags.
all_memories(tag voidP):
  Found 0 memories.
all_memories(tag voidP):
  Found 0 memories.
all_tags(tag voidP):
  Found 1 tags.
all_memories(tag voidP):
  Found 0 memories.
all_tags(tag voidP):
  Found 1 tags.
all_memories(tag voidP):
  Found 0 memories.
all_tags(tag voidP):
  Found 1 tags.
all_memories(tag voidP):
  Found 0 memories.
all_allocs(tag voidP):
  Found 1 allocs.
all_tags(tag voidP):
  Found 1 tags.
all_memories(tag voidP):
  Found 0 memories.
all_allocs(tag voidP):
  Found 1 allocs.
all_memories(tag voidP):
  Found 0 memories.
all_memories(tag voidP):
  Found 0 memories.
all_allocs(tag voidP):
  Found 1 allocs.
all_allocs(tag voidP):
  Found 1 allocs.
all_memories(tag voidP):
  Found 0 memories.
all_memories(tag voidP):
  Found 0 memories.
all_allocs(tag voidP):
  Found 1 allocs.
all_allocs(tag voidP):
  Found 1 allocs.
all_memories(tag voidP):
  Found 0 memories.
all_allocs(tag voidP):
  Found 1 allocs.
all_tags(tag voidP):
  Found 1 tags.
all_memories(tag voidP):
  Found 0 memories.
all_memories(tag voidP):
  Found 0 memories.
all_tags(tag voidP):
  Found 1 tags.
all_memories(tag voidP):
  Found 0 memories.
all_tags(tag voidP):
  Found 1 tags.
all_memories(tag voidP):
  Found 0 memories.
all_tags(tag voidP):
  Found 1 tags.
all_memories(tag voidP):
  Found 0 memories.
all_allocs(tag voidP):
  Found 1 allocs.
all_tags(tag voidP):
  Found 1 tags.
all_memories(tag voidP):
  Found 0 memories.
all_allocs(tag voidP):
  Found 1 allocs.
all_memories(tag voidP):
  Found 0 memories.
all_memories(tag voidP):
  Found 0 memories.
all_allocs(tag voidP):
  Found 1 allocs.
all_allocs(tag voidP):
  Found 1 allocs.
all_tags(tag voidP):
  Found 1 tags.
all_memories(tag voidP):
  Found 0 memories.
all_memories(tag voidP):
  Found 0 memories.
all_tags(tag voidP):
  Found 1 tags.
all_memories(tag voidP):
  Found 0 memories.
all_tags(tag voidP):
  Found 1 tags.
all_memories(tag voidP):
  Found 0 memories.
all_tags(tag voidP):
  Found 1 tags.
all_memories(tag voidP):
  Found 0 memories.
all_allocs(tag voidP):
  Found 1 allocs.
all_tags(tag voidP):
  Found 1 tags.
all_memories(tag voidP):
  Found 0 memories.
all_allocs(tag voidP):
  Found 1 allocs.
all_memories(tag voidP):
  Found 0 memories.
all_memories(tag voidP):
  Found 0 memories.
all_allocs(tag voidP):
  Found 1 allocs.
all_tags(tag voidP):
  Found 1 tags.
all_memories(tag voidP):
  Found 0 memories.
all_allocs(tag voidP):
  Found 1 allocs.
all_memories(tag voidP):
  Found 0 memories.
all_allocs(tag voidP):
  Found 1 allocs.
all_memories(tag voidP):
  Found 0 memories.
all_memories(tag voidP):
  Found 0 memories.
all_tags(tag voidP):
  Found 1 tags.
all_memories(tag voidP):
  Found 0 memories.
all_allocs(tag voidP):
  Found 1 allocs.
all_memories(tag voidP):
  Found 0 memories.
all_tags(tag voidP):
  Found 1 tags.
all_memories(tag voidP):
  Found 0 memories.
all_tags(tag voidP):
  Found 1 tags.
all_memories(tag voidP):
  Found 0 memories.
all_tags(tag voidP):
  Found 1 tags.
all_memories(tag voidP):
  Found 0 memories.
all_tags(tag voidP):
  Found 1 tags.
all_memories(tag voidP):
  Found 0 memories.
all_tags(tag voidP):
  Found 1 tags.
all_memories(tag voidP):
  Found 0 memories.
all_tags(tag voidP):
  Found 1 tags.
all_memories(tag voidP):
  Found 0 memories.
all_allocs(tag voidP):
  Found 1 allocs.
all_memories(tag voidP):
  Found 0 memories.
all_allocs(tag voidP):
  Found 1 allocs.
all_memories(tag voidP):
  Found 0 memories.
all_allocs(tag voidP):
  Found 1 allocs.
all_memories(tag voidP):
  Found 0 memories.
all_allocs(tag voidP):
  Found 1 allocs.
Translate variants
Translate global regions
Translate exceptions
Translate enumerated types
Translate dummies
Translate standalone logic functions
Logic function uint8_as_uint8
Logic function complement_to_uint8
Logic function uint8_as_int8
Logic function int8_as_uint8
Logic function islower
Logic function isupper
Logic function isalpha
Logic function isdigit
Logic function isodigit
Logic function isalnum
Logic function isspace
Logic function isxdigit
Logic function tolower
Logic function toupper
Logic function is_hex
Logic function is_oct
Logic function is_dec
Logic function check_bytes8
Logic function kstrtobool_fmt_false
Logic function kstrtobool_fmt_true
Logic function kstrtobool_fmt
Logic function valid_str
Logic function strlen
Logic function skip_spaces
Logic function strchr
Logic function strchrnul
Logic function in_array
Logic function strspn
Logic function strcspn
Logic function memcmp_char
Logic function separated_char
Logic function valid_strn
Logic function strnlen
Logic function strpbrk
Translate axiomatic declarations
Axiomatic CheckBytes8
Axiomatic Ctype
Axiomatic IntBase
Axiomatic Jessie_memory_reinterpretation_predicates
Axiomatic Padding
Axiomatic SkipSpaces
Axiomatic StrCSpn
Axiomatic StrPBrk
Axiomatic StrSpn
Axiomatic Strchr
Axiomatic Strchrnul
Axiomatic Strlen
Axiomatic Strnlen
Axiomatic memcpy_char
Translate lemmas
Translate functions
Pre-treatement Function isalnum
Pre-treatement Function isalpha
Pre-treatement Function islower
Pre-treatement Function isspace
Pre-treatement Function isupper
Pre-treatement Function isxdigit
Pre-treatement Function isascii
Pre-treatement Function isdigit
Pre-treatement Function __tolower
Pre-treatement Function __toupper
Pre-treatement Function tolower
Pre-treatement Function toupper
Pre-treatement Function _tolower
Pre-treatement Function isodigit
Pre-treatement Function _parse_integer_fixup_radix
Pre-treatement Function check_bytes8
Pre-treatement Function kstrtobool
Pre-treatement Function memchr
Pre-treatement Function memcmp
Pre-treatement Function memcpy
Pre-treatement Function memmove
Pre-treatement Function memscan
Pre-treatement Function memset
Pre-treatement Function skip_spaces
Pre-treatement Function strcasecmp
Pre-treatement Function strcat
Pre-treatement Function strchr
Pre-treatement Function strchrnul
Pre-treatement Function strcmp
Pre-treatement Function strcpy
Pre-treatement Function strcspn
Pre-treatement Function memcpy_char_0
Pre-treatement Function strlcpy
Pre-treatement Function strlen
Pre-treatement Function strnchr
Pre-treatement Function strncmp
Pre-treatement Function strnlen
Pre-treatement Function strpbrk
Pre-treatement Function strrchr
Pre-treatement Function strsep
Pre-treatement Function strspn
Function isalnum
Function isalpha
Function islower
Function isspace
Function isupper
Function isxdigit
Function isascii
Function isdigit
Function __tolower
Function __toupper
Function tolower
Function toupper
Function _tolower
Function isodigit
Function _parse_integer_fixup_radix
Function check_bytes8
Function kstrtobool
Function memchr
Function memcmp
Function memcpy
Function memmove
Function memscan
Function memset
Function skip_spaces
Function strcasecmp
Function strcat
Function strchr
Function strchrnul
Function strcmp
Function strcpy
Function strcspn
Function memcpy_char_0
Function strlcpy
Function strlen
Function strnchr
Function strncmp
Function strnlen
Function strpbrk
Function strrchr
Function strsep
Function strspn
Produce makefile
