WHYLIB is not set, using /home/mikhail/.opam/astraver/lib/astraver as default
Parsing
Normalization
Typing logic labels
Typing code
Typing axiomatic Padding
Typing logic type declaration padding
Typing axiomatic Strlen
Typing axiomatic LF__Axiomatic__valid_str_len
Typing axiomatic LF__Axiomatic__valid_str_shift
Typing axiomatic Ctype
Typing axiomatic Padding
Typing tag voidP
Typing tag charP
Typing axiomatic Strlen
Typing axiomatic LF__Axiomatic__valid_str_len
Typing lemma/axiom LF__Lemma__valid_str_len
Typing axiomatic LF__Axiomatic__valid_str_shift
Typing lemma/axiom LF__Lemma__valid_str_shift
Typing axiomatic Ctype
Typing lemma/axiom a
Typing lemma/axiom b
Typing lemma/axiom c
Typing lemma/axiom d
Typing lemma/axiom e
Typing lemma/axiom f
Typing lemma/axiom g
Typing lemma/axiom h
Typing lemma/axiom i
Typing lemma/axiom j
Typing lemma/axiom k
Typing lemma/axiom l
Typing lemma/axiom m
Typing lemma/axiom n
Typing lemma/axiom o
Typing lemma/axiom p
Typing lemma/axiom q
Typing lemma/axiom r
Typing lemma/axiom s
Typing lemma/axiom t
Typing lemma/axiom u
Typing lemma/axiom v
Typing lemma/axiom w
Typing lemma/axiom x
Typing lemma/axiom y
Typing lemma/axiom z
Typing lemma/axiom pl
Typing lemma/axiom pu
Typing lemma/axiom tl
Typing lemma/axiom tu
occurrences table for axiom tu in axiomatic Ctype:
  147: 
  146:  ;
  152: 
  153:  ;
  151: 
  149: 
  154:  ;
  145: 
  150: 
  148: 
  
occurrences table for axiom tl in axiomatic Ctype:
  147: 
  146: 
  152: 
  153:  ;
  151: 
  149: 
  154:  ;
  145:  ;
  150: 
  148: 
  
occurrences table for axiom pu in axiomatic Ctype:
  147: 
  146: 
  152: 
  153: 
  151: 
  149: 
  154:  ;
  145:  ;
  150: 
  148: 
  
occurrences table for axiom pl in axiomatic Ctype:
  147: 
  146:  ;
  152: 
  153:  ;
  151: 
  149: 
  154: 
  145: 
  150: 
  148: 
  
occurrences table for axiom z in axiomatic Ctype:
  147: 
  146: 
  152: 
  153:  ;
  151: 
  149: 
  154: 
  145: 
  150: 
  148: 
  
occurrences table for axiom y in axiomatic Ctype:
  147: 
  146: 
  152: 
  153:  ;
  151: 
  149: 
  154: 
  145: 
  150: 
  148: 
  
occurrences table for axiom x in axiomatic Ctype:
  147: 
  146: 
  152: 
  153:  ;
  151: 
  149: 
  154: 
  145: 
  150: 
  148: 
  
occurrences table for axiom w in axiomatic Ctype:
  147: 
  146: 
  152: 
  153:  ;
  151: 
  149: 
  154: 
  145: 
  150: 
  148: 
  
occurrences table for axiom v in axiomatic Ctype:
  147: 
  146: 
  152: 
  153:  ;
  151: 
  149: 
  154: 
  145: 
  150: 
  148: 
  
occurrences table for axiom u in axiomatic Ctype:
  147: 
  146: 
  152: 
  153:  ;
  151: 
  149: 
  154: 
  145: 
  150: 
  148: 
  
occurrences table for axiom t in axiomatic Ctype:
  147: 
  146: 
  152: 
  153:  ;
  151: 
  149: 
  154: 
  145: 
  150: 
  148: 
  
occurrences table for axiom s in axiomatic Ctype:
  147: 
  146: 
  152: 
  153:  ;
  151: 
  149: 
  154: 
  145: 
  150: 
  148: 
  
occurrences table for axiom r in axiomatic Ctype:
  147: 
  146: 
  152: 
  153:  ;
  151: 
  149: 
  154: 
  145: 
  150: 
  148: 
  
occurrences table for axiom q in axiomatic Ctype:
  147: 
  146: 
  152: 
  153:  ;
  151: 
  149: 
  154: 
  145: 
  150: 
  148: 
  
occurrences table for axiom p in axiomatic Ctype:
  147: 
  146: 
  152: 
  153:  ;
  151: 
  149: 
  154: 
  145: 
  150: 
  148: 
  
occurrences table for axiom o in axiomatic Ctype:
  147: 
  146: 
  152: 
  153:  ;
  151: 
  149: 
  154: 
  145: 
  150: 
  148: 
  
occurrences table for axiom n in axiomatic Ctype:
  147: 
  146: 
  152: 
  153:  ;
  151: 
  149: 
  154: 
  145: 
  150: 
  148: 
  
occurrences table for axiom m in axiomatic Ctype:
  147: 
  146: 
  152: 
  153:  ;
  151: 
  149: 
  154: 
  145: 
  150: 
  148: 
  
occurrences table for axiom l in axiomatic Ctype:
  147: 
  146: 
  152: 
  153:  ;
  151: 
  149: 
  154: 
  145: 
  150: 
  148: 
  
occurrences table for axiom k in axiomatic Ctype:
  147: 
  146: 
  152: 
  153:  ;
  151: 
  149: 
  154: 
  145: 
  150: 
  148: 
  
occurrences table for axiom j in axiomatic Ctype:
  147: 
  146: 
  152: 
  153:  ;
  151: 
  149: 
  154: 
  145: 
  150: 
  148: 
  
occurrences table for axiom i in axiomatic Ctype:
  147: 
  146: 
  152: 
  153:  ;
  151: 
  149: 
  154: 
  145: 
  150: 
  148: 
  
occurrences table for axiom h in axiomatic Ctype:
  147: 
  146: 
  152: 
  153:  ;
  151: 
  149: 
  154: 
  145: 
  150: 
  148: 
  
occurrences table for axiom g in axiomatic Ctype:
  147: 
  146: 
  152: 
  153:  ;
  151: 
  149: 
  154: 
  145: 
  150: 
  148: 
  
occurrences table for axiom f in axiomatic Ctype:
  147: 
  146: 
  152: 
  153:  ;
  151: 
  149: 
  154: 
  145: 
  150: 
  148: 
  
occurrences table for axiom e in axiomatic Ctype:
  147: 
  146: 
  152: 
  153:  ;
  151: 
  149: 
  154: 
  145: 
  150: 
  148: 
  
occurrences table for axiom d in axiomatic Ctype:
  147: 
  146: 
  152: 
  153:  ;
  151: 
  149: 
  154: 
  145: 
  150: 
  148: 
  
occurrences table for axiom c in axiomatic Ctype:
  147: 
  146: 
  152: 
  153:  ;
  151: 
  149: 
  154: 
  145: 
  150: 
  148: 
  
occurrences table for axiom b in axiomatic Ctype:
  147: 
  146: 
  152: 
  153:  ;
  151: 
  149: 
  154: 
  145: 
  150: 
  148: 
  
occurrences table for axiom a in axiomatic Ctype:
  147: 
  146: 
  152: 
  153:  ;
  151: 
  149: 
  154: 
  145: 
  150: 
  148: 
  
Computation of call graph
***********************************
Logic call graph: has 13 components
***********************************
Component 0:
 valid_str calls: 

Component 1:
 strlen calls: strlen

Component 2:
 _LF__Predicate__valid_str_len calls: 

Component 3:
 _LF__Predicate__valid_str_shift calls: 

Component 4:
 islower calls: 

Component 5:
 isupper calls: 

Component 6:
 isalpha calls: islower,
isupper

Component 7:
 isdigit calls: 

Component 8:
 isodigit calls: 

Component 9:
 isalnum calls: isalpha,
isdigit

Component 10:
 isspace calls: 

Component 11:
 isxdigit calls: isdigit

Component 12:
 toupper calls: tolower, tolower, tolower, tolower, tolower,
tolower, tolower, tolower, tolower, tolower, tolower, tolower, tolower,
tolower, tolower, tolower, tolower, tolower, tolower, tolower, tolower,
tolower, tolower, tolower, tolower, tolower, tolower, isupper, toupper,
islower, tolower, toupper, islower, toupper, tolower,
isupper

 tolower calls: tolower, tolower, tolower, tolower, tolower, tolower,
tolower, tolower, tolower, tolower, tolower, tolower, tolower, tolower,
tolower, tolower, tolower, tolower, tolower, tolower, tolower, tolower,
tolower, tolower, tolower, tolower, tolower, isupper, toupper, islower,
tolower, toupper, islower, toupper, tolower,
isupper

******************************
Call graph: has 22 components
******************************
Component 0:
 elim_valid_str calls: 

Component 1:
 elim_valid_str_len calls: 

Component 2:
 valid_str_len calls: 

Component 3:
 intro_valid_str_len calls: 

Component 4:
 valid_str_shift calls: 

Component 5:
 elim_strlen calls: 

Component 6:
 strlen calls: 

Component 7:
 isalnum calls: 

Component 8:
 isalpha calls: 

Component 9:
 islower calls: 

Component 10:
 isspace calls: 

Component 11:
 isupper calls: 

Component 12:
 isxdigit calls: 

Component 13:
 isascii calls: 

Component 14:
 isdigit calls: 

Component 15:
 __tolower calls: 

Component 16:
 __toupper calls: 

Component 17:
 tolower calls: 

Component 18:
 toupper calls: 

Component 19:
 _tolower calls: 

Component 20:
 isodigit calls: 

Component 21:
 strcasecmp calls: tolower,
tolower

Adding invariants
Computation of regions
Separation: treating function elim_valid_str
Separation: treating function elim_valid_str
Separation: treating function elim_valid_str_len
Separation: treating function elim_valid_str_len
Separation: treating function valid_str_len
Separation: treating function valid_str_len
Separation: treating function intro_valid_str_len
Separation: treating function intro_valid_str_len
Separation: treating function valid_str_shift
Separation: treating function valid_str_shift
Separation: treating function elim_strlen
Separation: treating function elim_strlen
Separation: treating function strlen
Separation: treating function strlen
Separation: treating function isalnum
Separation: treating function isalnum
Separation: treating function isalpha
Separation: treating function isalpha
Separation: treating function islower
Separation: treating function islower
Separation: treating function isspace
Separation: treating function isspace
Separation: treating function isupper
Separation: treating function isupper
Separation: treating function isxdigit
Separation: treating function isxdigit
Separation: treating function isascii
Separation: treating function isascii
Separation: treating function isdigit
Separation: treating function isdigit
Separation: treating function __tolower
Separation: treating function __tolower
Separation: treating function __toupper
Separation: treating function __toupper
Separation: treating function tolower
Separation: treating function tolower
Separation: treating function toupper
Separation: treating function toupper
Separation: treating function _tolower
Separation: treating function _tolower
Separation: treating function isodigit
Separation: treating function isodigit
Separation: treating function strcasecmp
Separation: treating function strcasecmp
Computation of effects
Effects: doing one iteration
Effects: doing one iteration
Effects: fixpoint reached
Effects for logic function valid_str:
 alloc_table: (s_2 : alloc-root "voidP") at (L)
 tag_table: 
 memories: (s_2 : mem-field "charM") at (L)
 raw memories: 
 precise memories: 
 globals: 
 locals: s at (Here)

Effects: doing one iteration
Effects: doing one iteration
Effects: fixpoint reached
Effects for logic function strlen:
 alloc_table: 
 tag_table: 
 memories: (s_0_3 : mem-field "charM") at (L)
 raw memories: 
 precise memories: 
 globals: 
 locals: s_0 at (Here)

Effects: doing one iteration
Effects: fixpoint reached
Effects for logic function _LF__Predicate__valid_str_len:
 alloc_table: 
 tag_table: 
 memories: 
 raw memories: 
 precise memories: 
 globals: 
 locals: 

Effects: doing one iteration
Effects: fixpoint reached
Effects for logic function _LF__Predicate__valid_str_shift:
 alloc_table: 
 tag_table: 
 memories: 
 raw memories: 
 precise memories: 
 globals: 
 locals: 

Effects: doing one iteration
Effects: doing one iteration
Effects: fixpoint reached
Effects for logic function islower:
 alloc_table: 
 tag_table: 
 memories: 
 raw memories: 
 precise memories: 
 globals: 
 locals: c at (Here)

Effects: doing one iteration
Effects: doing one iteration
Effects: fixpoint reached
Effects for logic function isupper:
 alloc_table: 
 tag_table: 
 memories: 
 raw memories: 
 precise memories: 
 globals: 
 locals: c_0 at (Here)

Effects: doing one iteration
Effects: doing one iteration
Effects: fixpoint reached
Effects for logic function isalpha:
 alloc_table: 
 tag_table: 
 memories: 
 raw memories: 
 precise memories: 
 globals: 
 locals: c_1 at (Here)

Effects: doing one iteration
Effects: doing one iteration
Effects: fixpoint reached
Effects for logic function isdigit:
 alloc_table: 
 tag_table: 
 memories: 
 raw memories: 
 precise memories: 
 globals: 
 locals: c_2 at (Here)

Effects: doing one iteration
Effects: doing one iteration
Effects: fixpoint reached
Effects for logic function isodigit:
 alloc_table: 
 tag_table: 
 memories: 
 raw memories: 
 precise memories: 
 globals: 
 locals: c_3 at (Here)

Effects: doing one iteration
Effects: doing one iteration
Effects: fixpoint reached
Effects for logic function isalnum:
 alloc_table: 
 tag_table: 
 memories: 
 raw memories: 
 precise memories: 
 globals: 
 locals: c_4 at (Here)

Effects: doing one iteration
Effects: doing one iteration
Effects: fixpoint reached
Effects for logic function isspace:
 alloc_table: 
 tag_table: 
 memories: 
 raw memories: 
 precise memories: 
 globals: 
 locals: c_5 at (Here)

Effects: doing one iteration
Effects: doing one iteration
Effects: fixpoint reached
Effects for logic function isxdigit:
 alloc_table: 
 tag_table: 
 memories: 
 raw memories: 
 precise memories: 
 globals: 
 locals: c_6 at (Here)

Effects: doing one iteration
Effects: fixpoint reached
Effects for logic function toupper:
 alloc_table: 
 tag_table: 
 memories: 
 raw memories: 
 precise memories: 
 globals: 
 locals: 

Effects for logic function tolower:
 alloc_table: 
 tag_table: 
 memories: 
 raw memories: 
 precise memories: 
 globals: 
 locals: 

Effects: doing one iteration...
Effects: doing one iteration...
Effects: doing one iteration...
Effects: doing one iteration...
Effects: fixpoint reached
Effects for function elim_valid_str:
 reads:  alloc_table: (s_0_4 : alloc-root "voidP") at (Here)
         tag_table: 
         memories: (s_0_4 : mem-field "charM") at (Here)
         raw memories: (s_0_4 : mem-field "charM") at (Here)
         precise memories: 
         globals: 
         locals: \result at (Here), s_0 at (Here)

 writes:  alloc_table: 
          tag_table: 
          memories: 
          raw memories: 
          precise memories: 
          globals: 
          locals: 

 raises: 
Effects: doing one iteration...
Effects: doing one iteration...
Effects: doing one iteration...
Effects: doing one iteration...
Effects: fixpoint reached
Effects for function elim_valid_str_len:
 reads:  alloc_table: (s_1_5 : alloc-root "voidP") at (Here)
         tag_table: 
         memories: (s_1_5 : mem-field "charM") at (Here)
         raw memories: (s_1_5 : mem-field "charM") at (Here)
         precise memories: 
         globals: 
         locals: \result at (Here), s_1 at (Here)

 writes:  alloc_table: 
          tag_table: 
          memories: 
          raw memories: 
          precise memories: 
          globals: 
          locals: 

 raises: 
Effects: doing one iteration...
Effects: doing one iteration...
Effects: doing one iteration...
Effects: doing one iteration...
Effects: fixpoint reached
Effects for function valid_str_len:
 reads:  alloc_table: (s_4_6 : alloc-root "voidP") at (Here)
         tag_table: 
         memories: (s_4_6 : mem-field "charM") at (Here)
         raw memories: (s_4_6 : mem-field "charM") at (Here)
         precise memories: 
         globals: 
         locals: s_4 at (Here)

 writes:  alloc_table: 
          tag_table: 
          memories: 
          raw memories: 
          precise memories: 
          globals: 
          locals: 

 raises: 
Effects: doing one iteration...
Effects: doing one iteration...
Effects: doing one iteration...
Effects: doing one iteration...
Effects: fixpoint reached
Effects for function intro_valid_str_len:
 reads:  alloc_table: (s_2_7 : alloc-root "voidP") at (Here)
         tag_table: 
         memories: (s_2_7 : mem-field "charM") at (Here)
         raw memories: (s_2_7 : mem-field "charM") at (Here)
         precise memories: 
         globals: 
         locals: n_1 at (Here), s_2 at (Here)

 writes:  alloc_table: 
          tag_table: 
          memories: 
          raw memories: 
          precise memories: 
          globals: 
          locals: 

 raises: 
Effects: doing one iteration...
Effects: doing one iteration...
Effects: doing one iteration...
Effects: doing one iteration...
Effects: fixpoint reached
Effects for function valid_str_shift:
 reads:  alloc_table: (s_5_8 : alloc-root "voidP") at (Here)
         tag_table: 
         memories: (s_5_8 : mem-field "charM") at (Here)
         raw memories: (s_5_8 : mem-field "charM") at (Here)
         precise memories: 
         globals: 
         locals: s_5 at (Here)

 writes:  alloc_table: 
          tag_table: 
          memories: 
          raw memories: 
          precise memories: 
          globals: 
          locals: 

 raises: 
Effects: doing one iteration...
Effects: doing one iteration...
Effects: doing one iteration...
Effects: doing one iteration...
Effects: fixpoint reached
Effects for function elim_strlen:
 reads:  alloc_table: (s_9 : alloc-root "voidP") at (Here)
         tag_table: 
         memories: (s_9 : mem-field "charM") at (Here)
         raw memories: (s_9 : mem-field "charM") at (Here)
         precise memories: 
         globals: 
         locals: s at (Here)

 writes:  alloc_table: 
          tag_table: 
          memories: 
          raw memories: 
          precise memories: 
          globals: 
          locals: 

 raises: 
Effects: doing one iteration...
Effects: doing one iteration...
Effects: doing one iteration...
Effects: doing one iteration...
Effects: fixpoint reached
Effects for function strlen:
 reads:  alloc_table: (s_3_10 : alloc-root "voidP") at (Here)
         tag_table: 
         memories: (s_3_10 : mem-field "charM") at (Here)
         raw memories: (s_3_10 : mem-field "charM") at (Here)
         precise memories: 
         globals: 
         locals: \result at (Here), s_3 at (Here)

 writes:  alloc_table: 
          tag_table: 
          memories: 
          raw memories: 
          precise memories: 
          globals: 
          locals: 

 raises: 
Effects: doing one iteration...
Effects: doing one iteration...
Effects: doing one iteration...
Effects: fixpoint reached
Effects for function isalnum:
 reads:  alloc_table: 
         tag_table: 
         memories: 
         raw memories: 
         precise memories: 
         globals: 
         locals: \result at (Here), c_2 at (Here)

 writes:  alloc_table: 
          tag_table: 
          memories: 
          raw memories: 
          precise memories: 
          globals: 
          locals: 

 raises: 
Effects: doing one iteration...
Effects: doing one iteration...
Effects: doing one iteration...
Effects: fixpoint reached
Effects for function isalpha:
 reads:  alloc_table: 
         tag_table: 
         memories: 
         raw memories: 
         precise memories: 
         globals: 
         locals: \result at (Here), c_3 at (Here)

 writes:  alloc_table: 
          tag_table: 
          memories: 
          raw memories: 
          precise memories: 
          globals: 
          locals: 

 raises: 
Effects: doing one iteration...
Effects: doing one iteration...
Effects: doing one iteration...
Effects: fixpoint reached
Effects for function islower:
 reads:  alloc_table: 
         tag_table: 
         memories: 
         raw memories: 
         precise memories: 
         globals: 
         locals: \result at (Here), c_6 at (Here)

 writes:  alloc_table: 
          tag_table: 
          memories: 
          raw memories: 
          precise memories: 
          globals: 
          locals: 

 raises: 
Effects: doing one iteration...
Effects: doing one iteration...
Effects: doing one iteration...
Effects: fixpoint reached
Effects for function isspace:
 reads:  alloc_table: 
         tag_table: 
         memories: 
         raw memories: 
         precise memories: 
         globals: 
         locals: \result at (Here), c_8 at (Here)

 writes:  alloc_table: 
          tag_table: 
          memories: 
          raw memories: 
          precise memories: 
          globals: 
          locals: 

 raises: 
Effects: doing one iteration...
Effects: doing one iteration...
Effects: doing one iteration...
Effects: fixpoint reached
Effects for function isupper:
 reads:  alloc_table: 
         tag_table: 
         memories: 
         raw memories: 
         precise memories: 
         globals: 
         locals: \result at (Here), c_9 at (Here)

 writes:  alloc_table: 
          tag_table: 
          memories: 
          raw memories: 
          precise memories: 
          globals: 
          locals: 

 raises: 
Effects: doing one iteration...
Effects: doing one iteration...
Effects: doing one iteration...
Effects: fixpoint reached
Effects for function isxdigit:
 reads:  alloc_table: 
         tag_table: 
         memories: 
         raw memories: 
         precise memories: 
         globals: 
         locals: \result at (Here), c_10 at (Here)

 writes:  alloc_table: 
          tag_table: 
          memories: 
          raw memories: 
          precise memories: 
          globals: 
          locals: 

 raises: 
Effects: doing one iteration...
Effects: doing one iteration...
Effects: doing one iteration...
Effects: fixpoint reached
Effects for function isascii:
 reads:  alloc_table: 
         tag_table: 
         memories: 
         raw memories: 
         precise memories: 
         globals: 
         locals: \result at (Here), c_4 at (Here)

 writes:  alloc_table: 
          tag_table: 
          memories: 
          raw memories: 
          precise memories: 
          globals: 
          locals: 

 raises: 
Effects: doing one iteration...
Effects: doing one iteration...
Effects: doing one iteration...
Effects: fixpoint reached
Effects for function isdigit:
 reads:  alloc_table: 
         tag_table: 
         memories: 
         raw memories: 
         precise memories: 
         globals: 
         locals: \result at (Here), c_5 at (Here)

 writes:  alloc_table: 
          tag_table: 
          memories: 
          raw memories: 
          precise memories: 
          globals: 
          locals: 

 raises: 
Effects: doing one iteration...
Effects: doing one iteration...
Effects: doing one iteration...
Effects: fixpoint reached
Effects for function __tolower:
 reads:  alloc_table: 
         tag_table: 
         memories: 
         raw memories: 
         precise memories: 
         globals: 
         locals: \result at (Here), c at (Here)

 writes:  alloc_table: 
          tag_table: 
          memories: 
          raw memories: 
          precise memories: 
          globals: 
          locals: 

 raises: 
Effects: doing one iteration...
Effects: doing one iteration...
Effects: doing one iteration...
Effects: fixpoint reached
Effects for function __toupper:
 reads:  alloc_table: 
         tag_table: 
         memories: 
         raw memories: 
         precise memories: 
         globals: 
         locals: \result at (Here), c_0 at (Here)

 writes:  alloc_table: 
          tag_table: 
          memories: 
          raw memories: 
          precise memories: 
          globals: 
          locals: 

 raises: 
Effects: doing one iteration...
Effects: doing one iteration...
Effects: doing one iteration...
Effects: fixpoint reached
Effects for function tolower:
 reads:  alloc_table: 
         tag_table: 
         memories: 
         raw memories: 
         precise memories: 
         globals: 
         locals: \result at (Here), c_11 at (Here)

 writes:  alloc_table: 
          tag_table: 
          memories: 
          raw memories: 
          precise memories: 
          globals: 
          locals: 

 raises: 
Effects: doing one iteration...
Effects: doing one iteration...
Effects: doing one iteration...
Effects: fixpoint reached
Effects for function toupper:
 reads:  alloc_table: 
         tag_table: 
         memories: 
         raw memories: 
         precise memories: 
         globals: 
         locals: \result at (Here), c_12 at (Here)

 writes:  alloc_table: 
          tag_table: 
          memories: 
          raw memories: 
          precise memories: 
          globals: 
          locals: 

 raises: 
Effects: doing one iteration...
Effects: doing one iteration...
Effects: doing one iteration...
Effects: fixpoint reached
Effects for function _tolower:
 reads:  alloc_table: 
         tag_table: 
         memories: 
         raw memories: 
         precise memories: 
         globals: 
         locals: \result at (Here), c_1 at (Here)

 writes:  alloc_table: 
          tag_table: 
          memories: 
          raw memories: 
          precise memories: 
          globals: 
          locals: 

 raises: 
Effects: doing one iteration...
Effects: doing one iteration...
Effects: doing one iteration...
Effects: fixpoint reached
Effects for function isodigit:
 reads:  alloc_table: 
         tag_table: 
         memories: 
         raw memories: 
         precise memories: 
         globals: 
         locals: \result at (Here), c_7 at (Here)

 writes:  alloc_table: 
          tag_table: 
          memories: 
          raw memories: 
          precise memories: 
          globals: 
          locals: 

 raises: 
Effects: doing one iteration...
Effects: doing one iteration...
Effects: doing one iteration...
Effects: doing one iteration...
Effects: fixpoint reached
Effects for function strcasecmp:
 reads:  alloc_table: (s2_12 : alloc-root "voidP") at (Here),
                      (s1_11 : alloc-root "voidP") at (Here)
         tag_table: (s2_12 : voidP) at (Here), (s1_11 : voidP) at (Here)
         memories: (s2_12 : mem-field "charM") at (Here),
                   (s1_11 : mem-field "charM") at (Here)
         raw memories: (s2_12 : mem-field "charM") at (Here),
                       (s1_11 : mem-field "charM") at (Here)
         precise memories: 
         globals: 
         locals: __retres at (Here), tmp_2 at (Here), tmp_1 at (Here),
                 tmp_0 at (Here), tmp at (Here), c2 at (Here), c1 at (Here),
                 \result at (Here), s2 at (Here, Old), s1 at (Here, Old)

 writes:  alloc_table: 
          tag_table: 
          memories: 
          raw memories: 
          precise memories: 
          globals: 
          locals: __retres at (Here), res at (Here), tmp_2 at (Here),
                  tmp_1 at (Here), tmp_0 at (Here), tmp at (Here),
                  os2 at (Here), os1 at (Here), c2 at (Here), c1 at (Here),
                  s2 at (Here), s1 at (Here)

 raises: 
Translate logic types
Translate structures
all_allocs(tag charP):
  Found 1 allocs.
all_memories(tag charP):
  Found 0 memories.
all_memories(tag charP):
  Found 0 memories.
all_allocs(tag charP):
  Found 1 allocs.
all_allocs(tag charP):
  Found 1 allocs.
all_memories(tag charP):
  Found 0 memories.
all_allocs(tag charP):
  Found 1 allocs.
all_tags(tag charP):
  Found 1 tags.
all_memories(tag charP):
  Found 0 memories.
all_memories(tag charP):
  Found 0 memories.
all_tags(tag charP):
  Found 1 tags.
all_memories(tag charP):
  Found 0 memories.
all_tags(tag charP):
  Found 1 tags.
all_memories(tag charP):
  Found 0 memories.
all_tags(tag charP):
  Found 1 tags.
all_memories(tag charP):
  Found 0 memories.
all_allocs(tag charP):
  Found 1 allocs.
all_tags(tag charP):
  Found 1 tags.
all_memories(tag charP):
  Found 0 memories.
all_allocs(tag charP):
  Found 1 allocs.
all_memories(tag charP):
  Found 0 memories.
all_memories(tag charP):
  Found 0 memories.
all_allocs(tag charP):
  Found 1 allocs.
all_allocs(tag charP):
  Found 1 allocs.
all_memories(tag charP):
  Found 0 memories.
all_memories(tag charP):
  Found 0 memories.
all_allocs(tag charP):
  Found 1 allocs.
all_allocs(tag charP):
  Found 1 allocs.
all_memories(tag charP):
  Found 0 memories.
all_allocs(tag charP):
  Found 1 allocs.
all_tags(tag charP):
  Found 1 tags.
all_memories(tag charP):
  Found 0 memories.
all_memories(tag charP):
  Found 0 memories.
all_tags(tag charP):
  Found 1 tags.
all_memories(tag charP):
  Found 0 memories.
all_tags(tag charP):
  Found 1 tags.
all_memories(tag charP):
  Found 0 memories.
all_tags(tag charP):
  Found 1 tags.
all_memories(tag charP):
  Found 0 memories.
all_allocs(tag charP):
  Found 1 allocs.
all_tags(tag charP):
  Found 1 tags.
all_memories(tag charP):
  Found 0 memories.
all_allocs(tag charP):
  Found 1 allocs.
all_memories(tag charP):
  Found 0 memories.
all_memories(tag charP):
  Found 0 memories.
all_allocs(tag charP):
  Found 1 allocs.
all_allocs(tag charP):
  Found 1 allocs.
all_tags(tag charP):
  Found 1 tags.
all_memories(tag charP):
  Found 0 memories.
all_memories(tag charP):
  Found 0 memories.
all_tags(tag charP):
  Found 1 tags.
all_memories(tag charP):
  Found 0 memories.
all_tags(tag charP):
  Found 1 tags.
all_memories(tag charP):
  Found 0 memories.
all_tags(tag charP):
  Found 1 tags.
all_memories(tag charP):
  Found 0 memories.
all_allocs(tag charP):
  Found 1 allocs.
all_tags(tag charP):
  Found 1 tags.
all_memories(tag charP):
  Found 0 memories.
all_allocs(tag charP):
  Found 1 allocs.
all_memories(tag charP):
  Found 0 memories.
all_memories(tag charP):
  Found 0 memories.
all_allocs(tag charP):
  Found 1 allocs.
all_tags(tag charP):
  Found 1 tags.
all_memories(tag charP):
  Found 0 memories.
all_allocs(tag charP):
  Found 1 allocs.
all_memories(tag charP):
  Found 0 memories.
all_allocs(tag charP):
  Found 1 allocs.
all_memories(tag charP):
  Found 0 memories.
all_memories(tag charP):
  Found 0 memories.
all_tags(tag charP):
  Found 1 tags.
all_memories(tag voidP):
  Found 0 memories.
all_tags(tag voidP):
  Found 1 tags.
all_memories(tag charP):
  Found 0 memories.
all_allocs(tag charP):
  Found 1 allocs.
all_memories(tag voidP):
  Found 0 memories.
all_allocs(tag voidP):
  Found 1 allocs.
all_memories(tag charP):
  Found 0 memories.
all_tags(tag charP):
  Found 1 tags.
all_memories(tag charP):
  Found 0 memories.
all_tags(tag charP):
  Found 1 tags.
all_memories(tag charP):
  Found 0 memories.
all_tags(tag charP):
  Found 1 tags.
all_memories(tag charP):
  Found 0 memories.
all_tags(tag charP):
  Found 1 tags.
all_memories(tag charP):
  Found 0 memories.
all_tags(tag charP):
  Found 1 tags.
all_memories(tag charP):
  Found 0 memories.
all_tags(tag charP):
  Found 1 tags.
all_memories(tag charP):
  Found 0 memories.
all_allocs(tag charP):
  Found 1 allocs.
all_memories(tag voidP):
  Found 0 memories.
all_allocs(tag voidP):
  Found 1 allocs.
all_memories(tag charP):
  Found 0 memories.
all_allocs(tag charP):
  Found 1 allocs.
all_memories(tag voidP):
  Found 0 memories.
all_allocs(tag voidP):
  Found 1 allocs.
all_memories(tag charP):
  Found 0 memories.
all_allocs(tag charP):
  Found 1 allocs.
all_memories(tag voidP):
  Found 0 memories.
all_allocs(tag voidP):
  Found 1 allocs.
all_memories(tag charP):
  Found 0 memories.
all_allocs(tag charP):
  Found 1 allocs.
all_memories(tag voidP):
  Found 0 memories.
all_allocs(tag voidP):
  Found 1 allocs.
all_memories(tag charP):
  Found 0 memories.
all_allocs(tag charP):
  Found 1 allocs.
all_memories(tag voidP):
  Found 0 memories.
all_allocs(tag voidP):
  Found 1 allocs.
all_allocs(tag voidP):
  Found 1 allocs.
all_memories(tag voidP):
  Found 0 memories.
all_memories(tag voidP):
  Found 0 memories.
all_allocs(tag voidP):
  Found 1 allocs.
all_allocs(tag voidP):
  Found 1 allocs.
all_memories(tag voidP):
  Found 0 memories.
all_allocs(tag voidP):
  Found 1 allocs.
all_tags(tag voidP):
  Found 1 tags.
all_memories(tag voidP):
  Found 0 memories.
all_memories(tag voidP):
  Found 0 memories.
all_tags(tag voidP):
  Found 1 tags.
all_memories(tag voidP):
  Found 0 memories.
all_tags(tag voidP):
  Found 1 tags.
all_memories(tag voidP):
  Found 0 memories.
all_tags(tag voidP):
  Found 1 tags.
all_memories(tag voidP):
  Found 0 memories.
all_allocs(tag voidP):
  Found 1 allocs.
all_tags(tag voidP):
  Found 1 tags.
all_memories(tag voidP):
  Found 0 memories.
all_allocs(tag voidP):
  Found 1 allocs.
all_memories(tag voidP):
  Found 0 memories.
all_memories(tag voidP):
  Found 0 memories.
all_allocs(tag voidP):
  Found 1 allocs.
all_allocs(tag voidP):
  Found 1 allocs.
all_memories(tag voidP):
  Found 0 memories.
all_memories(tag voidP):
  Found 0 memories.
all_allocs(tag voidP):
  Found 1 allocs.
all_allocs(tag voidP):
  Found 1 allocs.
all_memories(tag voidP):
  Found 0 memories.
all_allocs(tag voidP):
  Found 1 allocs.
all_tags(tag voidP):
  Found 1 tags.
all_memories(tag voidP):
  Found 0 memories.
all_memories(tag voidP):
  Found 0 memories.
all_tags(tag voidP):
  Found 1 tags.
all_memories(tag voidP):
  Found 0 memories.
all_tags(tag voidP):
  Found 1 tags.
all_memories(tag voidP):
  Found 0 memories.
all_tags(tag voidP):
  Found 1 tags.
all_memories(tag voidP):
  Found 0 memories.
all_allocs(tag voidP):
  Found 1 allocs.
all_tags(tag voidP):
  Found 1 tags.
all_memories(tag voidP):
  Found 0 memories.
all_allocs(tag voidP):
  Found 1 allocs.
all_memories(tag voidP):
  Found 0 memories.
all_memories(tag voidP):
  Found 0 memories.
all_allocs(tag voidP):
  Found 1 allocs.
all_allocs(tag voidP):
  Found 1 allocs.
all_tags(tag voidP):
  Found 1 tags.
all_memories(tag voidP):
  Found 0 memories.
all_memories(tag voidP):
  Found 0 memories.
all_tags(tag voidP):
  Found 1 tags.
all_memories(tag voidP):
  Found 0 memories.
all_tags(tag voidP):
  Found 1 tags.
all_memories(tag voidP):
  Found 0 memories.
all_tags(tag voidP):
  Found 1 tags.
all_memories(tag voidP):
  Found 0 memories.
all_allocs(tag voidP):
  Found 1 allocs.
all_tags(tag voidP):
  Found 1 tags.
all_memories(tag voidP):
  Found 0 memories.
all_allocs(tag voidP):
  Found 1 allocs.
all_memories(tag voidP):
  Found 0 memories.
all_memories(tag voidP):
  Found 0 memories.
all_allocs(tag voidP):
  Found 1 allocs.
all_tags(tag voidP):
  Found 1 tags.
all_memories(tag voidP):
  Found 0 memories.
all_allocs(tag voidP):
  Found 1 allocs.
all_memories(tag voidP):
  Found 0 memories.
all_allocs(tag voidP):
  Found 1 allocs.
all_memories(tag voidP):
  Found 0 memories.
all_memories(tag voidP):
  Found 0 memories.
all_tags(tag voidP):
  Found 1 tags.
all_memories(tag voidP):
  Found 0 memories.
all_allocs(tag voidP):
  Found 1 allocs.
all_memories(tag voidP):
  Found 0 memories.
all_tags(tag voidP):
  Found 1 tags.
all_memories(tag voidP):
  Found 0 memories.
all_tags(tag voidP):
  Found 1 tags.
all_memories(tag voidP):
  Found 0 memories.
all_tags(tag voidP):
  Found 1 tags.
all_memories(tag voidP):
  Found 0 memories.
all_tags(tag voidP):
  Found 1 tags.
all_memories(tag voidP):
  Found 0 memories.
all_tags(tag voidP):
  Found 1 tags.
all_memories(tag voidP):
  Found 0 memories.
all_tags(tag voidP):
  Found 1 tags.
all_memories(tag voidP):
  Found 0 memories.
all_allocs(tag voidP):
  Found 1 allocs.
all_memories(tag voidP):
  Found 0 memories.
all_allocs(tag voidP):
  Found 1 allocs.
all_memories(tag voidP):
  Found 0 memories.
all_allocs(tag voidP):
  Found 1 allocs.
all_memories(tag voidP):
  Found 0 memories.
all_allocs(tag voidP):
  Found 1 allocs.
all_memories(tag voidP):
  Found 0 memories.
all_allocs(tag voidP):
  Found 1 allocs.
Translate variants
Translate global regions
Translate exceptions
Translate enumerated types
Translate dummies
Translate standalone logic functions
Logic function valid_str
Logic function strlen
Logic function _LF__Predicate__valid_str_len
Logic function _LF__Predicate__valid_str_shift
Logic function islower
Logic function isupper
Logic function isalpha
Logic function isdigit
Logic function isodigit
Logic function isalnum
Logic function isspace
Logic function isxdigit
Logic function tolower
Logic function toupper
Translate axiomatic declarations
Axiomatic Ctype
Axiomatic LF__Axiomatic__valid_str_len
Axiomatic LF__Axiomatic__valid_str_shift
Axiomatic Padding
Axiomatic Strlen
Translate lemmas
Translate functions
Pre-treatement Function elim_valid_str
Pre-treatement Function elim_valid_str_len
Pre-treatement Function valid_str_len
Pre-treatement Function intro_valid_str_len
Pre-treatement Function valid_str_shift
Pre-treatement Function elim_strlen
Pre-treatement Function strlen
Pre-treatement Function isalnum
Pre-treatement Function isalpha
Pre-treatement Function islower
Pre-treatement Function isspace
Pre-treatement Function isupper
Pre-treatement Function isxdigit
Pre-treatement Function isascii
Pre-treatement Function isdigit
Pre-treatement Function __tolower
Pre-treatement Function __toupper
Pre-treatement Function tolower
Pre-treatement Function toupper
Pre-treatement Function _tolower
Pre-treatement Function isodigit
Pre-treatement Function strcasecmp
Function elim_valid_str
Function elim_valid_str_len
Function valid_str_len
Function intro_valid_str_len
Function valid_str_shift
Function elim_strlen
Function strlen
Function isalnum
Function isalpha
Function islower
Function isspace
Function isupper
Function isxdigit
Function isascii
Function isdigit
Function __tolower
Function __toupper
Function tolower
Function toupper
Function _tolower
Function isodigit
Function strcasecmp
Produce makefile
