WHYLIB is not set, using /home/mikhail/.opam/astraver/lib/astraver as default
Parsing
Normalization
Typing logic labels
Typing code
Typing axiomatic Padding
Typing logic type declaration padding
Typing axiomatic Strlen
Typing axiomatic LF__Axiomatic__valid_str_len
Typing axiomatic LF__Axiomatic__valid_str_shift
Typing axiomatic Strchr
Typing axiomatic LF__Axiomatic__strchr_mem
Typing axiomatic LF__Axiomatic__strchr_res
Typing axiomatic LF__Axiomatic__strchr_defn
Typing axiomatic LF__Axiomatic__strchr_not_null
Typing axiomatic LF__Axiomatic__strchr_skipped
Typing axiomatic Padding
Typing tag voidP
Typing tag charP
Typing axiomatic Strlen
Typing axiomatic LF__Axiomatic__valid_str_len
Typing lemma/axiom LF__Lemma__valid_str_len
Typing axiomatic LF__Axiomatic__valid_str_shift
Typing lemma/axiom LF__Lemma__valid_str_shift
Typing axiomatic Strchr
Typing axiomatic LF__Axiomatic__strchr_mem
Typing lemma/axiom LF__Lemma__strchr_mem
Typing axiomatic LF__Axiomatic__strchr_res
Typing lemma/axiom LF__Lemma__strchr_res
Typing axiomatic LF__Axiomatic__strchr_defn
Typing lemma/axiom LF__Lemma__strchr_defn
Typing axiomatic LF__Axiomatic__strchr_not_null
Typing lemma/axiom LF__Lemma__strchr_not_null
Typing axiomatic LF__Axiomatic__strchr_skipped
Typing lemma/axiom LF__Lemma__strchr_skipped
Computation of call graph
***********************************
Logic call graph: has 10 components
***********************************
Component 0:
 valid_str calls: 

Component 1:
 strlen calls: strlen

Component 2:
 _LF__Predicate__valid_str_len calls: 

Component 3:
 _LF__Predicate__valid_str_shift calls: 

Component 4:
 strchr calls: strchr

Component 5:
 _LF__Predicate__strchr_mem calls: 

Component 6:
 _LF__Predicate__strchr_res calls: 

Component 7:
 _LF__Predicate__strchr_defn calls: 

Component 8:
 _LF__Predicate__strchr_not_null calls: 

Component 9:
 _LF__Predicate__strchr_skipped calls: 

******************************
Call graph: has 13 components
******************************
Component 0:
 elim_valid_str calls: 

Component 1:
 elim_valid_str_len calls: 

Component 2:
 valid_str_len calls: 

Component 3:
 intro_valid_str_len calls: 

Component 4:
 valid_str_shift calls: 

Component 5:
 elim_strlen calls: 

Component 6:
 strlen calls: 

Component 7:
 strchr_mem calls: strchr_mem

Component 8:
 strchr_res calls: strchr_res

Component 9:
 strchr_defn calls: strchr_defn

Component 10:
 strchr_not_null calls: strchr_not_null

Component 11:
 strchr_skipped calls: strchr_skipped

Component 12:
 strchr calls: 

Adding invariants
Computation of regions
Separation: treating function elim_valid_str
Separation: treating function elim_valid_str
Separation: treating function elim_valid_str_len
Separation: treating function elim_valid_str_len
Separation: treating function valid_str_len
Separation: treating function valid_str_len
Separation: treating function intro_valid_str_len
Separation: treating function intro_valid_str_len
Separation: treating function valid_str_shift
Separation: treating function valid_str_shift
Separation: treating function elim_strlen
Separation: treating function elim_strlen
Separation: treating function strlen
Separation: treating function strlen
Separation: treating function strchr_mem
Separation: treating function strchr_mem
Separation: treating function strchr_res
Separation: treating function strchr_res
Separation: treating function strchr_defn
Separation: treating function strchr_defn
Separation: treating function strchr_not_null
Separation: treating function strchr_not_null
Separation: treating function strchr_skipped
Separation: treating function strchr_skipped
Separation: treating function strchr
Separation: treating function strchr
Computation of effects
Effects: doing one iteration
Effects: doing one iteration
Effects: fixpoint reached
Effects for logic function valid_str:
 alloc_table: (s_2 : alloc-root "voidP") at (L)
 tag_table: 
 memories: (s_2 : mem-field "charM") at (L)
 raw memories: 
 precise memories: 
 globals: 
 locals: s at (Here)

Effects: doing one iteration
Effects: doing one iteration
Effects: fixpoint reached
Effects for logic function strlen:
 alloc_table: 
 tag_table: 
 memories: (s_0_3 : mem-field "charM") at (L)
 raw memories: 
 precise memories: 
 globals: 
 locals: s_0 at (Here)

Effects: doing one iteration
Effects: fixpoint reached
Effects for logic function _LF__Predicate__valid_str_len:
 alloc_table: 
 tag_table: 
 memories: 
 raw memories: 
 precise memories: 
 globals: 
 locals: 

Effects: doing one iteration
Effects: fixpoint reached
Effects for logic function _LF__Predicate__valid_str_shift:
 alloc_table: 
 tag_table: 
 memories: 
 raw memories: 
 precise memories: 
 globals: 
 locals: 

Effects: doing one iteration
Effects: doing one iteration
Effects: fixpoint reached
Effects for logic function strchr:
 alloc_table: 
 tag_table: 
 memories: (str_11 : mem-field "charM") at (L)
 raw memories: 
 precise memories: 
 globals: 
 locals: c at (Here), str at (Here)

Effects: doing one iteration
Effects: fixpoint reached
Effects for logic function _LF__Predicate__strchr_mem:
 alloc_table: 
 tag_table: 
 memories: 
 raw memories: 
 precise memories: 
 globals: 
 locals: 

Effects: doing one iteration
Effects: fixpoint reached
Effects for logic function _LF__Predicate__strchr_res:
 alloc_table: 
 tag_table: 
 memories: 
 raw memories: 
 precise memories: 
 globals: 
 locals: 

Effects: doing one iteration
Effects: fixpoint reached
Effects for logic function _LF__Predicate__strchr_defn:
 alloc_table: 
 tag_table: 
 memories: 
 raw memories: 
 precise memories: 
 globals: 
 locals: 

Effects: doing one iteration
Effects: fixpoint reached
Effects for logic function _LF__Predicate__strchr_not_null:
 alloc_table: 
 tag_table: 
 memories: 
 raw memories: 
 precise memories: 
 globals: 
 locals: 

Effects: doing one iteration
Effects: fixpoint reached
Effects for logic function _LF__Predicate__strchr_skipped:
 alloc_table: 
 tag_table: 
 memories: 
 raw memories: 
 precise memories: 
 globals: 
 locals: 

Effects: doing one iteration...
Effects: doing one iteration...
Effects: doing one iteration...
Effects: doing one iteration...
Effects: fixpoint reached
Effects for function elim_valid_str:
 reads:  alloc_table: (s_0_4 : alloc-root "voidP") at (Here)
         tag_table: 
         memories: (s_0_4 : mem-field "charM") at (Here)
         raw memories: (s_0_4 : mem-field "charM") at (Here)
         precise memories: 
         globals: 
         locals: \result at (Here), s_0 at (Here)

 writes:  alloc_table: 
          tag_table: 
          memories: 
          raw memories: 
          precise memories: 
          globals: 
          locals: 

 raises: 
Effects: doing one iteration...
Effects: doing one iteration...
Effects: doing one iteration...
Effects: doing one iteration...
Effects: fixpoint reached
Effects for function elim_valid_str_len:
 reads:  alloc_table: (s_1_5 : alloc-root "voidP") at (Here)
         tag_table: 
         memories: (s_1_5 : mem-field "charM") at (Here)
         raw memories: (s_1_5 : mem-field "charM") at (Here)
         precise memories: 
         globals: 
         locals: \result at (Here), s_1 at (Here)

 writes:  alloc_table: 
          tag_table: 
          memories: 
          raw memories: 
          precise memories: 
          globals: 
          locals: 

 raises: 
Effects: doing one iteration...
Effects: doing one iteration...
Effects: doing one iteration...
Effects: doing one iteration...
Effects: fixpoint reached
Effects for function valid_str_len:
 reads:  alloc_table: (s_5_6 : alloc-root "voidP") at (Here)
         tag_table: 
         memories: (s_5_6 : mem-field "charM") at (Here)
         raw memories: (s_5_6 : mem-field "charM") at (Here)
         precise memories: 
         globals: 
         locals: s_5 at (Here)

 writes:  alloc_table: 
          tag_table: 
          memories: 
          raw memories: 
          precise memories: 
          globals: 
          locals: 

 raises: 
Effects: doing one iteration...
Effects: doing one iteration...
Effects: doing one iteration...
Effects: doing one iteration...
Effects: fixpoint reached
Effects for function intro_valid_str_len:
 reads:  alloc_table: (s_2_7 : alloc-root "voidP") at (Here)
         tag_table: 
         memories: (s_2_7 : mem-field "charM") at (Here)
         raw memories: (s_2_7 : mem-field "charM") at (Here)
         precise memories: 
         globals: 
         locals: n_1 at (Here), s_2 at (Here)

 writes:  alloc_table: 
          tag_table: 
          memories: 
          raw memories: 
          precise memories: 
          globals: 
          locals: 

 raises: 
Effects: doing one iteration...
Effects: doing one iteration...
Effects: doing one iteration...
Effects: doing one iteration...
Effects: fixpoint reached
Effects for function valid_str_shift:
 reads:  alloc_table: (s_6_8 : alloc-root "voidP") at (Here)
         tag_table: 
         memories: (s_6_8 : mem-field "charM") at (Here)
         raw memories: (s_6_8 : mem-field "charM") at (Here)
         precise memories: 
         globals: 
         locals: s_6 at (Here)

 writes:  alloc_table: 
          tag_table: 
          memories: 
          raw memories: 
          precise memories: 
          globals: 
          locals: 

 raises: 
Effects: doing one iteration...
Effects: doing one iteration...
Effects: doing one iteration...
Effects: doing one iteration...
Effects: fixpoint reached
Effects for function elim_strlen:
 reads:  alloc_table: (s_9 : alloc-root "voidP") at (Here)
         tag_table: 
         memories: (s_9 : mem-field "charM") at (Here)
         raw memories: (s_9 : mem-field "charM") at (Here)
         precise memories: 
         globals: 
         locals: s at (Here)

 writes:  alloc_table: 
          tag_table: 
          memories: 
          raw memories: 
          precise memories: 
          globals: 
          locals: 

 raises: 
Effects: doing one iteration...
Effects: doing one iteration...
Effects: doing one iteration...
Effects: doing one iteration...
Effects: fixpoint reached
Effects for function strlen:
 reads:  alloc_table: (s_4_10 : alloc-root "voidP") at (Here)
         tag_table: 
         memories: (s_4_10 : mem-field "charM") at (Here)
         raw memories: (s_4_10 : mem-field "charM") at (Here)
         precise memories: 
         globals: 
         locals: \result at (Here), s_4 at (Here)

 writes:  alloc_table: 
          tag_table: 
          memories: 
          raw memories: 
          precise memories: 
          globals: 
          locals: 

 raises: 
Effects: doing one iteration...
Effects: doing one iteration...
Effects: doing one iteration...
Effects: doing one iteration...
Effects: fixpoint reached
Effects for function strchr_mem:
 reads:  alloc_table: (str_0_13 : alloc-root "voidP") at (Here)
         tag_table: (str_0_13 : voidP) at (Here)
         memories: (str_0_13 : mem-field "charM") at (Here)
         raw memories: (str_0_13 : mem-field "charM") at (Here)
         precise memories: 
         globals: 
         locals: c_1 at (Here), str_0 at (Here)

 writes:  alloc_table: 
          tag_table: 
          memories: 
          raw memories: 
          precise memories: 
          globals: 
          locals: 

 raises: 
Effects: doing one iteration...
Effects: doing one iteration...
Effects: doing one iteration...
Effects: doing one iteration...
Effects: fixpoint reached
Effects for function strchr_res:
 reads:  alloc_table: (str_2_14 : alloc-root "voidP") at (Here)
         tag_table: (str_2_14 : voidP) at (Here)
         memories: (str_2_14 : mem-field "charM") at (Here)
         raw memories: (str_2_14 : mem-field "charM") at (Here)
         precise memories: 
         globals: 
         locals: c_3 at (Here), str_2 at (Here)

 writes:  alloc_table: 
          tag_table: 
          memories: 
          raw memories: 
          precise memories: 
          globals: 
          locals: 

 raises: 
Effects: doing one iteration...
Effects: doing one iteration...
Effects: doing one iteration...
Effects: doing one iteration...
Effects: fixpoint reached
Effects for function strchr_defn:
 reads:  alloc_table: (str_15 : alloc-root "voidP") at (Here)
         tag_table: (str_15 : voidP) at (Here)
         memories: (str_15 : mem-field "charM") at (Here)
         raw memories: (str_15 : mem-field "charM") at (Here)
         precise memories: 
         globals: 
         locals: i at (Here), c_0 at (Here), str at (Here)

 writes:  alloc_table: 
          tag_table: 
          memories: 
          raw memories: 
          precise memories: 
          globals: 
          locals: 

 raises: 
Effects: doing one iteration...
Effects: doing one iteration...
Effects: doing one iteration...
Effects: doing one iteration...
Effects: fixpoint reached
Effects for function strchr_not_null:
 reads:  alloc_table: (str_1_16 : alloc-root "voidP") at (Here)
         tag_table: (str_1_16 : voidP) at (Here)
         memories: (str_1_16 : mem-field "charM") at (Here)
         raw memories: (str_1_16 : mem-field "charM") at (Here)
         precise memories: 
         globals: 
         locals: c_2 at (Here), str_1 at (Here)

 writes:  alloc_table: 
          tag_table: 
          memories: 
          raw memories: 
          precise memories: 
          globals: 
          locals: 

 raises: 
Effects: doing one iteration...
Effects: doing one iteration...
Effects: doing one iteration...
Effects: doing one iteration...
Effects: fixpoint reached
Effects for function strchr_skipped:
 reads:  alloc_table: (str_3_17 : alloc-root "voidP") at (Here)
         tag_table: (str_3_17 : voidP) at (Here)
         memories: (str_3_17 : mem-field "charM") at (Here)
         raw memories: (str_3_17 : mem-field "charM") at (Here)
         precise memories: 
         globals: 
         locals: i_0 at (Here), c_4 at (Here), str_3 at (Here)

 writes:  alloc_table: 
          tag_table: 
          memories: 
          raw memories: 
          precise memories: 
          globals: 
          locals: 

 raises: 
Effects: doing one iteration...
Effects: doing one iteration...
Effects: doing one iteration...
Effects: doing one iteration...
Effects: fixpoint reached
Effects for function strchr:
 reads:  alloc_table: (s_3_18 : alloc-root "voidP") at (Here)
         tag_table: 
         memories: (s_3_18 : mem-field "charM") at (Here)
         raw memories: (s_3_18 : mem-field "charM") at (Here)
         precise memories: 
         globals: 
         locals: \result at (Here), c at (Here), s_3 at (Here)

 writes:  alloc_table: 
          tag_table: 
          memories: 
          raw memories: 
          precise memories: 
          globals: 
          locals: 

 raises: 
Translate logic types
Translate structures
all_allocs(tag charP):
  Found 1 allocs.
all_memories(tag charP):
  Found 0 memories.
all_memories(tag charP):
  Found 0 memories.
all_allocs(tag charP):
  Found 1 allocs.
all_allocs(tag charP):
  Found 1 allocs.
all_memories(tag charP):
  Found 0 memories.
all_allocs(tag charP):
  Found 1 allocs.
all_tags(tag charP):
  Found 1 tags.
all_memories(tag charP):
  Found 0 memories.
all_memories(tag charP):
  Found 0 memories.
all_tags(tag charP):
  Found 1 tags.
all_memories(tag charP):
  Found 0 memories.
all_tags(tag charP):
  Found 1 tags.
all_memories(tag charP):
  Found 0 memories.
all_tags(tag charP):
  Found 1 tags.
all_memories(tag charP):
  Found 0 memories.
all_allocs(tag charP):
  Found 1 allocs.
all_tags(tag charP):
  Found 1 tags.
all_memories(tag charP):
  Found 0 memories.
all_allocs(tag charP):
  Found 1 allocs.
all_memories(tag charP):
  Found 0 memories.
all_memories(tag charP):
  Found 0 memories.
all_allocs(tag charP):
  Found 1 allocs.
all_allocs(tag charP):
  Found 1 allocs.
all_memories(tag charP):
  Found 0 memories.
all_memories(tag charP):
  Found 0 memories.
all_allocs(tag charP):
  Found 1 allocs.
all_allocs(tag charP):
  Found 1 allocs.
all_memories(tag charP):
  Found 0 memories.
all_allocs(tag charP):
  Found 1 allocs.
all_tags(tag charP):
  Found 1 tags.
all_memories(tag charP):
  Found 0 memories.
all_memories(tag charP):
  Found 0 memories.
all_tags(tag charP):
  Found 1 tags.
all_memories(tag charP):
  Found 0 memories.
all_tags(tag charP):
  Found 1 tags.
all_memories(tag charP):
  Found 0 memories.
all_tags(tag charP):
  Found 1 tags.
all_memories(tag charP):
  Found 0 memories.
all_allocs(tag charP):
  Found 1 allocs.
all_tags(tag charP):
  Found 1 tags.
all_memories(tag charP):
  Found 0 memories.
all_allocs(tag charP):
  Found 1 allocs.
all_memories(tag charP):
  Found 0 memories.
all_memories(tag charP):
  Found 0 memories.
all_allocs(tag charP):
  Found 1 allocs.
all_allocs(tag charP):
  Found 1 allocs.
all_tags(tag charP):
  Found 1 tags.
all_memories(tag charP):
  Found 0 memories.
all_memories(tag charP):
  Found 0 memories.
all_tags(tag charP):
  Found 1 tags.
all_memories(tag charP):
  Found 0 memories.
all_tags(tag charP):
  Found 1 tags.
all_memories(tag charP):
  Found 0 memories.
all_tags(tag charP):
  Found 1 tags.
all_memories(tag charP):
  Found 0 memories.
all_allocs(tag charP):
  Found 1 allocs.
all_tags(tag charP):
  Found 1 tags.
all_memories(tag charP):
  Found 0 memories.
all_allocs(tag charP):
  Found 1 allocs.
all_memories(tag charP):
  Found 0 memories.
all_memories(tag charP):
  Found 0 memories.
all_allocs(tag charP):
  Found 1 allocs.
all_tags(tag charP):
  Found 1 tags.
all_memories(tag charP):
  Found 0 memories.
all_allocs(tag charP):
  Found 1 allocs.
all_memories(tag charP):
  Found 0 memories.
all_allocs(tag charP):
  Found 1 allocs.
all_memories(tag charP):
  Found 0 memories.
all_memories(tag charP):
  Found 0 memories.
all_tags(tag charP):
  Found 1 tags.
all_memories(tag voidP):
  Found 0 memories.
all_tags(tag voidP):
  Found 1 tags.
all_memories(tag charP):
  Found 0 memories.
all_allocs(tag charP):
  Found 1 allocs.
all_memories(tag voidP):
  Found 0 memories.
all_allocs(tag voidP):
  Found 1 allocs.
all_memories(tag charP):
  Found 0 memories.
all_tags(tag charP):
  Found 1 tags.
all_memories(tag charP):
  Found 0 memories.
all_tags(tag charP):
  Found 1 tags.
all_memories(tag charP):
  Found 0 memories.
all_tags(tag charP):
  Found 1 tags.
all_memories(tag charP):
  Found 0 memories.
all_tags(tag charP):
  Found 1 tags.
all_memories(tag charP):
  Found 0 memories.
all_tags(tag charP):
  Found 1 tags.
all_memories(tag charP):
  Found 0 memories.
all_tags(tag charP):
  Found 1 tags.
all_memories(tag charP):
  Found 0 memories.
all_allocs(tag charP):
  Found 1 allocs.
all_memories(tag voidP):
  Found 0 memories.
all_allocs(tag voidP):
  Found 1 allocs.
all_memories(tag charP):
  Found 0 memories.
all_allocs(tag charP):
  Found 1 allocs.
all_memories(tag voidP):
  Found 0 memories.
all_allocs(tag voidP):
  Found 1 allocs.
all_memories(tag charP):
  Found 0 memories.
all_allocs(tag charP):
  Found 1 allocs.
all_memories(tag voidP):
  Found 0 memories.
all_allocs(tag voidP):
  Found 1 allocs.
all_memories(tag charP):
  Found 0 memories.
all_allocs(tag charP):
  Found 1 allocs.
all_memories(tag voidP):
  Found 0 memories.
all_allocs(tag voidP):
  Found 1 allocs.
all_memories(tag charP):
  Found 0 memories.
all_allocs(tag charP):
  Found 1 allocs.
all_memories(tag voidP):
  Found 0 memories.
all_allocs(tag voidP):
  Found 1 allocs.
all_allocs(tag voidP):
  Found 1 allocs.
all_memories(tag voidP):
  Found 0 memories.
all_memories(tag voidP):
  Found 0 memories.
all_allocs(tag voidP):
  Found 1 allocs.
all_allocs(tag voidP):
  Found 1 allocs.
all_memories(tag voidP):
  Found 0 memories.
all_allocs(tag voidP):
  Found 1 allocs.
all_tags(tag voidP):
  Found 1 tags.
all_memories(tag voidP):
  Found 0 memories.
all_memories(tag voidP):
  Found 0 memories.
all_tags(tag voidP):
  Found 1 tags.
all_memories(tag voidP):
  Found 0 memories.
all_tags(tag voidP):
  Found 1 tags.
all_memories(tag voidP):
  Found 0 memories.
all_tags(tag voidP):
  Found 1 tags.
all_memories(tag voidP):
  Found 0 memories.
all_allocs(tag voidP):
  Found 1 allocs.
all_tags(tag voidP):
  Found 1 tags.
all_memories(tag voidP):
  Found 0 memories.
all_allocs(tag voidP):
  Found 1 allocs.
all_memories(tag voidP):
  Found 0 memories.
all_memories(tag voidP):
  Found 0 memories.
all_allocs(tag voidP):
  Found 1 allocs.
all_allocs(tag voidP):
  Found 1 allocs.
all_memories(tag voidP):
  Found 0 memories.
all_memories(tag voidP):
  Found 0 memories.
all_allocs(tag voidP):
  Found 1 allocs.
all_allocs(tag voidP):
  Found 1 allocs.
all_memories(tag voidP):
  Found 0 memories.
all_allocs(tag voidP):
  Found 1 allocs.
all_tags(tag voidP):
  Found 1 tags.
all_memories(tag voidP):
  Found 0 memories.
all_memories(tag voidP):
  Found 0 memories.
all_tags(tag voidP):
  Found 1 tags.
all_memories(tag voidP):
  Found 0 memories.
all_tags(tag voidP):
  Found 1 tags.
all_memories(tag voidP):
  Found 0 memories.
all_tags(tag voidP):
  Found 1 tags.
all_memories(tag voidP):
  Found 0 memories.
all_allocs(tag voidP):
  Found 1 allocs.
all_tags(tag voidP):
  Found 1 tags.
all_memories(tag voidP):
  Found 0 memories.
all_allocs(tag voidP):
  Found 1 allocs.
all_memories(tag voidP):
  Found 0 memories.
all_memories(tag voidP):
  Found 0 memories.
all_allocs(tag voidP):
  Found 1 allocs.
all_allocs(tag voidP):
  Found 1 allocs.
all_tags(tag voidP):
  Found 1 tags.
all_memories(tag voidP):
  Found 0 memories.
all_memories(tag voidP):
  Found 0 memories.
all_tags(tag voidP):
  Found 1 tags.
all_memories(tag voidP):
  Found 0 memories.
all_tags(tag voidP):
  Found 1 tags.
all_memories(tag voidP):
  Found 0 memories.
all_tags(tag voidP):
  Found 1 tags.
all_memories(tag voidP):
  Found 0 memories.
all_allocs(tag voidP):
  Found 1 allocs.
all_tags(tag voidP):
  Found 1 tags.
all_memories(tag voidP):
  Found 0 memories.
all_allocs(tag voidP):
  Found 1 allocs.
all_memories(tag voidP):
  Found 0 memories.
all_memories(tag voidP):
  Found 0 memories.
all_allocs(tag voidP):
  Found 1 allocs.
all_tags(tag voidP):
  Found 1 tags.
all_memories(tag voidP):
  Found 0 memories.
all_allocs(tag voidP):
  Found 1 allocs.
all_memories(tag voidP):
  Found 0 memories.
all_allocs(tag voidP):
  Found 1 allocs.
all_memories(tag voidP):
  Found 0 memories.
all_memories(tag voidP):
  Found 0 memories.
all_tags(tag voidP):
  Found 1 tags.
all_memories(tag voidP):
  Found 0 memories.
all_allocs(tag voidP):
  Found 1 allocs.
all_memories(tag voidP):
  Found 0 memories.
all_tags(tag voidP):
  Found 1 tags.
all_memories(tag voidP):
  Found 0 memories.
all_tags(tag voidP):
  Found 1 tags.
all_memories(tag voidP):
  Found 0 memories.
all_tags(tag voidP):
  Found 1 tags.
all_memories(tag voidP):
  Found 0 memories.
all_tags(tag voidP):
  Found 1 tags.
all_memories(tag voidP):
  Found 0 memories.
all_tags(tag voidP):
  Found 1 tags.
all_memories(tag voidP):
  Found 0 memories.
all_tags(tag voidP):
  Found 1 tags.
all_memories(tag voidP):
  Found 0 memories.
all_allocs(tag voidP):
  Found 1 allocs.
all_memories(tag voidP):
  Found 0 memories.
all_allocs(tag voidP):
  Found 1 allocs.
all_memories(tag voidP):
  Found 0 memories.
all_allocs(tag voidP):
  Found 1 allocs.
all_memories(tag voidP):
  Found 0 memories.
all_allocs(tag voidP):
  Found 1 allocs.
all_memories(tag voidP):
  Found 0 memories.
all_allocs(tag voidP):
  Found 1 allocs.
Translate variants
Translate global regions
Translate exceptions
Translate enumerated types
Translate dummies
Translate standalone logic functions
Logic function valid_str
Logic function strlen
Logic function _LF__Predicate__valid_str_len
Logic function _LF__Predicate__valid_str_shift
Logic function strchr
Logic function _LF__Predicate__strchr_mem
Logic function _LF__Predicate__strchr_res
Logic function _LF__Predicate__strchr_defn
Logic function _LF__Predicate__strchr_not_null
Logic function _LF__Predicate__strchr_skipped
Translate axiomatic declarations
Axiomatic LF__Axiomatic__strchr_defn
Axiomatic LF__Axiomatic__strchr_mem
Axiomatic LF__Axiomatic__strchr_not_null
Axiomatic LF__Axiomatic__strchr_res
Axiomatic LF__Axiomatic__strchr_skipped
Axiomatic LF__Axiomatic__valid_str_len
Axiomatic LF__Axiomatic__valid_str_shift
Axiomatic Padding
Axiomatic Strchr
Axiomatic Strlen
Translate lemmas
Translate functions
Pre-treatement Function elim_valid_str
Pre-treatement Function elim_valid_str_len
Pre-treatement Function valid_str_len
Pre-treatement Function intro_valid_str_len
Pre-treatement Function valid_str_shift
Pre-treatement Function elim_strlen
Pre-treatement Function strlen
Pre-treatement Function strchr_mem
Pre-treatement Function strchr_res
Pre-treatement Function strchr_defn
Pre-treatement Function strchr_not_null
Pre-treatement Function strchr_skipped
Pre-treatement Function strchr
Function elim_valid_str
Function elim_valid_str_len
Function valid_str_len
Function intro_valid_str_len
Function valid_str_shift
Function elim_strlen
Function strlen
Function strchr_mem
Function strchr_res
Function strchr_defn
Function strchr_not_null
Function strchr_skipped
Function strchr
Produce makefile
