WHYLIB is not set, using /home/mikhail/.opam/astraver/lib/astraver as default
Parsing
Normalization
Typing logic labels
Typing code
Typing axiomatic Padding
Typing logic type declaration padding
Typing axiomatic Strlen
Typing axiomatic LF__Axiomatic__valid_str_len
Typing axiomatic LF__Axiomatic__valid_str_shift
Typing axiomatic StrSpn
Typing axiomatic LF__Axiomatic__in_array_shift1
Typing axiomatic LF__Axiomatic__in_array_true
Typing axiomatic LF__Axiomatic__in_array_false
Typing axiomatic LF__Axiomatic__strspn_strend
Typing axiomatic LF__Axiomatic__strspn_empty_accept
Typing axiomatic LF__Axiomatic__strspn_range
Typing axiomatic Padding
Typing tag voidP
Typing tag charP
Typing axiomatic Strlen
Typing axiomatic LF__Axiomatic__valid_str_len
Typing lemma/axiom LF__Lemma__valid_str_len
Typing axiomatic LF__Axiomatic__valid_str_shift
Typing lemma/axiom LF__Lemma__valid_str_shift
Typing axiomatic StrSpn
Typing axiomatic LF__Axiomatic__in_array_shift1
Typing lemma/axiom LF__Lemma__in_array_shift1
Typing axiomatic LF__Axiomatic__in_array_true
Typing lemma/axiom LF__Lemma__in_array_true
Typing axiomatic LF__Axiomatic__in_array_false
Typing lemma/axiom LF__Lemma__in_array_false
Typing axiomatic LF__Axiomatic__strspn_strend
Typing lemma/axiom LF__Lemma__strspn_strend
Typing axiomatic LF__Axiomatic__strspn_empty_accept
Typing lemma/axiom LF__Lemma__strspn_empty_accept
Typing axiomatic LF__Axiomatic__strspn_range
Typing lemma/axiom LF__Lemma__strspn_range
Computation of call graph
***********************************
Logic call graph: has 12 components
***********************************
Component 0:
 valid_str calls: 

Component 1:
 strlen calls: strlen

Component 2:
 _LF__Predicate__valid_str_len calls: 

Component 3:
 _LF__Predicate__valid_str_shift calls: 

Component 4:
 in_array calls: strlen,
strlen

Component 5:
 strspn calls: strspn,
in_array

Component 6:
 _LF__Predicate__in_array_shift1 calls: 

Component 7:
 _LF__Predicate__in_array_true calls: 

Component 8:
 _LF__Predicate__in_array_false calls: 

Component 9:
 _LF__Predicate__strspn_strend calls: 

Component 10:
 _LF__Predicate__strspn_empty_accept calls: 

Component 11:
 _LF__Predicate__strspn_range calls: 

******************************
Call graph: has 15 components
******************************
Component 0:
 elim_valid_str calls: 

Component 1:
 elim_valid_str_len calls: 

Component 2:
 valid_str_len calls: 

Component 3:
 intro_valid_str_len calls: 

Component 4:
 valid_str_shift calls: 

Component 5:
 elim_strlen calls: 

Component 6:
 strlen calls: 

Component 7:
 in_array_shift1 calls: 

Component 8:
 in_array_true calls: 

Component 9:
 in_array_false calls: 

Component 10:
 strspn_strend calls: 

Component 11:
 strspn_empty_accept calls: 

Component 12:
 in_array calls: in_array

Component 13:
 strspn_range calls: strspn_range,
in_array

Component 14:
 strspn calls: 

Adding invariants
Computation of regions
Separation: treating function elim_valid_str
Separation: treating function elim_valid_str
Separation: treating function elim_valid_str_len
Separation: treating function elim_valid_str_len
Separation: treating function valid_str_len
Separation: treating function valid_str_len
Separation: treating function intro_valid_str_len
Separation: treating function intro_valid_str_len
Separation: treating function valid_str_shift
Separation: treating function valid_str_shift
Separation: treating function elim_strlen
Separation: treating function elim_strlen
Separation: treating function strlen
Separation: treating function strlen
Separation: treating function in_array_shift1
Separation: treating function in_array_shift1
Separation: treating function in_array_true
Separation: treating function in_array_true
Separation: treating function in_array_false
Separation: treating function in_array_false
Separation: treating function strspn_strend
Separation: treating function strspn_strend
Separation: treating function strspn_empty_accept
Separation: treating function strspn_empty_accept
Separation: treating function in_array
Separation: treating function in_array
Separation: treating function strspn_range
Separation: treating function strspn_range
Separation: treating function strspn
Separation: treating function strspn
Computation of effects
Effects: doing one iteration
Effects: doing one iteration
Effects: fixpoint reached
Effects for logic function valid_str:
 alloc_table: (s_2 : alloc-root "voidP") at (L)
 tag_table: 
 memories: (s_2 : mem-field "charM") at (L)
 raw memories: 
 precise memories: 
 globals: 
 locals: s at (Here)

Effects: doing one iteration
Effects: doing one iteration
Effects: fixpoint reached
Effects for logic function strlen:
 alloc_table: 
 tag_table: 
 memories: (s_0_3 : mem-field "charM") at (L)
 raw memories: 
 precise memories: 
 globals: 
 locals: s_0 at (Here)

Effects: doing one iteration
Effects: fixpoint reached
Effects for logic function _LF__Predicate__valid_str_len:
 alloc_table: 
 tag_table: 
 memories: 
 raw memories: 
 precise memories: 
 globals: 
 locals: 

Effects: doing one iteration
Effects: fixpoint reached
Effects for logic function _LF__Predicate__valid_str_shift:
 alloc_table: 
 tag_table: 
 memories: 
 raw memories: 
 precise memories: 
 globals: 
 locals: 

Effects: doing one iteration
Effects: doing one iteration
Effects: fixpoint reached
Effects for logic function in_array:
 alloc_table: 
 tag_table: 
 memories: (s_3_11 : mem-field "charM") at (L)
 raw memories: 
 precise memories: 
 globals: 
 locals: c at (Here), s_3 at (Here)

Effects: doing one iteration
Effects: doing one iteration
Effects: fixpoint reached
Effects for logic function strspn:
 alloc_table: 
 tag_table: 
 memories: (accept_13 : mem-field "charM") at (L),
           (s_4_12 : mem-field "charM") at (L)
 raw memories: 
 precise memories: 
 globals: 
 locals: accept at (Here), s_4 at (Here)

Effects: doing one iteration
Effects: fixpoint reached
Effects for logic function _LF__Predicate__in_array_shift1:
 alloc_table: 
 tag_table: 
 memories: 
 raw memories: 
 precise memories: 
 globals: 
 locals: 

Effects: doing one iteration
Effects: fixpoint reached
Effects for logic function _LF__Predicate__in_array_true:
 alloc_table: 
 tag_table: 
 memories: 
 raw memories: 
 precise memories: 
 globals: 
 locals: 

Effects: doing one iteration
Effects: fixpoint reached
Effects for logic function _LF__Predicate__in_array_false:
 alloc_table: 
 tag_table: 
 memories: 
 raw memories: 
 precise memories: 
 globals: 
 locals: 

Effects: doing one iteration
Effects: fixpoint reached
Effects for logic function _LF__Predicate__strspn_strend:
 alloc_table: 
 tag_table: 
 memories: 
 raw memories: 
 precise memories: 
 globals: 
 locals: 

Effects: doing one iteration
Effects: fixpoint reached
Effects for logic function _LF__Predicate__strspn_empty_accept:
 alloc_table: 
 tag_table: 
 memories: 
 raw memories: 
 precise memories: 
 globals: 
 locals: 

Effects: doing one iteration
Effects: fixpoint reached
Effects for logic function _LF__Predicate__strspn_range:
 alloc_table: 
 tag_table: 
 memories: 
 raw memories: 
 precise memories: 
 globals: 
 locals: 

Effects: doing one iteration...
Effects: doing one iteration...
Effects: doing one iteration...
Effects: doing one iteration...
Effects: fixpoint reached
Effects for function elim_valid_str:
 reads:  alloc_table: (s_0_4 : alloc-root "voidP") at (Here)
         tag_table: 
         memories: (s_0_4 : mem-field "charM") at (Here)
         raw memories: (s_0_4 : mem-field "charM") at (Here)
         precise memories: 
         globals: 
         locals: \result at (Here), s_0 at (Here)

 writes:  alloc_table: 
          tag_table: 
          memories: 
          raw memories: 
          precise memories: 
          globals: 
          locals: 

 raises: 
Effects: doing one iteration...
Effects: doing one iteration...
Effects: doing one iteration...
Effects: doing one iteration...
Effects: fixpoint reached
Effects for function elim_valid_str_len:
 reads:  alloc_table: (s_1_5 : alloc-root "voidP") at (Here)
         tag_table: 
         memories: (s_1_5 : mem-field "charM") at (Here)
         raw memories: (s_1_5 : mem-field "charM") at (Here)
         precise memories: 
         globals: 
         locals: \result at (Here), s_1 at (Here)

 writes:  alloc_table: 
          tag_table: 
          memories: 
          raw memories: 
          precise memories: 
          globals: 
          locals: 

 raises: 
Effects: doing one iteration...
Effects: doing one iteration...
Effects: doing one iteration...
Effects: doing one iteration...
Effects: fixpoint reached
Effects for function valid_str_len:
 reads:  alloc_table: (s_12_6 : alloc-root "voidP") at (Here)
         tag_table: 
         memories: (s_12_6 : mem-field "charM") at (Here)
         raw memories: (s_12_6 : mem-field "charM") at (Here)
         precise memories: 
         globals: 
         locals: s_12 at (Here)

 writes:  alloc_table: 
          tag_table: 
          memories: 
          raw memories: 
          precise memories: 
          globals: 
          locals: 

 raises: 
Effects: doing one iteration...
Effects: doing one iteration...
Effects: doing one iteration...
Effects: doing one iteration...
Effects: fixpoint reached
Effects for function intro_valid_str_len:
 reads:  alloc_table: (s_6_7 : alloc-root "voidP") at (Here)
         tag_table: 
         memories: (s_6_7 : mem-field "charM") at (Here)
         raw memories: (s_6_7 : mem-field "charM") at (Here)
         precise memories: 
         globals: 
         locals: n_1 at (Here), s_6 at (Here)

 writes:  alloc_table: 
          tag_table: 
          memories: 
          raw memories: 
          precise memories: 
          globals: 
          locals: 

 raises: 
Effects: doing one iteration...
Effects: doing one iteration...
Effects: doing one iteration...
Effects: doing one iteration...
Effects: fixpoint reached
Effects for function valid_str_shift:
 reads:  alloc_table: (s_13_8 : alloc-root "voidP") at (Here)
         tag_table: 
         memories: (s_13_8 : mem-field "charM") at (Here)
         raw memories: (s_13_8 : mem-field "charM") at (Here)
         precise memories: 
         globals: 
         locals: s_13 at (Here)

 writes:  alloc_table: 
          tag_table: 
          memories: 
          raw memories: 
          precise memories: 
          globals: 
          locals: 

 raises: 
Effects: doing one iteration...
Effects: doing one iteration...
Effects: doing one iteration...
Effects: doing one iteration...
Effects: fixpoint reached
Effects for function elim_strlen:
 reads:  alloc_table: (s_9 : alloc-root "voidP") at (Here)
         tag_table: 
         memories: (s_9 : mem-field "charM") at (Here)
         raw memories: (s_9 : mem-field "charM") at (Here)
         precise memories: 
         globals: 
         locals: s at (Here)

 writes:  alloc_table: 
          tag_table: 
          memories: 
          raw memories: 
          precise memories: 
          globals: 
          locals: 

 raises: 
Effects: doing one iteration...
Effects: doing one iteration...
Effects: doing one iteration...
Effects: doing one iteration...
Effects: fixpoint reached
Effects for function strlen:
 reads:  alloc_table: (s_7_10 : alloc-root "voidP") at (Here)
         tag_table: 
         memories: (s_7_10 : mem-field "charM") at (Here)
         raw memories: (s_7_10 : mem-field "charM") at (Here)
         precise memories: 
         globals: 
         locals: \result at (Here), s_7 at (Here)

 writes:  alloc_table: 
          tag_table: 
          memories: 
          raw memories: 
          precise memories: 
          globals: 
          locals: 

 raises: 
Effects: doing one iteration...
Effects: doing one iteration...
Effects: doing one iteration...
Effects: doing one iteration...
Effects: fixpoint reached
Effects for function in_array_shift1:
 reads:  alloc_table: (s_4_14 : alloc-root "voidP") at (Here)
         tag_table: 
         memories: (s_4_14 : mem-field "charM") at (Here)
         raw memories: (s_4_14 : mem-field "charM") at (Here)
         precise memories: 
         globals: 
         locals: c_1 at (Here), s_4 at (Here)

 writes:  alloc_table: 
          tag_table: 
          memories: 
          raw memories: 
          precise memories: 
          globals: 
          locals: 

 raises: 
Effects: doing one iteration...
Effects: doing one iteration...
Effects: doing one iteration...
Effects: doing one iteration...
Effects: fixpoint reached
Effects for function in_array_true:
 reads:  alloc_table: (s_5_15 : alloc-root "voidP") at (Here)
         tag_table: 
         memories: (s_5_15 : mem-field "charM") at (Here)
         raw memories: (s_5_15 : mem-field "charM") at (Here)
         precise memories: 
         globals: 
         locals: c_2 at (Here), s_5 at (Here)

 writes:  alloc_table: 
          tag_table: 
          memories: 
          raw memories: 
          precise memories: 
          globals: 
          locals: 

 raises: 
Effects: doing one iteration...
Effects: doing one iteration...
Effects: doing one iteration...
Effects: doing one iteration...
Effects: fixpoint reached
Effects for function in_array_false:
 reads:  alloc_table: (s_3_16 : alloc-root "voidP") at (Here)
         tag_table: 
         memories: (s_3_16 : mem-field "charM") at (Here)
         raw memories: (s_3_16 : mem-field "charM") at (Here)
         precise memories: 
         globals: 
         locals: c_0 at (Here), s_3 at (Here)

 writes:  alloc_table: 
          tag_table: 
          memories: 
          raw memories: 
          precise memories: 
          globals: 
          locals: 

 raises: 
Effects: doing one iteration...
Effects: doing one iteration...
Effects: doing one iteration...
Effects: doing one iteration...
Effects: fixpoint reached
Effects for function strspn_strend:
 reads:  alloc_table: (s_11_17 : alloc-root "voidP") at (Here)
         tag_table: 
         memories: (accept_2_18 : mem-field "charM") at (Here),
                   (s_11_17 : mem-field "charM") at (Here)
         raw memories: (s_11_17 : mem-field "charM") at (Here)
         precise memories: 
         globals: 
         locals: accept_2 at (Here), s_11 at (Here)

 writes:  alloc_table: 
          tag_table: 
          memories: 
          raw memories: 
          precise memories: 
          globals: 
          locals: 

 raises: 
Effects: doing one iteration...
Effects: doing one iteration...
Effects: doing one iteration...
Effects: doing one iteration...
Effects: fixpoint reached
Effects for function strspn_empty_accept:
 reads:  alloc_table: (accept_0_20 : alloc-root "voidP") at (Here)
         tag_table: 
         memories: (accept_0_20 : mem-field "charM") at (Here),
                   (s_9_19 : mem-field "charM") at (Here)
         raw memories: (accept_0_20 : mem-field "charM") at (Here)
         precise memories: 
         globals: 
         locals: accept_0 at (Here), s_9 at (Here)

 writes:  alloc_table: 
          tag_table: 
          memories: 
          raw memories: 
          precise memories: 
          globals: 
          locals: 

 raises: 
Effects: doing one iteration...
Effects: doing one iteration...
Effects: doing one iteration...
Effects: doing one iteration...
Effects: fixpoint reached
Effects for function in_array:
 reads:  alloc_table: (s_2_21 : alloc-root "voidP") at (Here)
         tag_table: (s_2_21 : voidP) at (Here)
         memories: (s_2_21 : mem-field "charM") at (Here)
         raw memories: (s_2_21 : mem-field "charM") at (Here)
         precise memories: 
         globals: 
         locals: __retres at (Here), tmp at (Here), \result at (Here),
                 c at (Here), s_2 at (Here)

 writes:  alloc_table: 
          tag_table: 
          memories: 
          raw memories: 
          precise memories: 
          globals: 
          locals: __retres at (Here), tmp at (Here)

 raises: 
Effects: doing one iteration...
Effects: doing one iteration...
Effects: doing one iteration...
Effects: doing one iteration...
Effects: fixpoint reached
Effects for function strspn_range:
 reads:  alloc_table: (accept_1_23 : alloc-root "voidP") at (Here),
                      (s_10_22 : alloc-root "voidP") at (Here)
         tag_table: (accept_1_23 : voidP) at (Here),
                    (s_10_22 : voidP) at (Here)
         memories: (accept_1_23 : mem-field "charM") at (Here),
                   (s_10_22 : mem-field "charM") at (Here)
         raw memories: (accept_1_23 : mem-field "charM") at (Here),
                       (s_10_22 : mem-field "charM") at (Here)
         precise memories: 
         globals: 
         locals: tmp_0 at (Here), accept_1 at (Here), s_10 at (Here)

 writes:  alloc_table: 
          tag_table: 
          memories: 
          raw memories: 
          precise memories: 
          globals: 
          locals: tmp_0 at (Here)

 raises: 
Effects: doing one iteration...
Effects: doing one iteration...
Effects: doing one iteration...
Effects: doing one iteration...
Effects: fixpoint reached
Effects for function strspn:
 reads:  alloc_table: (accept_25 : alloc-root "voidP") at (Here),
                      (s_8_24 : alloc-root "voidP") at (Here)
         tag_table: 
         memories: (accept_25 : mem-field "charM") at (Here),
                   (s_8_24 : mem-field "charM") at (Here)
         raw memories: (accept_25 : mem-field "charM") at (Here),
                       (s_8_24 : mem-field "charM") at (Here)
         precise memories: 
         globals: 
         locals: \result at (Here), accept at (Here), s_8 at (Here)

 writes:  alloc_table: 
          tag_table: 
          memories: 
          raw memories: 
          precise memories: 
          globals: 
          locals: 

 raises: 
Translate logic types
Translate structures
all_allocs(tag charP):
  Found 1 allocs.
all_memories(tag charP):
  Found 0 memories.
all_memories(tag charP):
  Found 0 memories.
all_allocs(tag charP):
  Found 1 allocs.
all_allocs(tag charP):
  Found 1 allocs.
all_memories(tag charP):
  Found 0 memories.
all_allocs(tag charP):
  Found 1 allocs.
all_tags(tag charP):
  Found 1 tags.
all_memories(tag charP):
  Found 0 memories.
all_memories(tag charP):
  Found 0 memories.
all_tags(tag charP):
  Found 1 tags.
all_memories(tag charP):
  Found 0 memories.
all_tags(tag charP):
  Found 1 tags.
all_memories(tag charP):
  Found 0 memories.
all_tags(tag charP):
  Found 1 tags.
all_memories(tag charP):
  Found 0 memories.
all_allocs(tag charP):
  Found 1 allocs.
all_tags(tag charP):
  Found 1 tags.
all_memories(tag charP):
  Found 0 memories.
all_allocs(tag charP):
  Found 1 allocs.
all_memories(tag charP):
  Found 0 memories.
all_memories(tag charP):
  Found 0 memories.
all_allocs(tag charP):
  Found 1 allocs.
all_allocs(tag charP):
  Found 1 allocs.
all_memories(tag charP):
  Found 0 memories.
all_memories(tag charP):
  Found 0 memories.
all_allocs(tag charP):
  Found 1 allocs.
all_allocs(tag charP):
  Found 1 allocs.
all_memories(tag charP):
  Found 0 memories.
all_allocs(tag charP):
  Found 1 allocs.
all_tags(tag charP):
  Found 1 tags.
all_memories(tag charP):
  Found 0 memories.
all_memories(tag charP):
  Found 0 memories.
all_tags(tag charP):
  Found 1 tags.
all_memories(tag charP):
  Found 0 memories.
all_tags(tag charP):
  Found 1 tags.
all_memories(tag charP):
  Found 0 memories.
all_tags(tag charP):
  Found 1 tags.
all_memories(tag charP):
  Found 0 memories.
all_allocs(tag charP):
  Found 1 allocs.
all_tags(tag charP):
  Found 1 tags.
all_memories(tag charP):
  Found 0 memories.
all_allocs(tag charP):
  Found 1 allocs.
all_memories(tag charP):
  Found 0 memories.
all_memories(tag charP):
  Found 0 memories.
all_allocs(tag charP):
  Found 1 allocs.
all_allocs(tag charP):
  Found 1 allocs.
all_tags(tag charP):
  Found 1 tags.
all_memories(tag charP):
  Found 0 memories.
all_memories(tag charP):
  Found 0 memories.
all_tags(tag charP):
  Found 1 tags.
all_memories(tag charP):
  Found 0 memories.
all_tags(tag charP):
  Found 1 tags.
all_memories(tag charP):
  Found 0 memories.
all_tags(tag charP):
  Found 1 tags.
all_memories(tag charP):
  Found 0 memories.
all_allocs(tag charP):
  Found 1 allocs.
all_tags(tag charP):
  Found 1 tags.
all_memories(tag charP):
  Found 0 memories.
all_allocs(tag charP):
  Found 1 allocs.
all_memories(tag charP):
  Found 0 memories.
all_memories(tag charP):
  Found 0 memories.
all_allocs(tag charP):
  Found 1 allocs.
all_tags(tag charP):
  Found 1 tags.
all_memories(tag charP):
  Found 0 memories.
all_allocs(tag charP):
  Found 1 allocs.
all_memories(tag charP):
  Found 0 memories.
all_allocs(tag charP):
  Found 1 allocs.
all_memories(tag charP):
  Found 0 memories.
all_memories(tag charP):
  Found 0 memories.
all_tags(tag charP):
  Found 1 tags.
all_memories(tag voidP):
  Found 0 memories.
all_tags(tag voidP):
  Found 1 tags.
all_memories(tag charP):
  Found 0 memories.
all_allocs(tag charP):
  Found 1 allocs.
all_memories(tag voidP):
  Found 0 memories.
all_allocs(tag voidP):
  Found 1 allocs.
all_memories(tag charP):
  Found 0 memories.
all_tags(tag charP):
  Found 1 tags.
all_memories(tag charP):
  Found 0 memories.
all_tags(tag charP):
  Found 1 tags.
all_memories(tag charP):
  Found 0 memories.
all_tags(tag charP):
  Found 1 tags.
all_memories(tag charP):
  Found 0 memories.
all_tags(tag charP):
  Found 1 tags.
all_memories(tag charP):
  Found 0 memories.
all_tags(tag charP):
  Found 1 tags.
all_memories(tag charP):
  Found 0 memories.
all_tags(tag charP):
  Found 1 tags.
all_memories(tag charP):
  Found 0 memories.
all_allocs(tag charP):
  Found 1 allocs.
all_memories(tag voidP):
  Found 0 memories.
all_allocs(tag voidP):
  Found 1 allocs.
all_memories(tag charP):
  Found 0 memories.
all_allocs(tag charP):
  Found 1 allocs.
all_memories(tag voidP):
  Found 0 memories.
all_allocs(tag voidP):
  Found 1 allocs.
all_memories(tag charP):
  Found 0 memories.
all_allocs(tag charP):
  Found 1 allocs.
all_memories(tag voidP):
  Found 0 memories.
all_allocs(tag voidP):
  Found 1 allocs.
all_memories(tag charP):
  Found 0 memories.
all_allocs(tag charP):
  Found 1 allocs.
all_memories(tag voidP):
  Found 0 memories.
all_allocs(tag voidP):
  Found 1 allocs.
all_memories(tag charP):
  Found 0 memories.
all_allocs(tag charP):
  Found 1 allocs.
all_memories(tag voidP):
  Found 0 memories.
all_allocs(tag voidP):
  Found 1 allocs.
all_allocs(tag voidP):
  Found 1 allocs.
all_memories(tag voidP):
  Found 0 memories.
all_memories(tag voidP):
  Found 0 memories.
all_allocs(tag voidP):
  Found 1 allocs.
all_allocs(tag voidP):
  Found 1 allocs.
all_memories(tag voidP):
  Found 0 memories.
all_allocs(tag voidP):
  Found 1 allocs.
all_tags(tag voidP):
  Found 1 tags.
all_memories(tag voidP):
  Found 0 memories.
all_memories(tag voidP):
  Found 0 memories.
all_tags(tag voidP):
  Found 1 tags.
all_memories(tag voidP):
  Found 0 memories.
all_tags(tag voidP):
  Found 1 tags.
all_memories(tag voidP):
  Found 0 memories.
all_tags(tag voidP):
  Found 1 tags.
all_memories(tag voidP):
  Found 0 memories.
all_allocs(tag voidP):
  Found 1 allocs.
all_tags(tag voidP):
  Found 1 tags.
all_memories(tag voidP):
  Found 0 memories.
all_allocs(tag voidP):
  Found 1 allocs.
all_memories(tag voidP):
  Found 0 memories.
all_memories(tag voidP):
  Found 0 memories.
all_allocs(tag voidP):
  Found 1 allocs.
all_allocs(tag voidP):
  Found 1 allocs.
all_memories(tag voidP):
  Found 0 memories.
all_memories(tag voidP):
  Found 0 memories.
all_allocs(tag voidP):
  Found 1 allocs.
all_allocs(tag voidP):
  Found 1 allocs.
all_memories(tag voidP):
  Found 0 memories.
all_allocs(tag voidP):
  Found 1 allocs.
all_tags(tag voidP):
  Found 1 tags.
all_memories(tag voidP):
  Found 0 memories.
all_memories(tag voidP):
  Found 0 memories.
all_tags(tag voidP):
  Found 1 tags.
all_memories(tag voidP):
  Found 0 memories.
all_tags(tag voidP):
  Found 1 tags.
all_memories(tag voidP):
  Found 0 memories.
all_tags(tag voidP):
  Found 1 tags.
all_memories(tag voidP):
  Found 0 memories.
all_allocs(tag voidP):
  Found 1 allocs.
all_tags(tag voidP):
  Found 1 tags.
all_memories(tag voidP):
  Found 0 memories.
all_allocs(tag voidP):
  Found 1 allocs.
all_memories(tag voidP):
  Found 0 memories.
all_memories(tag voidP):
  Found 0 memories.
all_allocs(tag voidP):
  Found 1 allocs.
all_allocs(tag voidP):
  Found 1 allocs.
all_tags(tag voidP):
  Found 1 tags.
all_memories(tag voidP):
  Found 0 memories.
all_memories(tag voidP):
  Found 0 memories.
all_tags(tag voidP):
  Found 1 tags.
all_memories(tag voidP):
  Found 0 memories.
all_tags(tag voidP):
  Found 1 tags.
all_memories(tag voidP):
  Found 0 memories.
all_tags(tag voidP):
  Found 1 tags.
all_memories(tag voidP):
  Found 0 memories.
all_allocs(tag voidP):
  Found 1 allocs.
all_tags(tag voidP):
  Found 1 tags.
all_memories(tag voidP):
  Found 0 memories.
all_allocs(tag voidP):
  Found 1 allocs.
all_memories(tag voidP):
  Found 0 memories.
all_memories(tag voidP):
  Found 0 memories.
all_allocs(tag voidP):
  Found 1 allocs.
all_tags(tag voidP):
  Found 1 tags.
all_memories(tag voidP):
  Found 0 memories.
all_allocs(tag voidP):
  Found 1 allocs.
all_memories(tag voidP):
  Found 0 memories.
all_allocs(tag voidP):
  Found 1 allocs.
all_memories(tag voidP):
  Found 0 memories.
all_memories(tag voidP):
  Found 0 memories.
all_tags(tag voidP):
  Found 1 tags.
all_memories(tag voidP):
  Found 0 memories.
all_allocs(tag voidP):
  Found 1 allocs.
all_memories(tag voidP):
  Found 0 memories.
all_tags(tag voidP):
  Found 1 tags.
all_memories(tag voidP):
  Found 0 memories.
all_tags(tag voidP):
  Found 1 tags.
all_memories(tag voidP):
  Found 0 memories.
all_tags(tag voidP):
  Found 1 tags.
all_memories(tag voidP):
  Found 0 memories.
all_tags(tag voidP):
  Found 1 tags.
all_memories(tag voidP):
  Found 0 memories.
all_tags(tag voidP):
  Found 1 tags.
all_memories(tag voidP):
  Found 0 memories.
all_tags(tag voidP):
  Found 1 tags.
all_memories(tag voidP):
  Found 0 memories.
all_allocs(tag voidP):
  Found 1 allocs.
all_memories(tag voidP):
  Found 0 memories.
all_allocs(tag voidP):
  Found 1 allocs.
all_memories(tag voidP):
  Found 0 memories.
all_allocs(tag voidP):
  Found 1 allocs.
all_memories(tag voidP):
  Found 0 memories.
all_allocs(tag voidP):
  Found 1 allocs.
all_memories(tag voidP):
  Found 0 memories.
all_allocs(tag voidP):
  Found 1 allocs.
Translate variants
Translate global regions
Translate exceptions
Translate enumerated types
Translate dummies
Translate standalone logic functions
Logic function valid_str
Logic function strlen
Logic function _LF__Predicate__valid_str_len
Logic function _LF__Predicate__valid_str_shift
Logic function in_array
Logic function strspn
Logic function _LF__Predicate__in_array_shift1
Logic function _LF__Predicate__in_array_true
Logic function _LF__Predicate__in_array_false
Logic function _LF__Predicate__strspn_strend
Logic function _LF__Predicate__strspn_empty_accept
Logic function _LF__Predicate__strspn_range
Translate axiomatic declarations
Axiomatic LF__Axiomatic__in_array_false
Axiomatic LF__Axiomatic__in_array_shift1
Axiomatic LF__Axiomatic__in_array_true
Axiomatic LF__Axiomatic__strspn_empty_accept
Axiomatic LF__Axiomatic__strspn_range
Axiomatic LF__Axiomatic__strspn_strend
Axiomatic LF__Axiomatic__valid_str_len
Axiomatic LF__Axiomatic__valid_str_shift
Axiomatic Padding
Axiomatic StrSpn
Axiomatic Strlen
Translate lemmas
Translate functions
Pre-treatement Function elim_valid_str
Pre-treatement Function elim_valid_str_len
Pre-treatement Function valid_str_len
Pre-treatement Function intro_valid_str_len
Pre-treatement Function valid_str_shift
Pre-treatement Function elim_strlen
Pre-treatement Function strlen
Pre-treatement Function in_array_shift1
Pre-treatement Function in_array_true
Pre-treatement Function in_array_false
Pre-treatement Function strspn_strend
Pre-treatement Function strspn_empty_accept
Pre-treatement Function in_array
Pre-treatement Function strspn_range
Pre-treatement Function strspn
Function elim_valid_str
Function elim_valid_str_len
Function valid_str_len
Function intro_valid_str_len
Function valid_str_shift
Function elim_strlen
Function strlen
Function in_array_shift1
Function in_array_true
Function in_array_false
Function strspn_strend
Function strspn_empty_accept
Function in_array
Function strspn_range
Function strspn
Produce makefile
