WHYLIB is not set, using /home/work/.opam/4.04.2/lib/jessie as default
Parsing
Normalization
Typing logic labels
Typing code
Typing axiomatic Padding
Typing logic type declaration padding
Typing axiomatic Strlen
Typing axiomatic StrSpn
Typing axiomatic Padding
Typing tag voidP
Typing tag charP
Typing tag unsigned_charP
Typing axiomatic Strlen
Typing lemma/axiom valid_str_shift1
Typing lemma/axiom valid_str_strend
Typing lemma/axiom strlen_before_null
Typing lemma/axiom strlen_at_null
Typing lemma/axiom strlen_shift
Typing lemma/axiom strlen_shift_ex
Typing lemma/axiom strlen_shift1
Typing lemma/axiom strlen_pointers
Typing lemma/axiom strlen_main
Typing lemma/axiom valid_str_shiftn
Typing axiomatic StrSpn
Typing lemma/axiom in_array_shift1
Typing lemma/axiom in_array_true
Typing lemma/axiom in_array_false
Typing lemma/axiom strspn_strend
Typing lemma/axiom strspn_empty_accept
Typing lemma/axiom strspn_range
Typing lemma/axiom strspn_shift1
Typing lemma/axiom strspn_stop_not_in_accept
Computation of call graph
***********************************
Logic call graph: has 4 components
***********************************
Component 0:
 valid_str calls: 

Component 1:
 strlen calls: strlen

Component 2:
 in_array calls: strlen,
strlen

Component 3:
 strspn calls: in_array, in_array, valid_str, in_array,
valid_str, in_array, valid_str, strspn, strspn, strlen, strspn, strspn,
valid_str, valid_str, strspn, strspn, in_array, valid_str, valid_str, strspn,
in_array, valid_str,
valid_str

******************************
Call graph: has 2 components
******************************
Component 0:
 strlen calls: 

Component 1:
 strspn calls: 

Adding invariants
Computation of regions
Separation: treating function strlen
Separation: treating function strlen
Separation: treating function strspn
Separation: treating function strspn
Computation of effects
Effects: doing one iteration
Effects: doing one iteration
Effects: fixpoint reached
Effects for logic function valid_str:
 alloc_table: (s_2 : alloc-root "voidP") at (L)
 tag_table: 
 memories: (s_2 : mem-field "charM") at (L)
 raw memories: 
 precise memories: 
 globals: 
 locals: s at (Here)

Effects: doing one iteration
Effects: doing one iteration
Effects: fixpoint reached
Effects for logic function strlen:
 alloc_table: 
 tag_table: 
 memories: (s_2_3 : mem-field "charM") at (L)
 raw memories: 
 precise memories: 
 globals: 
 locals: s_2 at (Here)

Effects: doing one iteration
Effects: doing one iteration
Effects: fixpoint reached
Effects for logic function in_array:
 alloc_table: 
 tag_table: 
 memories: (s_11_5 : mem-field "charM") at (L)
 raw memories: 
 precise memories: 
 globals: 
 locals: c at (Here), s_11 at (Here)

Effects: doing one iteration
Effects: fixpoint reached
Effects for logic function strspn:
 alloc_table: 
 tag_table: 
 memories: 
 raw memories: 
 precise memories: 
 globals: 
 locals: 

Effects: doing one iteration...
Effects: doing one iteration...
Effects: doing one iteration...
Effects: doing one iteration...
Effects: fixpoint reached
Effects for function strlen:
 reads:  alloc_table: (s_4 : alloc-root "voidP") at (Here)
         tag_table: 
         memories: (s_4 : mem-field "charM") at (Here)
         raw memories: (s_4 : mem-field "charM") at (Here)
         precise memories: 
         globals: 
         locals: \result at (Here), s at (Here)

 writes:  alloc_table: 
          tag_table: 
          memories: 
          raw memories: 
          precise memories: 
          globals: 
          locals: 

 raises: 
Effects: doing one iteration...
Effects: doing one iteration...
Effects: doing one iteration...
Effects: doing one iteration...
Effects: fixpoint reached
Effects for function strspn:
 reads:  alloc_table: (accept_9 : alloc-root "voidP") at (Here),
                      (s_0_8 : alloc-root "voidP") at (Here)
         tag_table: (accept_9 : voidP) at (Here), (s_0_8 : voidP) at (Here)
         memories: (accept_9 : mem-field "charM") at (Here),
                   (s_0_8 : mem-field "charM") at (Here)
         raw memories: (accept_9 : mem-field "charM") at (Here),
                       (s_0_8 : mem-field "charM") at (Here)
         precise memories: 
         globals: 
         locals: __retres at (Here), count at (Here), a at (Here),
                 p at (Here), \result at (Here), accept at (Here),
                 s_0 at (Here)

 writes:  alloc_table: 
          tag_table: 
          memories: 
          raw memories: 
          precise memories: 
          globals: 
          locals: __retres at (Here), count at (Here), a at (Here),
                  p at (Here)

 raises: 
Translate logic types
Translate structures
all_allocs(tag charP):
  Found 1 allocs.
all_memories(tag charP):
  Found 0 memories.
all_memories(tag charP):
  Found 0 memories.
all_allocs(tag charP):
  Found 1 allocs.
all_allocs(tag charP):
  Found 1 allocs.
all_memories(tag charP):
  Found 0 memories.
all_allocs(tag charP):
  Found 1 allocs.
all_tags(tag charP):
  Found 1 tags.
all_memories(tag charP):
  Found 0 memories.
all_memories(tag charP):
  Found 0 memories.
all_tags(tag charP):
  Found 1 tags.
all_memories(tag charP):
  Found 0 memories.
all_tags(tag charP):
  Found 1 tags.
all_memories(tag charP):
  Found 0 memories.
all_tags(tag charP):
  Found 1 tags.
all_memories(tag charP):
  Found 0 memories.
all_allocs(tag charP):
  Found 1 allocs.
all_tags(tag charP):
  Found 1 tags.
all_memories(tag charP):
  Found 0 memories.
all_allocs(tag charP):
  Found 1 allocs.
all_memories(tag charP):
  Found 0 memories.
all_memories(tag charP):
  Found 0 memories.
all_allocs(tag charP):
  Found 1 allocs.
all_allocs(tag charP):
  Found 1 allocs.
all_memories(tag charP):
  Found 0 memories.
all_memories(tag charP):
  Found 0 memories.
all_allocs(tag charP):
  Found 1 allocs.
all_allocs(tag charP):
  Found 1 allocs.
all_memories(tag charP):
  Found 0 memories.
all_allocs(tag charP):
  Found 1 allocs.
all_tags(tag charP):
  Found 1 tags.
all_memories(tag charP):
  Found 0 memories.
all_memories(tag charP):
  Found 0 memories.
all_tags(tag charP):
  Found 1 tags.
all_memories(tag charP):
  Found 0 memories.
all_tags(tag charP):
  Found 1 tags.
all_memories(tag charP):
  Found 0 memories.
all_tags(tag charP):
  Found 1 tags.
all_memories(tag charP):
  Found 0 memories.
all_allocs(tag charP):
  Found 1 allocs.
all_tags(tag charP):
  Found 1 tags.
all_memories(tag charP):
  Found 0 memories.
all_allocs(tag charP):
  Found 1 allocs.
all_memories(tag charP):
  Found 0 memories.
all_memories(tag charP):
  Found 0 memories.
all_allocs(tag charP):
  Found 1 allocs.
all_allocs(tag charP):
  Found 1 allocs.
all_tags(tag charP):
  Found 1 tags.
all_memories(tag charP):
  Found 0 memories.
all_memories(tag charP):
  Found 0 memories.
all_tags(tag charP):
  Found 1 tags.
all_memories(tag charP):
  Found 0 memories.
all_tags(tag charP):
  Found 1 tags.
all_memories(tag charP):
  Found 0 memories.
all_tags(tag charP):
  Found 1 tags.
all_memories(tag charP):
  Found 0 memories.
all_allocs(tag charP):
  Found 1 allocs.
all_tags(tag charP):
  Found 1 tags.
all_memories(tag charP):
  Found 0 memories.
all_allocs(tag charP):
  Found 1 allocs.
all_memories(tag charP):
  Found 0 memories.
all_memories(tag charP):
  Found 0 memories.
all_allocs(tag charP):
  Found 1 allocs.
all_tags(tag charP):
  Found 1 tags.
all_memories(tag charP):
  Found 0 memories.
all_allocs(tag charP):
  Found 1 allocs.
all_memories(tag charP):
  Found 0 memories.
all_allocs(tag charP):
  Found 1 allocs.
all_memories(tag charP):
  Found 0 memories.
all_memories(tag charP):
  Found 0 memories.
all_tags(tag charP):
  Found 1 tags.
all_memories(tag voidP):
  Found 0 memories.
all_tags(tag voidP):
  Found 1 tags.
all_memories(tag charP):
  Found 0 memories.
all_allocs(tag charP):
  Found 1 allocs.
all_memories(tag voidP):
  Found 0 memories.
all_allocs(tag voidP):
  Found 1 allocs.
all_memories(tag charP):
  Found 0 memories.
all_tags(tag charP):
  Found 1 tags.
all_memories(tag charP):
  Found 0 memories.
all_tags(tag charP):
  Found 1 tags.
all_memories(tag charP):
  Found 0 memories.
all_tags(tag charP):
  Found 1 tags.
all_memories(tag charP):
  Found 0 memories.
all_tags(tag charP):
  Found 1 tags.
all_memories(tag charP):
  Found 0 memories.
all_tags(tag charP):
  Found 1 tags.
all_memories(tag charP):
  Found 0 memories.
all_tags(tag charP):
  Found 1 tags.
all_memories(tag charP):
  Found 0 memories.
all_allocs(tag charP):
  Found 1 allocs.
all_memories(tag voidP):
  Found 0 memories.
all_allocs(tag voidP):
  Found 1 allocs.
all_memories(tag charP):
  Found 0 memories.
all_allocs(tag charP):
  Found 1 allocs.
all_memories(tag voidP):
  Found 0 memories.
all_allocs(tag voidP):
  Found 1 allocs.
all_memories(tag charP):
  Found 0 memories.
all_allocs(tag charP):
  Found 1 allocs.
all_memories(tag voidP):
  Found 0 memories.
all_allocs(tag voidP):
  Found 1 allocs.
all_memories(tag charP):
  Found 0 memories.
all_allocs(tag charP):
  Found 1 allocs.
all_memories(tag voidP):
  Found 0 memories.
all_allocs(tag voidP):
  Found 1 allocs.
all_allocs(tag unsigned_charP):
  Found 1 allocs.
all_memories(tag unsigned_charP):
  Found 0 memories.
all_memories(tag unsigned_charP):
  Found 0 memories.
all_allocs(tag unsigned_charP):
  Found 1 allocs.
all_allocs(tag unsigned_charP):
  Found 1 allocs.
all_memories(tag unsigned_charP):
  Found 0 memories.
all_allocs(tag unsigned_charP):
  Found 1 allocs.
all_tags(tag unsigned_charP):
  Found 1 tags.
all_memories(tag unsigned_charP):
  Found 0 memories.
all_memories(tag unsigned_charP):
  Found 0 memories.
all_tags(tag unsigned_charP):
  Found 1 tags.
all_memories(tag unsigned_charP):
  Found 0 memories.
all_tags(tag unsigned_charP):
  Found 1 tags.
all_memories(tag unsigned_charP):
  Found 0 memories.
all_tags(tag unsigned_charP):
  Found 1 tags.
all_memories(tag unsigned_charP):
  Found 0 memories.
all_allocs(tag unsigned_charP):
  Found 1 allocs.
all_tags(tag unsigned_charP):
  Found 1 tags.
all_memories(tag unsigned_charP):
  Found 0 memories.
all_allocs(tag unsigned_charP):
  Found 1 allocs.
all_memories(tag unsigned_charP):
  Found 0 memories.
all_memories(tag unsigned_charP):
  Found 0 memories.
all_allocs(tag unsigned_charP):
  Found 1 allocs.
all_allocs(tag unsigned_charP):
  Found 1 allocs.
all_memories(tag unsigned_charP):
  Found 0 memories.
all_memories(tag unsigned_charP):
  Found 0 memories.
all_allocs(tag unsigned_charP):
  Found 1 allocs.
all_allocs(tag unsigned_charP):
  Found 1 allocs.
all_memories(tag unsigned_charP):
  Found 0 memories.
all_allocs(tag unsigned_charP):
  Found 1 allocs.
all_tags(tag unsigned_charP):
  Found 1 tags.
all_memories(tag unsigned_charP):
  Found 0 memories.
all_memories(tag unsigned_charP):
  Found 0 memories.
all_tags(tag unsigned_charP):
  Found 1 tags.
all_memories(tag unsigned_charP):
  Found 0 memories.
all_tags(tag unsigned_charP):
  Found 1 tags.
all_memories(tag unsigned_charP):
  Found 0 memories.
all_tags(tag unsigned_charP):
  Found 1 tags.
all_memories(tag unsigned_charP):
  Found 0 memories.
all_allocs(tag unsigned_charP):
  Found 1 allocs.
all_tags(tag unsigned_charP):
  Found 1 tags.
all_memories(tag unsigned_charP):
  Found 0 memories.
all_allocs(tag unsigned_charP):
  Found 1 allocs.
all_memories(tag unsigned_charP):
  Found 0 memories.
all_memories(tag unsigned_charP):
  Found 0 memories.
all_allocs(tag unsigned_charP):
  Found 1 allocs.
all_allocs(tag unsigned_charP):
  Found 1 allocs.
all_tags(tag unsigned_charP):
  Found 1 tags.
all_memories(tag unsigned_charP):
  Found 0 memories.
all_memories(tag unsigned_charP):
  Found 0 memories.
all_tags(tag unsigned_charP):
  Found 1 tags.
all_memories(tag unsigned_charP):
  Found 0 memories.
all_tags(tag unsigned_charP):
  Found 1 tags.
all_memories(tag unsigned_charP):
  Found 0 memories.
all_tags(tag unsigned_charP):
  Found 1 tags.
all_memories(tag unsigned_charP):
  Found 0 memories.
all_allocs(tag unsigned_charP):
  Found 1 allocs.
all_tags(tag unsigned_charP):
  Found 1 tags.
all_memories(tag unsigned_charP):
  Found 0 memories.
all_allocs(tag unsigned_charP):
  Found 1 allocs.
all_memories(tag unsigned_charP):
  Found 0 memories.
all_memories(tag unsigned_charP):
  Found 0 memories.
all_allocs(tag unsigned_charP):
  Found 1 allocs.
all_tags(tag unsigned_charP):
  Found 1 tags.
all_memories(tag unsigned_charP):
  Found 0 memories.
all_allocs(tag unsigned_charP):
  Found 1 allocs.
all_memories(tag unsigned_charP):
  Found 0 memories.
all_allocs(tag unsigned_charP):
  Found 1 allocs.
all_memories(tag unsigned_charP):
  Found 0 memories.
all_memories(tag unsigned_charP):
  Found 0 memories.
all_tags(tag unsigned_charP):
  Found 1 tags.
all_memories(tag unsigned_charP):
  Found 0 memories.
all_allocs(tag unsigned_charP):
  Found 1 allocs.
all_memories(tag unsigned_charP):
  Found 0 memories.
all_tags(tag unsigned_charP):
  Found 1 tags.
all_memories(tag unsigned_charP):
  Found 0 memories.
all_tags(tag unsigned_charP):
  Found 1 tags.
all_memories(tag unsigned_charP):
  Found 0 memories.
all_tags(tag unsigned_charP):
  Found 1 tags.
all_memories(tag unsigned_charP):
  Found 0 memories.
all_tags(tag unsigned_charP):
  Found 1 tags.
all_memories(tag unsigned_charP):
  Found 0 memories.
all_tags(tag unsigned_charP):
  Found 1 tags.
all_memories(tag unsigned_charP):
  Found 0 memories.
all_tags(tag unsigned_charP):
  Found 1 tags.
all_memories(tag unsigned_charP):
  Found 0 memories.
all_allocs(tag unsigned_charP):
  Found 1 allocs.
all_memories(tag unsigned_charP):
  Found 0 memories.
all_allocs(tag unsigned_charP):
  Found 1 allocs.
all_memories(tag unsigned_charP):
  Found 0 memories.
all_allocs(tag unsigned_charP):
  Found 1 allocs.
all_memories(tag unsigned_charP):
  Found 0 memories.
all_allocs(tag unsigned_charP):
  Found 1 allocs.
all_allocs(tag voidP):
  Found 1 allocs.
all_memories(tag voidP):
  Found 0 memories.
all_memories(tag voidP):
  Found 0 memories.
all_allocs(tag voidP):
  Found 1 allocs.
all_allocs(tag voidP):
  Found 1 allocs.
all_memories(tag voidP):
  Found 0 memories.
all_allocs(tag voidP):
  Found 1 allocs.
all_tags(tag voidP):
  Found 1 tags.
all_memories(tag voidP):
  Found 0 memories.
all_memories(tag voidP):
  Found 0 memories.
all_tags(tag voidP):
  Found 1 tags.
all_memories(tag voidP):
  Found 0 memories.
all_tags(tag voidP):
  Found 1 tags.
all_memories(tag voidP):
  Found 0 memories.
all_tags(tag voidP):
  Found 1 tags.
all_memories(tag voidP):
  Found 0 memories.
all_allocs(tag voidP):
  Found 1 allocs.
all_tags(tag voidP):
  Found 1 tags.
all_memories(tag voidP):
  Found 0 memories.
all_allocs(tag voidP):
  Found 1 allocs.
all_memories(tag voidP):
  Found 0 memories.
all_memories(tag voidP):
  Found 0 memories.
all_allocs(tag voidP):
  Found 1 allocs.
all_allocs(tag voidP):
  Found 1 allocs.
all_memories(tag voidP):
  Found 0 memories.
all_memories(tag voidP):
  Found 0 memories.
all_allocs(tag voidP):
  Found 1 allocs.
all_allocs(tag voidP):
  Found 1 allocs.
all_memories(tag voidP):
  Found 0 memories.
all_allocs(tag voidP):
  Found 1 allocs.
all_tags(tag voidP):
  Found 1 tags.
all_memories(tag voidP):
  Found 0 memories.
all_memories(tag voidP):
  Found 0 memories.
all_tags(tag voidP):
  Found 1 tags.
all_memories(tag voidP):
  Found 0 memories.
all_tags(tag voidP):
  Found 1 tags.
all_memories(tag voidP):
  Found 0 memories.
all_tags(tag voidP):
  Found 1 tags.
all_memories(tag voidP):
  Found 0 memories.
all_allocs(tag voidP):
  Found 1 allocs.
all_tags(tag voidP):
  Found 1 tags.
all_memories(tag voidP):
  Found 0 memories.
all_allocs(tag voidP):
  Found 1 allocs.
all_memories(tag voidP):
  Found 0 memories.
all_memories(tag voidP):
  Found 0 memories.
all_allocs(tag voidP):
  Found 1 allocs.
all_allocs(tag voidP):
  Found 1 allocs.
all_tags(tag voidP):
  Found 1 tags.
all_memories(tag voidP):
  Found 0 memories.
all_memories(tag voidP):
  Found 0 memories.
all_tags(tag voidP):
  Found 1 tags.
all_memories(tag voidP):
  Found 0 memories.
all_tags(tag voidP):
  Found 1 tags.
all_memories(tag voidP):
  Found 0 memories.
all_tags(tag voidP):
  Found 1 tags.
all_memories(tag voidP):
  Found 0 memories.
all_allocs(tag voidP):
  Found 1 allocs.
all_tags(tag voidP):
  Found 1 tags.
all_memories(tag voidP):
  Found 0 memories.
all_allocs(tag voidP):
  Found 1 allocs.
all_memories(tag voidP):
  Found 0 memories.
all_memories(tag voidP):
  Found 0 memories.
all_allocs(tag voidP):
  Found 1 allocs.
all_tags(tag voidP):
  Found 1 tags.
all_memories(tag voidP):
  Found 0 memories.
all_allocs(tag voidP):
  Found 1 allocs.
all_memories(tag voidP):
  Found 0 memories.
all_allocs(tag voidP):
  Found 1 allocs.
all_memories(tag voidP):
  Found 0 memories.
all_memories(tag voidP):
  Found 0 memories.
all_tags(tag voidP):
  Found 1 tags.
all_memories(tag voidP):
  Found 0 memories.
all_allocs(tag voidP):
  Found 1 allocs.
all_memories(tag voidP):
  Found 0 memories.
all_tags(tag voidP):
  Found 1 tags.
all_memories(tag voidP):
  Found 0 memories.
all_tags(tag voidP):
  Found 1 tags.
all_memories(tag voidP):
  Found 0 memories.
all_tags(tag voidP):
  Found 1 tags.
all_memories(tag voidP):
  Found 0 memories.
all_tags(tag voidP):
  Found 1 tags.
all_memories(tag voidP):
  Found 0 memories.
all_tags(tag voidP):
  Found 1 tags.
all_memories(tag voidP):
  Found 0 memories.
all_tags(tag voidP):
  Found 1 tags.
all_memories(tag voidP):
  Found 0 memories.
all_allocs(tag voidP):
  Found 1 allocs.
all_memories(tag voidP):
  Found 0 memories.
all_allocs(tag voidP):
  Found 1 allocs.
all_memories(tag voidP):
  Found 0 memories.
all_allocs(tag voidP):
  Found 1 allocs.
all_memories(tag voidP):
  Found 0 memories.
all_allocs(tag voidP):
  Found 1 allocs.
Translate variants
Translate global regions
Translate exceptions
Translate enumerated types
Translate dummies
Translate standalone logic functions
Logic function valid_str
Logic function strlen
Logic function in_array
Logic function strspn
Translate axiomatic declarations
Axiomatic Padding
Axiomatic StrSpn
Axiomatic Strlen
Translate lemmas
Translate functions
Pre-treatement Function strlen
Pre-treatement Function strspn
Function strlen
Function strspn
Produce makefile
