WHYLIB is not set, using /home/mikhail/.opam/4.07.0/lib/jessie as default
Parsing
Normalization
Typing logic labels
Typing code
Typing axiomatic Padding
Typing logic type declaration padding
Typing axiomatic Strlen
Typing axiomatic LF__Axiomatic__valid_str_shiftn
Typing axiomatic LF__Axiomatic__valid_str_shiftn_full
Typing axiomatic LF__Axiomatic__strlen_before_null
Typing axiomatic LF__Axiomatic__strlen_before_null_full
Typing axiomatic LF__Axiomatic__strlen_at_null
Typing axiomatic LF__Axiomatic__strlen_main
Typing axiomatic Padding
Typing tag voidP
Typing tag charP
Typing axiomatic Strlen
Typing axiomatic LF__Axiomatic__valid_str_shiftn
Typing lemma/axiom LF__Lemma__valid_str_shiftn
occurrences table for axiom LF__Lemma__valid_str_shiftn in axiomatic LF__Axiomatic__valid_str_shiftn:
  143: 
  
Typing axiomatic LF__Axiomatic__valid_str_shiftn_full
Typing lemma/axiom LF__Lemma__valid_str_shiftn_full
occurrences table for axiom LF__Lemma__valid_str_shiftn_full in axiomatic LF__Axiomatic__valid_str_shiftn_full:
  144: 
  
Typing axiomatic LF__Axiomatic__strlen_before_null
Typing lemma/axiom LF__Lemma__strlen_before_null
occurrences table for axiom LF__Lemma__strlen_before_null in axiomatic LF__Axiomatic__strlen_before_null:
  145: 
  
Typing axiomatic LF__Axiomatic__strlen_before_null_full
Typing lemma/axiom LF__Lemma__strlen_before_null_full
occurrences table for axiom LF__Lemma__strlen_before_null_full in axiomatic LF__Axiomatic__strlen_before_null_full:
  146: 
  
Typing axiomatic LF__Axiomatic__strlen_at_null
Typing lemma/axiom LF__Lemma__strlen_at_null
occurrences table for axiom LF__Lemma__strlen_at_null in axiomatic LF__Axiomatic__strlen_at_null:
  147: 
  
Typing axiomatic LF__Axiomatic__strlen_main
Typing lemma/axiom LF__Lemma__strlen_main
occurrences table for axiom LF__Lemma__strlen_main in axiomatic LF__Axiomatic__strlen_main:
  148: 
  
Computation of call graph
***********************************
Logic call graph: has 8 components
***********************************
Component 0:
 valid_str calls: 

Component 1:
 strlen calls: strlen

Component 2:
 _LF__Predicate__valid_str_shiftn calls: 

Component 3:
 _LF__Predicate__valid_str_shiftn_full calls: 

Component 4:
 _LF__Predicate__strlen_before_null calls: 

Component 5:
 _LF__Predicate__strlen_before_null_full calls: 

Component 6:
 _LF__Predicate__strlen_at_null calls: 

Component 7:
 _LF__Predicate__strlen_main calls: 

******************************
Call graph: has 11 components
******************************
Component 0:
 elim_valid_str calls: 

Component 1:
 elim_valid_str_full calls: elim_valid_str

Component 2:
 intro_valid_str_full calls: elim_valid_str_full

Component 3:
 elim_strlen calls: elim_valid_str_full,
elim_valid_str_full

Component 4:
 valid_str_shiftn calls: intro_valid_str_full,
elim_valid_str_full,
elim_valid_str_full

Component 5:
 valid_str_shiftn_full calls: valid_str_shiftn,
elim_valid_str_full

Component 6:
 strlen_before_null calls: elim_valid_str_full

Component 7:
 strlen_before_null_full calls: strlen_before_null,
elim_valid_str_full

Component 8:
 strlen_at_null calls: elim_valid_str_full

Component 9:
 strlen_main calls: elim_valid_str_full

Component 10:
 strlen calls: 

Adding invariants
Computation of regions
Separation: treating function elim_valid_str
Separation: treating function elim_valid_str
Separation: treating function elim_valid_str_full
Separation: treating function elim_valid_str_full
Separation: treating function intro_valid_str_full
Separation: treating function intro_valid_str_full
Separation: treating function elim_strlen
Separation: treating function elim_strlen
Separation: treating function valid_str_shiftn
Separation: treating function valid_str_shiftn
Separation: treating function valid_str_shiftn_full
Separation: treating function valid_str_shiftn_full
Separation: treating function strlen_before_null
Separation: treating function strlen_before_null
Separation: treating function strlen_before_null_full
Separation: treating function strlen_before_null_full
Separation: treating function strlen_at_null
Separation: treating function strlen_at_null
Separation: treating function strlen_main
Separation: treating function strlen_main
Separation: treating function strlen
Separation: treating function strlen
Computation of effects
Effects: doing one iteration
Effects: doing one iteration
Effects: fixpoint reached
Effects for logic function valid_str:
 alloc_table: (s_2 : alloc-root "voidP") at (L)
 tag_table: 
 memories: (s_2 : mem-field "charM") at (L)
 raw memories: 
 precise memories: 
 globals: 
 locals: s at (Here)

Effects: doing one iteration
Effects: doing one iteration
Effects: fixpoint reached
Effects for logic function strlen:
 alloc_table: 
 tag_table: 
 memories: (s_0_3 : mem-field "charM") at (L)
 raw memories: 
 precise memories: 
 globals: 
 locals: s_0 at (Here)

Effects: doing one iteration
Effects: fixpoint reached
Effects for logic function _LF__Predicate__valid_str_shiftn:
 alloc_table: 
 tag_table: 
 memories: 
 raw memories: 
 precise memories: 
 globals: 
 locals: 

Effects: doing one iteration
Effects: fixpoint reached
Effects for logic function _LF__Predicate__valid_str_shiftn_full:
 alloc_table: 
 tag_table: 
 memories: 
 raw memories: 
 precise memories: 
 globals: 
 locals: 

Effects: doing one iteration
Effects: fixpoint reached
Effects for logic function _LF__Predicate__strlen_before_null:
 alloc_table: 
 tag_table: 
 memories: 
 raw memories: 
 precise memories: 
 globals: 
 locals: 

Effects: doing one iteration
Effects: fixpoint reached
Effects for logic function _LF__Predicate__strlen_before_null_full:
 alloc_table: 
 tag_table: 
 memories: 
 raw memories: 
 precise memories: 
 globals: 
 locals: 

Effects: doing one iteration
Effects: fixpoint reached
Effects for logic function _LF__Predicate__strlen_at_null:
 alloc_table: 
 tag_table: 
 memories: 
 raw memories: 
 precise memories: 
 globals: 
 locals: 

Effects: doing one iteration
Effects: fixpoint reached
Effects for logic function _LF__Predicate__strlen_main:
 alloc_table: 
 tag_table: 
 memories: 
 raw memories: 
 precise memories: 
 globals: 
 locals: 

Effects: doing one iteration...
Effects: doing one iteration...
Effects: doing one iteration...
Effects: doing one iteration...
Effects: fixpoint reached
Effects for function elim_valid_str:
 reads:  alloc_table: (s_0_4 : alloc-root "voidP") at (Here)
         tag_table: (s_0_4 : voidP) at (Here)
         memories: (s_0_4 : mem-field "charM") at (Here)
         raw memories: (s_0_4 : mem-field "charM") at (Here)
         precise memories: 
         globals: 
         locals: __retres at (Here), i_2 at (Here), \result at (Here),
                 s_0 at (Here)

 writes:  alloc_table: 
          tag_table: 
          memories: 
          raw memories: 
          precise memories: 
          globals: 
          locals: __retres at (Here), i_2 at (Here)

 raises: 
Effects: doing one iteration...
Effects: doing one iteration...
Effects: doing one iteration...
Effects: fixpoint reached
Effects for function elim_valid_str_full:
 reads:  alloc_table: (s_1_5 : alloc-root "voidP") at (Here)
         tag_table: (s_1_5 : voidP) at (Here)
         memories: (s_1_5 : mem-field "charM") at (Here)
         raw memories: (s_1_5 : mem-field "charM") at (Here)
         precise memories: 
         globals: 
         locals: __retres_0 at (Here), i_3 at (Here), size_1 at (Here),
                 \result at (Here), s_1 at (Here)

 writes:  alloc_table: 
          tag_table: 
          memories: 
          raw memories: 
          precise memories: 
          globals: 
          locals: __retres_0 at (Here), i_3 at (Here), size_1 at (Here)

 raises: 
Effects: doing one iteration...
Effects: doing one iteration...
Effects: doing one iteration...
Effects: fixpoint reached
Effects for function intro_valid_str_full:
 reads:  alloc_table: (s_2_6 : alloc-root "voidP") at (Here)
         tag_table: (s_2_6 : voidP) at (Here)
         memories: (s_2_6 : mem-field "charM") at (Here)
         raw memories: (s_2_6 : mem-field "charM") at (Here)
         precise memories: 
         globals: 
         locals: n at (Here), s_2 at (Here)

 writes:  alloc_table: 
          tag_table: 
          memories: 
          raw memories: 
          precise memories: 
          globals: 
          locals: 

 raises: 
Effects: doing one iteration...
Effects: doing one iteration...
Effects: doing one iteration...
Effects: fixpoint reached
Effects for function elim_strlen:
 reads:  alloc_table: (s_7 : alloc-root "voidP") at (Here)
         tag_table: (s_7 : voidP) at (Here)
         memories: (s_7 : mem-field "charM") at (Here)
         raw memories: (s_7 : mem-field "charM") at (Here)
         precise memories: 
         globals: 
         locals: s at (Here)

 writes:  alloc_table: 
          tag_table: 
          memories: 
          raw memories: 
          precise memories: 
          globals: 
          locals: size1 at (Here), size_2 at (Here)

 raises: 
Effects: doing one iteration...
Effects: doing one iteration...
Effects: doing one iteration...
Effects: fixpoint reached
Effects for function valid_str_shiftn:
 reads:  alloc_table: (s_8_8 : alloc-root "voidP") at (Here)
         tag_table: (s_8_8 : voidP) at (Here)
         memories: (s_8_8 : mem-field "charM") at (Here)
         raw memories: (s_8_8 : mem-field "charM") at (Here)
         precise memories: 
         globals: 
         locals: size_3 at (Here), j at (Here), i_1 at (Here), s_8 at (Here)

 writes:  alloc_table: 
          tag_table: 
          memories: 
          raw memories: 
          precise memories: 
          globals: 
          locals: size_3 at (Here), j at (Here)

 raises: 
Effects: doing one iteration...
Effects: doing one iteration...
Effects: doing one iteration...
Effects: fixpoint reached
Effects for function valid_str_shiftn_full:
 reads:  alloc_table: (s_9_9 : alloc-root "voidP") at (Here)
         tag_table: (s_9_9 : voidP) at (Here)
         memories: (s_9_9 : mem-field "charM") at (Here)
         raw memories: (s_9_9 : mem-field "charM") at (Here)
         precise memories: 
         globals: 
         locals: i_4 at (Here), size_4 at (Here), s_9 at (Here)

 writes:  alloc_table: 
          tag_table: 
          memories: 
          raw memories: 
          precise memories: 
          globals: 
          locals: i_4 at (Here), size_4 at (Here)

 raises: 
Effects: doing one iteration...
Effects: doing one iteration...
Effects: doing one iteration...
Effects: fixpoint reached
Effects for function strlen_before_null:
 reads:  alloc_table: (s_5_10 : alloc-root "voidP") at (Here)
         tag_table: (s_5_10 : voidP) at (Here)
         memories: (s_5_10 : mem-field "charM") at (Here)
         raw memories: (s_5_10 : mem-field "charM") at (Here)
         precise memories: 
         globals: 
         locals: i_0 at (Here), s_5 at (Here)

 writes:  alloc_table: 
          tag_table: 
          memories: 
          raw memories: 
          precise memories: 
          globals: 
          locals: 

 raises: 
Effects: doing one iteration...
Effects: doing one iteration...
Effects: doing one iteration...
Effects: fixpoint reached
Effects for function strlen_before_null_full:
 reads:  alloc_table: (s_6_11 : alloc-root "voidP") at (Here)
         tag_table: (s_6_11 : voidP) at (Here)
         memories: (s_6_11 : mem-field "charM") at (Here)
         raw memories: (s_6_11 : mem-field "charM") at (Here)
         precise memories: 
         globals: 
         locals: i_5 at (Here), size_5 at (Here), s_6 at (Here)

 writes:  alloc_table: 
          tag_table: 
          memories: 
          raw memories: 
          precise memories: 
          globals: 
          locals: i_5 at (Here), size_5 at (Here)

 raises: 
Effects: doing one iteration...
Effects: doing one iteration...
Effects: doing one iteration...
Effects: fixpoint reached
Effects for function strlen_at_null:
 reads:  alloc_table: (s_4_12 : alloc-root "voidP") at (Here)
         tag_table: (s_4_12 : voidP) at (Here)
         memories: (s_4_12 : mem-field "charM") at (Here)
         raw memories: (s_4_12 : mem-field "charM") at (Here)
         precise memories: 
         globals: 
         locals: s_4 at (Here)

 writes:  alloc_table: 
          tag_table: 
          memories: 
          raw memories: 
          precise memories: 
          globals: 
          locals: 

 raises: 
Effects: doing one iteration...
Effects: doing one iteration...
Effects: doing one iteration...
Effects: fixpoint reached
Effects for function strlen_main:
 reads:  alloc_table: (s_7_13 : alloc-root "voidP") at (Here)
         tag_table: (s_7_13 : voidP) at (Here)
         memories: (s_7_13 : mem-field "charM") at (Here)
         raw memories: (s_7_13 : mem-field "charM") at (Here)
         precise memories: 
         globals: 
         locals: n_8 at (Here), s_7 at (Here)

 writes:  alloc_table: 
          tag_table: 
          memories: 
          raw memories: 
          precise memories: 
          globals: 
          locals: 

 raises: 
Effects: doing one iteration...
Effects: doing one iteration...
Effects: doing one iteration...
Effects: doing one iteration...
Effects: fixpoint reached
Effects for function strlen:
 reads:  alloc_table: (s_3_14 : alloc-root "voidP") at (Here)
         tag_table: (s_3_14 : voidP) at (Here)
         memories: (s_3_14 : mem-field "charM") at (Here)
         raw memories: (s_3_14 : mem-field "charM") at (Here)
         precise memories: 
         globals: 
         locals: __retres_1 at (Here), sc at (Here), \result at (Here),
                 s_3 at (Here)

 writes:  alloc_table: 
          tag_table: 
          memories: 
          raw memories: 
          precise memories: 
          globals: 
          locals: __retres_1 at (Here), sc at (Here)

 raises: 
Translate logic types
Translate structures
all_allocs(tag charP):
  Found 1 allocs.
all_memories(tag charP):
  Found 0 memories.
all_memories(tag charP):
  Found 0 memories.
all_allocs(tag charP):
  Found 1 allocs.
all_allocs(tag charP):
  Found 1 allocs.
all_memories(tag charP):
  Found 0 memories.
all_allocs(tag charP):
  Found 1 allocs.
all_tags(tag charP):
  Found 1 tags.
all_memories(tag charP):
  Found 0 memories.
all_memories(tag charP):
  Found 0 memories.
all_tags(tag charP):
  Found 1 tags.
all_memories(tag charP):
  Found 0 memories.
all_tags(tag charP):
  Found 1 tags.
all_memories(tag charP):
  Found 0 memories.
all_tags(tag charP):
  Found 1 tags.
all_memories(tag charP):
  Found 0 memories.
all_allocs(tag charP):
  Found 1 allocs.
all_tags(tag charP):
  Found 1 tags.
all_memories(tag charP):
  Found 0 memories.
all_allocs(tag charP):
  Found 1 allocs.
all_memories(tag charP):
  Found 0 memories.
all_memories(tag charP):
  Found 0 memories.
all_allocs(tag charP):
  Found 1 allocs.
all_allocs(tag charP):
  Found 1 allocs.
all_memories(tag charP):
  Found 0 memories.
all_memories(tag charP):
  Found 0 memories.
all_allocs(tag charP):
  Found 1 allocs.
all_allocs(tag charP):
  Found 1 allocs.
all_memories(tag charP):
  Found 0 memories.
all_allocs(tag charP):
  Found 1 allocs.
all_tags(tag charP):
  Found 1 tags.
all_memories(tag charP):
  Found 0 memories.
all_memories(tag charP):
  Found 0 memories.
all_tags(tag charP):
  Found 1 tags.
all_memories(tag charP):
  Found 0 memories.
all_tags(tag charP):
  Found 1 tags.
all_memories(tag charP):
  Found 0 memories.
all_tags(tag charP):
  Found 1 tags.
all_memories(tag charP):
  Found 0 memories.
all_allocs(tag charP):
  Found 1 allocs.
all_tags(tag charP):
  Found 1 tags.
all_memories(tag charP):
  Found 0 memories.
all_allocs(tag charP):
  Found 1 allocs.
all_memories(tag charP):
  Found 0 memories.
all_memories(tag charP):
  Found 0 memories.
all_allocs(tag charP):
  Found 1 allocs.
all_allocs(tag charP):
  Found 1 allocs.
all_tags(tag charP):
  Found 1 tags.
all_memories(tag charP):
  Found 0 memories.
all_memories(tag charP):
  Found 0 memories.
all_tags(tag charP):
  Found 1 tags.
all_memories(tag charP):
  Found 0 memories.
all_tags(tag charP):
  Found 1 tags.
all_memories(tag charP):
  Found 0 memories.
all_tags(tag charP):
  Found 1 tags.
all_memories(tag charP):
  Found 0 memories.
all_allocs(tag charP):
  Found 1 allocs.
all_tags(tag charP):
  Found 1 tags.
all_memories(tag charP):
  Found 0 memories.
all_allocs(tag charP):
  Found 1 allocs.
all_memories(tag charP):
  Found 0 memories.
all_memories(tag charP):
  Found 0 memories.
all_allocs(tag charP):
  Found 1 allocs.
all_tags(tag charP):
  Found 1 tags.
all_memories(tag charP):
  Found 0 memories.
all_allocs(tag charP):
  Found 1 allocs.
all_memories(tag charP):
  Found 0 memories.
all_allocs(tag charP):
  Found 1 allocs.
all_memories(tag charP):
  Found 0 memories.
all_memories(tag charP):
  Found 0 memories.
all_tags(tag charP):
  Found 1 tags.
all_memories(tag voidP):
  Found 0 memories.
all_tags(tag voidP):
  Found 1 tags.
all_memories(tag charP):
  Found 0 memories.
all_allocs(tag charP):
  Found 1 allocs.
all_memories(tag voidP):
  Found 0 memories.
all_allocs(tag voidP):
  Found 1 allocs.
all_memories(tag charP):
  Found 0 memories.
all_tags(tag charP):
  Found 1 tags.
all_memories(tag charP):
  Found 0 memories.
all_tags(tag charP):
  Found 1 tags.
all_memories(tag charP):
  Found 0 memories.
all_tags(tag charP):
  Found 1 tags.
all_memories(tag charP):
  Found 0 memories.
all_tags(tag charP):
  Found 1 tags.
all_memories(tag charP):
  Found 0 memories.
all_tags(tag charP):
  Found 1 tags.
all_memories(tag charP):
  Found 0 memories.
all_tags(tag charP):
  Found 1 tags.
all_memories(tag charP):
  Found 0 memories.
all_allocs(tag charP):
  Found 1 allocs.
all_memories(tag voidP):
  Found 0 memories.
all_allocs(tag voidP):
  Found 1 allocs.
all_memories(tag charP):
  Found 0 memories.
all_allocs(tag charP):
  Found 1 allocs.
all_memories(tag voidP):
  Found 0 memories.
all_allocs(tag voidP):
  Found 1 allocs.
all_memories(tag charP):
  Found 0 memories.
all_allocs(tag charP):
  Found 1 allocs.
all_memories(tag voidP):
  Found 0 memories.
all_allocs(tag voidP):
  Found 1 allocs.
all_memories(tag charP):
  Found 0 memories.
all_allocs(tag charP):
  Found 1 allocs.
all_memories(tag voidP):
  Found 0 memories.
all_allocs(tag voidP):
  Found 1 allocs.
all_allocs(tag voidP):
  Found 1 allocs.
all_memories(tag voidP):
  Found 0 memories.
all_memories(tag voidP):
  Found 0 memories.
all_allocs(tag voidP):
  Found 1 allocs.
all_allocs(tag voidP):
  Found 1 allocs.
all_memories(tag voidP):
  Found 0 memories.
all_allocs(tag voidP):
  Found 1 allocs.
all_tags(tag voidP):
  Found 1 tags.
all_memories(tag voidP):
  Found 0 memories.
all_memories(tag voidP):
  Found 0 memories.
all_tags(tag voidP):
  Found 1 tags.
all_memories(tag voidP):
  Found 0 memories.
all_tags(tag voidP):
  Found 1 tags.
all_memories(tag voidP):
  Found 0 memories.
all_tags(tag voidP):
  Found 1 tags.
all_memories(tag voidP):
  Found 0 memories.
all_allocs(tag voidP):
  Found 1 allocs.
all_tags(tag voidP):
  Found 1 tags.
all_memories(tag voidP):
  Found 0 memories.
all_allocs(tag voidP):
  Found 1 allocs.
all_memories(tag voidP):
  Found 0 memories.
all_memories(tag voidP):
  Found 0 memories.
all_allocs(tag voidP):
  Found 1 allocs.
all_allocs(tag voidP):
  Found 1 allocs.
all_memories(tag voidP):
  Found 0 memories.
all_memories(tag voidP):
  Found 0 memories.
all_allocs(tag voidP):
  Found 1 allocs.
all_allocs(tag voidP):
  Found 1 allocs.
all_memories(tag voidP):
  Found 0 memories.
all_allocs(tag voidP):
  Found 1 allocs.
all_tags(tag voidP):
  Found 1 tags.
all_memories(tag voidP):
  Found 0 memories.
all_memories(tag voidP):
  Found 0 memories.
all_tags(tag voidP):
  Found 1 tags.
all_memories(tag voidP):
  Found 0 memories.
all_tags(tag voidP):
  Found 1 tags.
all_memories(tag voidP):
  Found 0 memories.
all_tags(tag voidP):
  Found 1 tags.
all_memories(tag voidP):
  Found 0 memories.
all_allocs(tag voidP):
  Found 1 allocs.
all_tags(tag voidP):
  Found 1 tags.
all_memories(tag voidP):
  Found 0 memories.
all_allocs(tag voidP):
  Found 1 allocs.
all_memories(tag voidP):
  Found 0 memories.
all_memories(tag voidP):
  Found 0 memories.
all_allocs(tag voidP):
  Found 1 allocs.
all_allocs(tag voidP):
  Found 1 allocs.
all_tags(tag voidP):
  Found 1 tags.
all_memories(tag voidP):
  Found 0 memories.
all_memories(tag voidP):
  Found 0 memories.
all_tags(tag voidP):
  Found 1 tags.
all_memories(tag voidP):
  Found 0 memories.
all_tags(tag voidP):
  Found 1 tags.
all_memories(tag voidP):
  Found 0 memories.
all_tags(tag voidP):
  Found 1 tags.
all_memories(tag voidP):
  Found 0 memories.
all_allocs(tag voidP):
  Found 1 allocs.
all_tags(tag voidP):
  Found 1 tags.
all_memories(tag voidP):
  Found 0 memories.
all_allocs(tag voidP):
  Found 1 allocs.
all_memories(tag voidP):
  Found 0 memories.
all_memories(tag voidP):
  Found 0 memories.
all_allocs(tag voidP):
  Found 1 allocs.
all_tags(tag voidP):
  Found 1 tags.
all_memories(tag voidP):
  Found 0 memories.
all_allocs(tag voidP):
  Found 1 allocs.
all_memories(tag voidP):
  Found 0 memories.
all_allocs(tag voidP):
  Found 1 allocs.
all_memories(tag voidP):
  Found 0 memories.
all_memories(tag voidP):
  Found 0 memories.
all_tags(tag voidP):
  Found 1 tags.
all_memories(tag voidP):
  Found 0 memories.
all_allocs(tag voidP):
  Found 1 allocs.
all_memories(tag voidP):
  Found 0 memories.
all_tags(tag voidP):
  Found 1 tags.
all_memories(tag voidP):
  Found 0 memories.
all_tags(tag voidP):
  Found 1 tags.
all_memories(tag voidP):
  Found 0 memories.
all_tags(tag voidP):
  Found 1 tags.
all_memories(tag voidP):
  Found 0 memories.
all_tags(tag voidP):
  Found 1 tags.
all_memories(tag voidP):
  Found 0 memories.
all_tags(tag voidP):
  Found 1 tags.
all_memories(tag voidP):
  Found 0 memories.
all_tags(tag voidP):
  Found 1 tags.
all_memories(tag voidP):
  Found 0 memories.
all_allocs(tag voidP):
  Found 1 allocs.
all_memories(tag voidP):
  Found 0 memories.
all_allocs(tag voidP):
  Found 1 allocs.
all_memories(tag voidP):
  Found 0 memories.
all_allocs(tag voidP):
  Found 1 allocs.
all_memories(tag voidP):
  Found 0 memories.
all_allocs(tag voidP):
  Found 1 allocs.
Translate variants
Translate global regions
Translate exceptions
Translate enumerated types
Translate dummies
Translate standalone logic functions
Logic function valid_str
Logic function strlen
Logic function _LF__Predicate__valid_str_shiftn
Logic function _LF__Predicate__valid_str_shiftn_full
Logic function _LF__Predicate__strlen_before_null
Logic function _LF__Predicate__strlen_before_null_full
Logic function _LF__Predicate__strlen_at_null
Logic function _LF__Predicate__strlen_main
Translate axiomatic declarations
Axiomatic LF__Axiomatic__strlen_at_null
Axiomatic LF__Axiomatic__strlen_before_null
Axiomatic LF__Axiomatic__strlen_before_null_full
Axiomatic LF__Axiomatic__strlen_main
Axiomatic LF__Axiomatic__valid_str_shiftn
Axiomatic LF__Axiomatic__valid_str_shiftn_full
Axiomatic Padding
Axiomatic Strlen
Translate lemmas
Translate functions
Pre-treatement Function elim_valid_str
Pre-treatement Function elim_valid_str_full
Pre-treatement Function intro_valid_str_full
Pre-treatement Function elim_strlen
Pre-treatement Function valid_str_shiftn
Pre-treatement Function valid_str_shiftn_full
Pre-treatement Function strlen_before_null
Pre-treatement Function strlen_before_null_full
Pre-treatement Function strlen_at_null
Pre-treatement Function strlen_main
Pre-treatement Function strlen
Function elim_valid_str
Function elim_valid_str_full
Function intro_valid_str_full
Function elim_strlen
Function valid_str_shiftn
Function valid_str_shiftn_full
Function strlen_before_null
Function strlen_before_null_full
Function strlen_at_null
Function strlen_main
Function strlen
Produce makefile
