WHYLIB is not set, using /home/work/.opam/astraver/lib/jessie as default
Parsing
Normalization
Typing logic labels
Typing code
Typing axiomatic Padding
Typing logic type declaration padding
Typing axiomatic Ctype
Typing axiomatic Strlen
Typing axiomatic SkipSpaces
Typing axiomatic Padding
Typing tag voidP
Typing tag charP
Typing axiomatic Ctype
Typing lemma/axiom a
Typing lemma/axiom b
Typing lemma/axiom c
Typing lemma/axiom d
Typing lemma/axiom e
Typing lemma/axiom f
Typing lemma/axiom g
Typing lemma/axiom h
Typing lemma/axiom i
Typing lemma/axiom j
Typing lemma/axiom k
Typing lemma/axiom l
Typing lemma/axiom m
Typing lemma/axiom n
Typing lemma/axiom o
Typing lemma/axiom p
Typing lemma/axiom q
Typing lemma/axiom r
Typing lemma/axiom s
Typing lemma/axiom t
Typing lemma/axiom u
Typing lemma/axiom v
Typing lemma/axiom w
Typing lemma/axiom x
Typing lemma/axiom y
Typing lemma/axiom z
Typing lemma/axiom pl
Typing lemma/axiom pu
Typing lemma/axiom tl
Typing lemma/axiom tu
occurrences table for axiom tu in axiomatic Ctype:
  147: 
  146: 
  141: 
  149:  ;
  142:  ;
  144: 
  145: 
  150:  ;
  148: 
  143: 
  
occurrences table for axiom tl in axiomatic Ctype:
  147: 
  146: 
  141:  ;
  149:  ;
  142: 
  144: 
  145: 
  150:  ;
  148: 
  143: 
  
occurrences table for axiom pu in axiomatic Ctype:
  147: 
  146: 
  141:  ;
  149: 
  142: 
  144: 
  145: 
  150:  ;
  148: 
  143: 
  
occurrences table for axiom pl in axiomatic Ctype:
  147: 
  146: 
  141: 
  149:  ;
  142:  ;
  144: 
  145: 
  150: 
  148: 
  143: 
  
occurrences table for axiom z in axiomatic Ctype:
  147: 
  146: 
  141: 
  149:  ;
  142: 
  144: 
  145: 
  150: 
  148: 
  143: 
  
occurrences table for axiom y in axiomatic Ctype:
  147: 
  146: 
  141: 
  149:  ;
  142: 
  144: 
  145: 
  150: 
  148: 
  143: 
  
occurrences table for axiom x in axiomatic Ctype:
  147: 
  146: 
  141: 
  149:  ;
  142: 
  144: 
  145: 
  150: 
  148: 
  143: 
  
occurrences table for axiom w in axiomatic Ctype:
  147: 
  146: 
  141: 
  149:  ;
  142: 
  144: 
  145: 
  150: 
  148: 
  143: 
  
occurrences table for axiom v in axiomatic Ctype:
  147: 
  146: 
  141: 
  149:  ;
  142: 
  144: 
  145: 
  150: 
  148: 
  143: 
  
occurrences table for axiom u in axiomatic Ctype:
  147: 
  146: 
  141: 
  149:  ;
  142: 
  144: 
  145: 
  150: 
  148: 
  143: 
  
occurrences table for axiom t in axiomatic Ctype:
  147: 
  146: 
  141: 
  149:  ;
  142: 
  144: 
  145: 
  150: 
  148: 
  143: 
  
occurrences table for axiom s in axiomatic Ctype:
  147: 
  146: 
  141: 
  149:  ;
  142: 
  144: 
  145: 
  150: 
  148: 
  143: 
  
occurrences table for axiom r in axiomatic Ctype:
  147: 
  146: 
  141: 
  149:  ;
  142: 
  144: 
  145: 
  150: 
  148: 
  143: 
  
occurrences table for axiom q in axiomatic Ctype:
  147: 
  146: 
  141: 
  149:  ;
  142: 
  144: 
  145: 
  150: 
  148: 
  143: 
  
occurrences table for axiom p in axiomatic Ctype:
  147: 
  146: 
  141: 
  149:  ;
  142: 
  144: 
  145: 
  150: 
  148: 
  143: 
  
occurrences table for axiom o in axiomatic Ctype:
  147: 
  146: 
  141: 
  149:  ;
  142: 
  144: 
  145: 
  150: 
  148: 
  143: 
  
occurrences table for axiom n in axiomatic Ctype:
  147: 
  146: 
  141: 
  149:  ;
  142: 
  144: 
  145: 
  150: 
  148: 
  143: 
  
occurrences table for axiom m in axiomatic Ctype:
  147: 
  146: 
  141: 
  149:  ;
  142: 
  144: 
  145: 
  150: 
  148: 
  143: 
  
occurrences table for axiom l in axiomatic Ctype:
  147: 
  146: 
  141: 
  149:  ;
  142: 
  144: 
  145: 
  150: 
  148: 
  143: 
  
occurrences table for axiom k in axiomatic Ctype:
  147: 
  146: 
  141: 
  149:  ;
  142: 
  144: 
  145: 
  150: 
  148: 
  143: 
  
occurrences table for axiom j in axiomatic Ctype:
  147: 
  146: 
  141: 
  149:  ;
  142: 
  144: 
  145: 
  150: 
  148: 
  143: 
  
occurrences table for axiom i in axiomatic Ctype:
  147: 
  146: 
  141: 
  149:  ;
  142: 
  144: 
  145: 
  150: 
  148: 
  143: 
  
occurrences table for axiom h in axiomatic Ctype:
  147: 
  146: 
  141: 
  149:  ;
  142: 
  144: 
  145: 
  150: 
  148: 
  143: 
  
occurrences table for axiom g in axiomatic Ctype:
  147: 
  146: 
  141: 
  149:  ;
  142: 
  144: 
  145: 
  150: 
  148: 
  143: 
  
occurrences table for axiom f in axiomatic Ctype:
  147: 
  146: 
  141: 
  149:  ;
  142: 
  144: 
  145: 
  150: 
  148: 
  143: 
  
occurrences table for axiom e in axiomatic Ctype:
  147: 
  146: 
  141: 
  149:  ;
  142: 
  144: 
  145: 
  150: 
  148: 
  143: 
  
occurrences table for axiom d in axiomatic Ctype:
  147: 
  146: 
  141: 
  149:  ;
  142: 
  144: 
  145: 
  150: 
  148: 
  143: 
  
occurrences table for axiom c in axiomatic Ctype:
  147: 
  146: 
  141: 
  149:  ;
  142: 
  144: 
  145: 
  150: 
  148: 
  143: 
  
occurrences table for axiom b in axiomatic Ctype:
  147: 
  146: 
  141: 
  149:  ;
  142: 
  144: 
  145: 
  150: 
  148: 
  143: 
  
occurrences table for axiom a in axiomatic Ctype:
  147: 
  146: 
  141: 
  149:  ;
  142: 
  144: 
  145: 
  150: 
  148: 
  143: 
  
Typing axiomatic Strlen
Typing lemma/axiom valid_str_shift1
Typing lemma/axiom valid_str_strend
Typing lemma/axiom strlen_before_null
Typing lemma/axiom strlen_at_null
Typing lemma/axiom strlen_shift
Typing lemma/axiom strlen_shift_ex
Typing lemma/axiom strlen_shift1
Typing lemma/axiom strlen_pointers
Typing lemma/axiom strlen_main
Typing lemma/axiom valid_str_shiftn
Typing axiomatic SkipSpaces
Typing lemma/axiom skip_spaces_defn
Typing lemma/axiom skip_spaces_deref
Typing lemma/axiom skip_spaces_range
Typing lemma/axiom skip_spaces_iter_one
Typing lemma/axiom skip_spaces_base_addr
Typing lemma/axiom skip_spaces_same
Typing lemma/axiom skipped_are_spaces
Computation of call graph
***********************************
Logic call graph: has 12 components
***********************************
Component 0:
 islower calls: 

Component 1:
 isupper calls: 

Component 2:
 isalpha calls: islower,
isupper

Component 3:
 isdigit calls: 

Component 4:
 isodigit calls: 

Component 5:
 isalnum calls: isalpha,
isdigit

Component 6:
 isspace calls: 

Component 7:
 isxdigit calls: isdigit

Component 8:
 toupper calls: tolower, tolower, tolower, tolower, tolower,
tolower, tolower, tolower, tolower, tolower, tolower, tolower, tolower,
tolower, tolower, tolower, tolower, tolower, tolower, tolower, tolower,
tolower, tolower, tolower, tolower, tolower, tolower, isupper, toupper,
islower, tolower, toupper, islower, toupper, tolower,
isupper

 tolower calls: tolower, tolower, tolower, tolower, tolower, tolower,
tolower, tolower, tolower, tolower, tolower, tolower, tolower, tolower,
tolower, tolower, tolower, tolower, tolower, tolower, tolower, tolower,
tolower, tolower, tolower, tolower, tolower, isupper, toupper, islower,
tolower, toupper, islower, toupper, tolower,
isupper

Component 9:
 valid_str calls: 

Component 10:
 strlen calls: strlen

Component 11:
 skip_spaces calls: skip_spaces, isspace, isspace, strlen,
valid_str, isspace, skip_spaces, valid_str, strlen, skip_spaces, strlen,
skip_spaces, skip_spaces, skip_spaces, valid_str, skip_spaces, skip_spaces,
isspace, valid_str, skip_spaces, valid_str, skip_spaces, isspace, isspace,
skip_spaces,
valid_str

******************************
Call graph: has 16 components
******************************
Component 0:
 isalnum calls: 

Component 1:
 isalpha calls: 

Component 2:
 islower calls: 

Component 3:
 isspace calls: 

Component 4:
 isupper calls: 

Component 5:
 isxdigit calls: 

Component 6:
 isascii calls: 

Component 7:
 isdigit calls: 

Component 8:
 __tolower calls: 

Component 9:
 __toupper calls: 

Component 10:
 tolower calls: 

Component 11:
 toupper calls: 

Component 12:
 _tolower calls: 

Component 13:
 isodigit calls: 

Component 14:
 strlen calls: 

Component 15:
 skip_spaces calls: isspace

Adding invariants
Computation of regions
Separation: treating function isalnum
Separation: treating function isalnum
Separation: treating function isalpha
Separation: treating function isalpha
Separation: treating function islower
Separation: treating function islower
Separation: treating function isspace
Separation: treating function isspace
Separation: treating function isupper
Separation: treating function isupper
Separation: treating function isxdigit
Separation: treating function isxdigit
Separation: treating function isascii
Separation: treating function isascii
Separation: treating function isdigit
Separation: treating function isdigit
Separation: treating function __tolower
Separation: treating function __tolower
Separation: treating function __toupper
Separation: treating function __toupper
Separation: treating function tolower
Separation: treating function tolower
Separation: treating function toupper
Separation: treating function toupper
Separation: treating function _tolower
Separation: treating function _tolower
Separation: treating function isodigit
Separation: treating function isodigit
Separation: treating function strlen
Separation: treating function strlen
Separation: treating function skip_spaces
Separation: treating function skip_spaces
Computation of effects
Effects: doing one iteration
Effects: doing one iteration
Effects: fixpoint reached
Effects for logic function islower:
 alloc_table: 
 tag_table: 
 memories: 
 raw memories: 
 precise memories: 
 globals: 
 locals: c at (Here)

Effects: doing one iteration
Effects: doing one iteration
Effects: fixpoint reached
Effects for logic function isupper:
 alloc_table: 
 tag_table: 
 memories: 
 raw memories: 
 precise memories: 
 globals: 
 locals: c_0 at (Here)

Effects: doing one iteration
Effects: doing one iteration
Effects: fixpoint reached
Effects for logic function isalpha:
 alloc_table: 
 tag_table: 
 memories: 
 raw memories: 
 precise memories: 
 globals: 
 locals: c_1 at (Here)

Effects: doing one iteration
Effects: doing one iteration
Effects: fixpoint reached
Effects for logic function isdigit:
 alloc_table: 
 tag_table: 
 memories: 
 raw memories: 
 precise memories: 
 globals: 
 locals: c_2 at (Here)

Effects: doing one iteration
Effects: doing one iteration
Effects: fixpoint reached
Effects for logic function isodigit:
 alloc_table: 
 tag_table: 
 memories: 
 raw memories: 
 precise memories: 
 globals: 
 locals: c_3 at (Here)

Effects: doing one iteration
Effects: doing one iteration
Effects: fixpoint reached
Effects for logic function isalnum:
 alloc_table: 
 tag_table: 
 memories: 
 raw memories: 
 precise memories: 
 globals: 
 locals: c_4 at (Here)

Effects: doing one iteration
Effects: doing one iteration
Effects: fixpoint reached
Effects for logic function isspace:
 alloc_table: 
 tag_table: 
 memories: 
 raw memories: 
 precise memories: 
 globals: 
 locals: c_5 at (Here)

Effects: doing one iteration
Effects: doing one iteration
Effects: fixpoint reached
Effects for logic function isxdigit:
 alloc_table: 
 tag_table: 
 memories: 
 raw memories: 
 precise memories: 
 globals: 
 locals: c_6 at (Here)

Effects: doing one iteration
Effects: fixpoint reached
Effects for logic function toupper:
 alloc_table: 
 tag_table: 
 memories: 
 raw memories: 
 precise memories: 
 globals: 
 locals: 

Effects for logic function tolower:
 alloc_table: 
 tag_table: 
 memories: 
 raw memories: 
 precise memories: 
 globals: 
 locals: 

Effects: doing one iteration
Effects: doing one iteration
Effects: fixpoint reached
Effects for logic function valid_str:
 alloc_table: (s_2 : alloc-root "voidP") at (L)
 tag_table: 
 memories: (s_2 : mem-field "charM") at (L)
 raw memories: 
 precise memories: 
 globals: 
 locals: s at (Here)

Effects: doing one iteration
Effects: doing one iteration
Effects: fixpoint reached
Effects for logic function strlen:
 alloc_table: 
 tag_table: 
 memories: (s_2_3 : mem-field "charM") at (L)
 raw memories: 
 precise memories: 
 globals: 
 locals: s_2 at (Here)

Effects: doing one iteration
Effects: fixpoint reached
Effects for logic function skip_spaces:
 alloc_table: 
 tag_table: 
 memories: 
 raw memories: 
 precise memories: 
 globals: 
 locals: 

Effects: doing one iteration...
Effects: doing one iteration...
Effects: doing one iteration...
Effects: fixpoint reached
Effects for function isalnum:
 reads:  alloc_table: 
         tag_table: 
         memories: 
         raw memories: 
         precise memories: 
         globals: 
         locals: \result at (Here), c_2 at (Here)

 writes:  alloc_table: 
          tag_table: 
          memories: 
          raw memories: 
          precise memories: 
          globals: 
          locals: 

 raises: 
Effects: doing one iteration...
Effects: doing one iteration...
Effects: doing one iteration...
Effects: fixpoint reached
Effects for function isalpha:
 reads:  alloc_table: 
         tag_table: 
         memories: 
         raw memories: 
         precise memories: 
         globals: 
         locals: \result at (Here), c_3 at (Here)

 writes:  alloc_table: 
          tag_table: 
          memories: 
          raw memories: 
          precise memories: 
          globals: 
          locals: 

 raises: 
Effects: doing one iteration...
Effects: doing one iteration...
Effects: doing one iteration...
Effects: fixpoint reached
Effects for function islower:
 reads:  alloc_table: 
         tag_table: 
         memories: 
         raw memories: 
         precise memories: 
         globals: 
         locals: \result at (Here), c_6 at (Here)

 writes:  alloc_table: 
          tag_table: 
          memories: 
          raw memories: 
          precise memories: 
          globals: 
          locals: 

 raises: 
Effects: doing one iteration...
Effects: doing one iteration...
Effects: doing one iteration...
Effects: fixpoint reached
Effects for function isspace:
 reads:  alloc_table: 
         tag_table: 
         memories: 
         raw memories: 
         precise memories: 
         globals: 
         locals: \result at (Here), c_8 at (Here)

 writes:  alloc_table: 
          tag_table: 
          memories: 
          raw memories: 
          precise memories: 
          globals: 
          locals: 

 raises: 
Effects: doing one iteration...
Effects: doing one iteration...
Effects: doing one iteration...
Effects: fixpoint reached
Effects for function isupper:
 reads:  alloc_table: 
         tag_table: 
         memories: 
         raw memories: 
         precise memories: 
         globals: 
         locals: \result at (Here), c_9 at (Here)

 writes:  alloc_table: 
          tag_table: 
          memories: 
          raw memories: 
          precise memories: 
          globals: 
          locals: 

 raises: 
Effects: doing one iteration...
Effects: doing one iteration...
Effects: doing one iteration...
Effects: fixpoint reached
Effects for function isxdigit:
 reads:  alloc_table: 
         tag_table: 
         memories: 
         raw memories: 
         precise memories: 
         globals: 
         locals: \result at (Here), c_10 at (Here)

 writes:  alloc_table: 
          tag_table: 
          memories: 
          raw memories: 
          precise memories: 
          globals: 
          locals: 

 raises: 
Effects: doing one iteration...
Effects: doing one iteration...
Effects: doing one iteration...
Effects: fixpoint reached
Effects for function isascii:
 reads:  alloc_table: 
         tag_table: 
         memories: 
         raw memories: 
         precise memories: 
         globals: 
         locals: \result at (Here), c_4 at (Here)

 writes:  alloc_table: 
          tag_table: 
          memories: 
          raw memories: 
          precise memories: 
          globals: 
          locals: 

 raises: 
Effects: doing one iteration...
Effects: doing one iteration...
Effects: doing one iteration...
Effects: fixpoint reached
Effects for function isdigit:
 reads:  alloc_table: 
         tag_table: 
         memories: 
         raw memories: 
         precise memories: 
         globals: 
         locals: \result at (Here), c_5 at (Here)

 writes:  alloc_table: 
          tag_table: 
          memories: 
          raw memories: 
          precise memories: 
          globals: 
          locals: 

 raises: 
Effects: doing one iteration...
Effects: doing one iteration...
Effects: doing one iteration...
Effects: fixpoint reached
Effects for function __tolower:
 reads:  alloc_table: 
         tag_table: 
         memories: 
         raw memories: 
         precise memories: 
         globals: 
         locals: \result at (Here), c at (Here)

 writes:  alloc_table: 
          tag_table: 
          memories: 
          raw memories: 
          precise memories: 
          globals: 
          locals: 

 raises: 
Effects: doing one iteration...
Effects: doing one iteration...
Effects: doing one iteration...
Effects: fixpoint reached
Effects for function __toupper:
 reads:  alloc_table: 
         tag_table: 
         memories: 
         raw memories: 
         precise memories: 
         globals: 
         locals: \result at (Here), c_0 at (Here)

 writes:  alloc_table: 
          tag_table: 
          memories: 
          raw memories: 
          precise memories: 
          globals: 
          locals: 

 raises: 
Effects: doing one iteration...
Effects: doing one iteration...
Effects: doing one iteration...
Effects: fixpoint reached
Effects for function tolower:
 reads:  alloc_table: 
         tag_table: 
         memories: 
         raw memories: 
         precise memories: 
         globals: 
         locals: \result at (Here), c_11 at (Here)

 writes:  alloc_table: 
          tag_table: 
          memories: 
          raw memories: 
          precise memories: 
          globals: 
          locals: 

 raises: 
Effects: doing one iteration...
Effects: doing one iteration...
Effects: doing one iteration...
Effects: fixpoint reached
Effects for function toupper:
 reads:  alloc_table: 
         tag_table: 
         memories: 
         raw memories: 
         precise memories: 
         globals: 
         locals: \result at (Here), c_12 at (Here)

 writes:  alloc_table: 
          tag_table: 
          memories: 
          raw memories: 
          precise memories: 
          globals: 
          locals: 

 raises: 
Effects: doing one iteration...
Effects: doing one iteration...
Effects: doing one iteration...
Effects: fixpoint reached
Effects for function _tolower:
 reads:  alloc_table: 
         tag_table: 
         memories: 
         raw memories: 
         precise memories: 
         globals: 
         locals: \result at (Here), c_1 at (Here)

 writes:  alloc_table: 
          tag_table: 
          memories: 
          raw memories: 
          precise memories: 
          globals: 
          locals: 

 raises: 
Effects: doing one iteration...
Effects: doing one iteration...
Effects: doing one iteration...
Effects: fixpoint reached
Effects for function isodigit:
 reads:  alloc_table: 
         tag_table: 
         memories: 
         raw memories: 
         precise memories: 
         globals: 
         locals: \result at (Here), c_7 at (Here)

 writes:  alloc_table: 
          tag_table: 
          memories: 
          raw memories: 
          precise memories: 
          globals: 
          locals: 

 raises: 
Effects: doing one iteration...
Effects: doing one iteration...
Effects: doing one iteration...
Effects: doing one iteration...
Effects: fixpoint reached
Effects for function strlen:
 reads:  alloc_table: (s_4 : alloc-root "voidP") at (Here)
         tag_table: 
         memories: (s_4 : mem-field "charM") at (Here)
         raw memories: (s_4 : mem-field "charM") at (Here)
         precise memories: 
         globals: 
         locals: \result at (Here), s at (Here)

 writes:  alloc_table: 
          tag_table: 
          memories: 
          raw memories: 
          precise memories: 
          globals: 
          locals: 

 raises: 
Effects: doing one iteration...
Effects: doing one iteration...
Effects: doing one iteration...
Effects: doing one iteration...
Effects: fixpoint reached
Effects for function skip_spaces:
 reads:  alloc_table: (str_7 : alloc-root "voidP") at (Here)
         tag_table: (str_7 : voidP) at (Here)
         memories: (str_7 : mem-field "charM") at (Here)
         raw memories: (str_7 : mem-field "charM") at (Here)
         precise memories: 
         globals: 
         locals: __retres at (Here), tmp at (Here), \result at (Here),
                 str at (Here, Old)

 writes:  alloc_table: 
          tag_table: 
          memories: 
          raw memories: 
          precise memories: 
          globals: 
          locals: __retres at (Here), tmp at (Here), ostr at (Here),
                  str at (Here)

 raises: 
Translate logic types
Translate structures
all_allocs(tag charP):
  Found 1 allocs.
all_memories(tag charP):
  Found 0 memories.
all_memories(tag charP):
  Found 0 memories.
all_allocs(tag charP):
  Found 1 allocs.
all_allocs(tag charP):
  Found 1 allocs.
all_memories(tag charP):
  Found 0 memories.
all_allocs(tag charP):
  Found 1 allocs.
all_tags(tag charP):
  Found 1 tags.
all_memories(tag charP):
  Found 0 memories.
all_memories(tag charP):
  Found 0 memories.
all_tags(tag charP):
  Found 1 tags.
all_memories(tag charP):
  Found 0 memories.
all_tags(tag charP):
  Found 1 tags.
all_memories(tag charP):
  Found 0 memories.
all_tags(tag charP):
  Found 1 tags.
all_memories(tag charP):
  Found 0 memories.
all_allocs(tag charP):
  Found 1 allocs.
all_tags(tag charP):
  Found 1 tags.
all_memories(tag charP):
  Found 0 memories.
all_allocs(tag charP):
  Found 1 allocs.
all_memories(tag charP):
  Found 0 memories.
all_memories(tag charP):
  Found 0 memories.
all_allocs(tag charP):
  Found 1 allocs.
all_allocs(tag charP):
  Found 1 allocs.
all_memories(tag charP):
  Found 0 memories.
all_memories(tag charP):
  Found 0 memories.
all_allocs(tag charP):
  Found 1 allocs.
all_allocs(tag charP):
  Found 1 allocs.
all_memories(tag charP):
  Found 0 memories.
all_allocs(tag charP):
  Found 1 allocs.
all_tags(tag charP):
  Found 1 tags.
all_memories(tag charP):
  Found 0 memories.
all_memories(tag charP):
  Found 0 memories.
all_tags(tag charP):
  Found 1 tags.
all_memories(tag charP):
  Found 0 memories.
all_tags(tag charP):
  Found 1 tags.
all_memories(tag charP):
  Found 0 memories.
all_tags(tag charP):
  Found 1 tags.
all_memories(tag charP):
  Found 0 memories.
all_allocs(tag charP):
  Found 1 allocs.
all_tags(tag charP):
  Found 1 tags.
all_memories(tag charP):
  Found 0 memories.
all_allocs(tag charP):
  Found 1 allocs.
all_memories(tag charP):
  Found 0 memories.
all_memories(tag charP):
  Found 0 memories.
all_allocs(tag charP):
  Found 1 allocs.
all_allocs(tag charP):
  Found 1 allocs.
all_tags(tag charP):
  Found 1 tags.
all_memories(tag charP):
  Found 0 memories.
all_memories(tag charP):
  Found 0 memories.
all_tags(tag charP):
  Found 1 tags.
all_memories(tag charP):
  Found 0 memories.
all_tags(tag charP):
  Found 1 tags.
all_memories(tag charP):
  Found 0 memories.
all_tags(tag charP):
  Found 1 tags.
all_memories(tag charP):
  Found 0 memories.
all_allocs(tag charP):
  Found 1 allocs.
all_tags(tag charP):
  Found 1 tags.
all_memories(tag charP):
  Found 0 memories.
all_allocs(tag charP):
  Found 1 allocs.
all_memories(tag charP):
  Found 0 memories.
all_memories(tag charP):
  Found 0 memories.
all_allocs(tag charP):
  Found 1 allocs.
all_tags(tag charP):
  Found 1 tags.
all_memories(tag charP):
  Found 0 memories.
all_allocs(tag charP):
  Found 1 allocs.
all_memories(tag charP):
  Found 0 memories.
all_allocs(tag charP):
  Found 1 allocs.
all_memories(tag charP):
  Found 0 memories.
all_memories(tag charP):
  Found 0 memories.
all_tags(tag charP):
  Found 1 tags.
all_memories(tag voidP):
  Found 0 memories.
all_tags(tag voidP):
  Found 1 tags.
all_memories(tag charP):
  Found 0 memories.
all_allocs(tag charP):
  Found 1 allocs.
all_memories(tag voidP):
  Found 0 memories.
all_allocs(tag voidP):
  Found 1 allocs.
all_memories(tag charP):
  Found 0 memories.
all_tags(tag charP):
  Found 1 tags.
all_memories(tag charP):
  Found 0 memories.
all_tags(tag charP):
  Found 1 tags.
all_memories(tag charP):
  Found 0 memories.
all_tags(tag charP):
  Found 1 tags.
all_memories(tag charP):
  Found 0 memories.
all_tags(tag charP):
  Found 1 tags.
all_memories(tag charP):
  Found 0 memories.
all_tags(tag charP):
  Found 1 tags.
all_memories(tag charP):
  Found 0 memories.
all_tags(tag charP):
  Found 1 tags.
all_memories(tag charP):
  Found 0 memories.
all_allocs(tag charP):
  Found 1 allocs.
all_memories(tag voidP):
  Found 0 memories.
all_allocs(tag voidP):
  Found 1 allocs.
all_memories(tag charP):
  Found 0 memories.
all_allocs(tag charP):
  Found 1 allocs.
all_memories(tag voidP):
  Found 0 memories.
all_allocs(tag voidP):
  Found 1 allocs.
all_memories(tag charP):
  Found 0 memories.
all_allocs(tag charP):
  Found 1 allocs.
all_memories(tag voidP):
  Found 0 memories.
all_allocs(tag voidP):
  Found 1 allocs.
all_memories(tag charP):
  Found 0 memories.
all_allocs(tag charP):
  Found 1 allocs.
all_memories(tag voidP):
  Found 0 memories.
all_allocs(tag voidP):
  Found 1 allocs.
all_allocs(tag voidP):
  Found 1 allocs.
all_memories(tag voidP):
  Found 0 memories.
all_memories(tag voidP):
  Found 0 memories.
all_allocs(tag voidP):
  Found 1 allocs.
all_allocs(tag voidP):
  Found 1 allocs.
all_memories(tag voidP):
  Found 0 memories.
all_allocs(tag voidP):
  Found 1 allocs.
all_tags(tag voidP):
  Found 1 tags.
all_memories(tag voidP):
  Found 0 memories.
all_memories(tag voidP):
  Found 0 memories.
all_tags(tag voidP):
  Found 1 tags.
all_memories(tag voidP):
  Found 0 memories.
all_tags(tag voidP):
  Found 1 tags.
all_memories(tag voidP):
  Found 0 memories.
all_tags(tag voidP):
  Found 1 tags.
all_memories(tag voidP):
  Found 0 memories.
all_allocs(tag voidP):
  Found 1 allocs.
all_tags(tag voidP):
  Found 1 tags.
all_memories(tag voidP):
  Found 0 memories.
all_allocs(tag voidP):
  Found 1 allocs.
all_memories(tag voidP):
  Found 0 memories.
all_memories(tag voidP):
  Found 0 memories.
all_allocs(tag voidP):
  Found 1 allocs.
all_allocs(tag voidP):
  Found 1 allocs.
all_memories(tag voidP):
  Found 0 memories.
all_memories(tag voidP):
  Found 0 memories.
all_allocs(tag voidP):
  Found 1 allocs.
all_allocs(tag voidP):
  Found 1 allocs.
all_memories(tag voidP):
  Found 0 memories.
all_allocs(tag voidP):
  Found 1 allocs.
all_tags(tag voidP):
  Found 1 tags.
all_memories(tag voidP):
  Found 0 memories.
all_memories(tag voidP):
  Found 0 memories.
all_tags(tag voidP):
  Found 1 tags.
all_memories(tag voidP):
  Found 0 memories.
all_tags(tag voidP):
  Found 1 tags.
all_memories(tag voidP):
  Found 0 memories.
all_tags(tag voidP):
  Found 1 tags.
all_memories(tag voidP):
  Found 0 memories.
all_allocs(tag voidP):
  Found 1 allocs.
all_tags(tag voidP):
  Found 1 tags.
all_memories(tag voidP):
  Found 0 memories.
all_allocs(tag voidP):
  Found 1 allocs.
all_memories(tag voidP):
  Found 0 memories.
all_memories(tag voidP):
  Found 0 memories.
all_allocs(tag voidP):
  Found 1 allocs.
all_allocs(tag voidP):
  Found 1 allocs.
all_tags(tag voidP):
  Found 1 tags.
all_memories(tag voidP):
  Found 0 memories.
all_memories(tag voidP):
  Found 0 memories.
all_tags(tag voidP):
  Found 1 tags.
all_memories(tag voidP):
  Found 0 memories.
all_tags(tag voidP):
  Found 1 tags.
all_memories(tag voidP):
  Found 0 memories.
all_tags(tag voidP):
  Found 1 tags.
all_memories(tag voidP):
  Found 0 memories.
all_allocs(tag voidP):
  Found 1 allocs.
all_tags(tag voidP):
  Found 1 tags.
all_memories(tag voidP):
  Found 0 memories.
all_allocs(tag voidP):
  Found 1 allocs.
all_memories(tag voidP):
  Found 0 memories.
all_memories(tag voidP):
  Found 0 memories.
all_allocs(tag voidP):
  Found 1 allocs.
all_tags(tag voidP):
  Found 1 tags.
all_memories(tag voidP):
  Found 0 memories.
all_allocs(tag voidP):
  Found 1 allocs.
all_memories(tag voidP):
  Found 0 memories.
all_allocs(tag voidP):
  Found 1 allocs.
all_memories(tag voidP):
  Found 0 memories.
all_memories(tag voidP):
  Found 0 memories.
all_tags(tag voidP):
  Found 1 tags.
all_memories(tag voidP):
  Found 0 memories.
all_allocs(tag voidP):
  Found 1 allocs.
all_memories(tag voidP):
  Found 0 memories.
all_tags(tag voidP):
  Found 1 tags.
all_memories(tag voidP):
  Found 0 memories.
all_tags(tag voidP):
  Found 1 tags.
all_memories(tag voidP):
  Found 0 memories.
all_tags(tag voidP):
  Found 1 tags.
all_memories(tag voidP):
  Found 0 memories.
all_tags(tag voidP):
  Found 1 tags.
all_memories(tag voidP):
  Found 0 memories.
all_tags(tag voidP):
  Found 1 tags.
all_memories(tag voidP):
  Found 0 memories.
all_tags(tag voidP):
  Found 1 tags.
all_memories(tag voidP):
  Found 0 memories.
all_allocs(tag voidP):
  Found 1 allocs.
all_memories(tag voidP):
  Found 0 memories.
all_allocs(tag voidP):
  Found 1 allocs.
all_memories(tag voidP):
  Found 0 memories.
all_allocs(tag voidP):
  Found 1 allocs.
all_memories(tag voidP):
  Found 0 memories.
all_allocs(tag voidP):
  Found 1 allocs.
Translate variants
Translate global regions
Translate exceptions
Translate enumerated types
Translate dummies
Translate standalone logic functions
Logic function islower
Logic function isupper
Logic function isalpha
Logic function isdigit
Logic function isodigit
Logic function isalnum
Logic function isspace
Logic function isxdigit
Logic function tolower
Logic function toupper
Logic function valid_str
Logic function strlen
Logic function skip_spaces
Translate axiomatic declarations
Axiomatic Ctype
Axiomatic Padding
Axiomatic SkipSpaces
Axiomatic Strlen
Translate lemmas
Translate functions
Pre-treatement Function isalnum
Pre-treatement Function isalpha
Pre-treatement Function islower
Pre-treatement Function isspace
Pre-treatement Function isupper
Pre-treatement Function isxdigit
Pre-treatement Function isascii
Pre-treatement Function isdigit
Pre-treatement Function __tolower
Pre-treatement Function __toupper
Pre-treatement Function tolower
Pre-treatement Function toupper
Pre-treatement Function _tolower
Pre-treatement Function isodigit
Pre-treatement Function strlen
Pre-treatement Function skip_spaces
Function isalnum
Function isalpha
Function islower
Function isspace
Function isupper
Function isxdigit
Function isascii
Function isdigit
Function __tolower
Function __toupper
Function tolower
Function toupper
Function _tolower
Function isodigit
Function strlen
Function skip_spaces
Produce makefile
